[ 2016-03-28T14:37:08+08:00 ] 118.112.56.51 /bambin/
INFO: [ app_init ] --START--
INFO: Run Behavior\BuildLiteBehavior [ RunTime:0.000033s ]
INFO: [ app_init ] --END-- [ RunTime:0.002463s ]
INFO: [ app_begin ] --START--
INFO: Run Behavior\ReadHtmlCacheBehavior [ RunTime:0.002057s ]
INFO: [ app_begin ] --END-- [ RunTime:0.002160s ]
SQL: SHOW COLUMNS FROM `bm_nav` [ RunTime:0.0398s ]
SQL: SHOW COLUMNS FROM `bm_nav` [ RunTime:0.0006s ]
SQL: SELECT `name`,`url` FROM `bm_nav` WHERE ( is_head=1 ) ORDER BY sort asc  [ RunTime:0.0061s ]
SQL: SHOW COLUMNS FROM `bm_myinfor` [ RunTime:0.0174s ]
SQL: SELECT `copyright`,`address` FROM `bm_myinfor` WHERE ( id=1 ) LIMIT 1   [ RunTime:0.0071s ]
SQL: SHOW COLUMNS FROM `bm_about` [ RunTime:0.0157s ]
SQL: SELECT `img`,`info` FROM `bm_about` ORDER BY id desc LIMIT 1   [ RunTime:0.0075s ]
SQL: SHOW COLUMNS FROM `bm_recommend` [ RunTime:0.0207s ]
SQL: SELECT `goods_id` FROM `bm_recommend` ORDER BY sort asc  [ RunTime:0.0028s ]
SQL: SHOW COLUMNS FROM `bm_goods` [ RunTime:0.0185s ]
SQL: SELECT `id`,`name`,`info`,`img_thumb` FROM `bm_goods` WHERE ( id=6 ) LIMIT 1   [ RunTime:0.0073s ]
SQL: SELECT `id`,`name`,`info`,`img_thumb` FROM `bm_goods` WHERE ( id=7 ) LIMIT 1   [ RunTime:0.0003s ]
SQL: SHOW COLUMNS FROM `bm_news` [ RunTime:0.0080s ]
SQL: SELECT `id`,`title`,`time` FROM `bm_news` WHERE ( is_top=1 ) ORDER BY time desc  [ RunTime:0.0057s ]
INFO: [ view_parse ] --START--
INFO: [ template_filter ] --START--
INFO: Run Behavior\ContentReplaceBehavior [ RunTime:0.000076s ]
INFO: [ template_filter ] --END-- [ RunTime:0.000144s ]
NOTIC: [8] Undefined variable: user /mnt/www/web/e005151611/public_html/bambin/Application/Runtime/Cache/Home/2a94b8bda04ff446dcedd42276fc99ee.php 第 19 行.
INFO: Run Behavior\ParseTemplateBehavior [ RunTime:0.142353s ]
INFO: [ view_parse ] --END-- [ RunTime:0.142473s ]
INFO: [ view_filter ] --START--
INFO: Run Behavior\WriteHtmlCacheBehavior [ RunTime:0.001378s ]
INFO: [ view_filter ] --END-- [ RunTime:0.001461s ]
INFO: [ app_end ] --START--
INFO: Run Behavior\ShowPageTraceBehavior [ RunTime:0.001906s ]
INFO: [ app_end ] --END-- [ RunTime:0.001974s ]

[ 2016-03-28T14:37:18+08:00 ] 118.112.56.51 /bambin/index.php?m=Home&c=Index&a=about
INFO: [ app_init ] --START--
INFO: Run Behavior\BuildLiteBehavior [ RunTime:0.000022s ]
INFO: [ app_init ] --END-- [ RunTime:0.000344s ]
INFO: [ app_begin ] --START--
INFO: Run Behavior\ReadHtmlCacheBehavior [ RunTime:0.000398s ]
INFO: [ app_begin ] --END-- [ RunTime:0.000443s ]
SQL: SHOW COLUMNS FROM `bm_nav` [ RunTime:0.0009s ]
SQL: SHOW COLUMNS FROM `bm_nav` [ RunTime:0.0006s ]
SQL: SELECT `name`,`url` FROM `bm_nav` WHERE ( is_head=1 ) ORDER BY sort asc  [ RunTime:0.0001s ]
SQL: SHOW COLUMNS FROM `bm_myinfor` [ RunTime:0.0007s ]
SQL: SELECT `copyright`,`address` FROM `bm_myinfor` WHERE ( id=1 ) LIMIT 1   [ RunTime:0.0001s ]
SQL: SELECT `name`,`url` FROM `bm_nav` WHERE ( is_side=1 ) ORDER BY sort asc  [ RunTime:0.0003s ]
SQL: SHOW COLUMNS FROM `bm_about` [ RunTime:0.0004s ]
SQL: SELECT `img`,`content` FROM `bm_about` ORDER BY id desc LIMIT 1   [ RunTime:0.0002s ]
INFO: [ view_parse ] --START--
INFO: [ template_filter ] --START--
INFO: Run Behavior\ContentReplaceBehavior [ RunTime:0.000095s ]
INFO: [ template_filter ] --END-- [ RunTime:0.000193s ]
NOTIC: [8] Undefined variable: user /mnt/www/web/e005151611/public_html/bambin/Application/Runtime/Cache/Home/5941d6446379a4a50e980a139ca5299f.php 第 17 行.
INFO: Run Behavior\ParseTemplateBehavior [ RunTime:0.063409s ]
INFO: [ view_parse ] --END-- [ RunTime:0.063493s ]
INFO: [ view_filter ] --START--
INFO: Run Behavior\WriteHtmlCacheBehavior [ RunTime:0.000243s ]
INFO: [ view_filter ] --END-- [ RunTime:0.000306s ]
INFO: [ app_end ] --START--
INFO: Run Behavior\ShowPageTraceBehavior [ RunTime:0.000899s ]
INFO: [ app_end ] --END-- [ RunTime:0.001006s ]

[ 2016-03-28T14:37:25+08:00 ] 118.112.56.51 /bambin/index.php?m=Home&c=Goods&a=index
INFO: [ app_init ] --START--
INFO: Run Behavior\BuildLiteBehavior [ RunTime:0.000025s ]
INFO: [ app_init ] --END-- [ RunTime:0.000464s ]
INFO: [ app_begin ] --START--
INFO: Run Behavior\ReadHtmlCacheBehavior [ RunTime:0.000655s ]
INFO: [ app_begin ] --END-- [ RunTime:0.000742s ]
SQL: SHOW COLUMNS FROM `bm_nav` [ RunTime:0.0008s ]
SQL: SHOW COLUMNS FROM `bm_nav` [ RunTime:0.0005s ]
SQL: SELECT `name`,`url` FROM `bm_nav` WHERE ( is_head=1 ) ORDER BY sort asc  [ RunTime:0.0001s ]
SQL: SHOW COLUMNS FROM `bm_myinfor` [ RunTime:0.0005s ]
SQL: SELECT `copyright`,`address` FROM `bm_myinfor` WHERE ( id=1 ) LIMIT 1   [ RunTime:0.0001s ]
SQL: SELECT `name`,`url` FROM `bm_nav` WHERE ( is_side=1 ) ORDER BY sort asc  [ RunTime:0.0001s ]
SQL: SHOW COLUMNS FROM `bm_goods` [ RunTime:0.0008s ]
SQL: SHOW COLUMNS FROM `bm_goods` [ RunTime:0.0005s ]
SQL: SELECT `id`,`img_thumb`,`name`,`sale_price`,`standard`,`effect`,`info` FROM `bm_goods` WHERE ( is_show=1 ) ORDER BY id desc LIMIT 0,4   [ RunTime:0.0003s ]
SQL: SELECT COUNT(*) AS tp_count FROM `bm_goods` WHERE ( is_show=1 ) LIMIT 1   [ RunTime:0.0003s ]
INFO: [ view_parse ] --START--
INFO: [ template_filter ] --START--
INFO: Run Behavior\ContentReplaceBehavior [ RunTime:0.000110s ]
INFO: [ template_filter ] --END-- [ RunTime:0.000195s ]
NOTIC: [8] Undefined variable: user /mnt/www/web/e005151611/public_html/bambin/Application/Runtime/Cache/Home/ed4d5129098f7dda825552190427329b.php 第 17 行.
INFO: Run Behavior\ParseTemplateBehavior [ RunTime:0.026034s ]
INFO: [ view_parse ] --END-- [ RunTime:0.026123s ]
INFO: [ view_filter ] --START--
INFO: Run Behavior\WriteHtmlCacheBehavior [ RunTime:0.000179s ]
INFO: [ view_filter ] --END-- [ RunTime:0.000259s ]
INFO: [ app_end ] --START--
INFO: Run Behavior\ShowPageTraceBehavior [ RunTime:0.000579s ]
INFO: [ app_end ] --END-- [ RunTime:0.000673s ]

[ 2016-03-28T14:37:33+08:00 ] 118.112.56.51 /bambin/index.php?m=Home&c=Goods&a=detail&id=11
INFO: [ app_init ] --START--
INFO: Run Behavior\BuildLiteBehavior [ RunTime:0.000018s ]
INFO: [ app_init ] --END-- [ RunTime:0.000312s ]
INFO: [ app_begin ] --START--
INFO: Run Behavior\ReadHtmlCacheBehavior [ RunTime:0.000415s ]
INFO: [ app_begin ] --END-- [ RunTime:0.000462s ]
SQL: SHOW COLUMNS FROM `bm_nav` [ RunTime:0.0009s ]
SQL: SHOW COLUMNS FROM `bm_nav` [ RunTime:0.0007s ]
SQL: SELECT `name`,`url` FROM `bm_nav` WHERE ( is_head=1 ) ORDER BY sort asc  [ RunTime:0.0001s ]
SQL: SHOW COLUMNS FROM `bm_myinfor` [ RunTime:0.0007s ]
SQL: SELECT `copyright`,`address` FROM `bm_myinfor` WHERE ( id=1 ) LIMIT 1   [ RunTime:0.0001s ]
SQL: SHOW COLUMNS FROM `bm_goods` [ RunTime:0.0010s ]
SQL: SHOW COLUMNS FROM `bm_goods_detail` [ RunTime:0.0094s ]
SQL: SELECT goods.id AS id,goods.name AS name,goods.img_thumb AS img_thumb,goods.sale_price AS sale_price,goods.standard AS standard,goods.effect AS effect,goods.info AS info,goods.inventory AS inventory,goods.is_show AS is_show,goods_detail.name_all AS name_all,goods_detail.content AS content,goods_detail.dc AS dc,goods_detail.send_price AS send_price FROM bm_goods goods  JOIN bm_goods_detail goods_detail ON goods_detail.goods_id=goods.id WHERE ( goods.id=11 ) LIMIT 1   [ RunTime:0.0029s ]
SQL: SHOW COLUMNS FROM `bm_region` [ RunTime:0.0346s ]
SQL: SELECT `name` FROM `bm_region` WHERE ( id=1 ) LIMIT 1   [ RunTime:0.0157s ]
SQL: SHOW COLUMNS FROM `bm_goods_img` [ RunTime:0.0029s ]
SQL: SELECT * FROM `bm_goods_img` WHERE ( goods_id=11 ) ORDER BY sort asc  [ RunTime:0.0013s ]
SQL: SELECT `name`,`url` FROM `bm_nav` WHERE ( is_side=1 ) ORDER BY sort asc  [ RunTime:0.0001s ]
SQL: SHOW COLUMNS FROM `bm_recommend` [ RunTime:0.0009s ]
SQL: SELECT recommend.goods_id AS goods_id,goods.img_thumb AS img_thumb,goods.name AS name FROM bm_recommend recommend  JOIN bm_goods goods ON recommend.goods_id = goods.id WHERE ( is_show=1 ) ORDER BY recommend.sort asc LIMIT 4   [ RunTime:0.0004s ]
INFO: [ view_parse ] --START--
INFO: [ template_filter ] --START--
INFO: Run Behavior\ContentReplaceBehavior [ RunTime:0.000098s ]
INFO: [ template_filter ] --END-- [ RunTime:0.000167s ]
NOTIC: [8] Undefined variable: user /mnt/www/web/e005151611/public_html/bambin/Application/Runtime/Cache/Home/795e274f7e0defaaba4ae5ed57f62a8c.php 第 17 行.
INFO: Run Behavior\ParseTemplateBehavior [ RunTime:0.033944s ]
INFO: [ view_parse ] --END-- [ RunTime:0.034034s ]
INFO: [ view_filter ] --START--
INFO: Run Behavior\WriteHtmlCacheBehavior [ RunTime:0.000145s ]
INFO: [ view_filter ] --END-- [ RunTime:0.000211s ]
INFO: [ app_end ] --START--
INFO: Run Behavior\ShowPageTraceBehavior [ RunTime:0.000576s ]
INFO: [ app_end ] --END-- [ RunTime:0.000627s ]

[ 2016-03-28T14:37:35+08:00 ] 118.112.56.51 /bambin/index.php?m=Home&c=Goods&a=cart
INFO: [ app_init ] --START--
INFO: Run Behavior\BuildLiteBehavior [ RunTime:0.000026s ]
INFO: [ app_init ] --END-- [ RunTime:0.000495s ]
INFO: [ app_begin ] --START--
INFO: Run Behavior\ReadHtmlCacheBehavior [ RunTime:0.000624s ]
INFO: [ app_begin ] --END-- [ RunTime:0.000698s ]
SQL: SHOW COLUMNS FROM `bm_nav` [ RunTime:0.0011s ]
SQL: SHOW COLUMNS FROM `bm_nav` [ RunTime:0.0009s ]
SQL: SELECT `name`,`url` FROM `bm_nav` WHERE ( is_head=1 ) ORDER BY sort asc  [ RunTime:0.0002s ]
SQL: SHOW COLUMNS FROM `bm_myinfor` [ RunTime:0.0006s ]
SQL: SELECT `copyright`,`address` FROM `bm_myinfor` WHERE ( id=1 ) LIMIT 1   [ RunTime:0.0001s ]
INFO: [ app_end ] --START--
INFO: Run Behavior\ShowPageTraceBehavior [ RunTime:0.000708s ]
INFO: [ app_end ] --END-- [ RunTime:0.000770s ]

[ 2016-03-28T14:37:38+08:00 ] 118.112.56.51 /bambin/index.php?m=Home&c=User&a=login
INFO: [ app_init ] --START--
INFO: Run Behavior\BuildLiteBehavior [ RunTime:0.000028s ]
INFO: [ app_init ] --END-- [ RunTime:0.000506s ]
INFO: [ app_begin ] --START--
INFO: Run Behavior\ReadHtmlCacheBehavior [ RunTime:0.000566s ]
INFO: [ app_begin ] --END-- [ RunTime:0.000635s ]
SQL: SHOW COLUMNS FROM `bm_nav` [ RunTime:0.0011s ]
SQL: SHOW COLUMNS FROM `bm_nav` [ RunTime:0.0007s ]
SQL: SELECT `name`,`url` FROM `bm_nav` WHERE ( is_head=1 ) ORDER BY sort asc  [ RunTime:0.0001s ]
SQL: SHOW COLUMNS FROM `bm_myinfor` [ RunTime:0.0007s ]
SQL: SELECT `copyright`,`address` FROM `bm_myinfor` WHERE ( id=1 ) LIMIT 1   [ RunTime:0.0001s ]
INFO: [ view_parse ] --START--
INFO: [ template_filter ] --START--
INFO: Run Behavior\ContentReplaceBehavior [ RunTime:0.000093s ]
INFO: [ template_filter ] --END-- [ RunTime:0.000186s ]
INFO: Run Behavior\ParseTemplateBehavior [ RunTime:0.044477s ]
INFO: [ view_parse ] --END-- [ RunTime:0.044554s ]
INFO: [ view_filter ] --START--
INFO: Run Behavior\WriteHtmlCacheBehavior [ RunTime:0.000136s ]
INFO: [ view_filter ] --END-- [ RunTime:0.000180s ]
INFO: [ app_end ] --START--
INFO: Run Behavior\ShowPageTraceBehavior [ RunTime:0.000554s ]
INFO: [ app_end ] --END-- [ RunTime:0.000604s ]

[ 2016-03-28T14:37:40+08:00 ] 118.112.56.51 /bambin/index.php?m=Home&c=User&a=register
INFO: [ app_init ] --START--
INFO: Run Behavior\BuildLiteBehavior [ RunTime:0.000019s ]
INFO: [ app_init ] --END-- [ RunTime:0.000358s ]
INFO: [ app_begin ] --START--
INFO: Run Behavior\ReadHtmlCacheBehavior [ RunTime:0.000530s ]
INFO: [ app_begin ] --END-- [ RunTime:0.000634s ]
SQL: SHOW COLUMNS FROM `bm_nav` [ RunTime:0.0007s ]
SQL: SHOW COLUMNS FROM `bm_nav` [ RunTime:0.0005s ]
SQL: SELECT `name`,`url` FROM `bm_nav` WHERE ( is_head=1 ) ORDER BY sort asc  [ RunTime:0.0001s ]
SQL: SHOW COLUMNS FROM `bm_myinfor` [ RunTime:0.0006s ]
SQL: SELECT `copyright`,`address` FROM `bm_myinfor` WHERE ( id=1 ) LIMIT 1   [ RunTime:0.0001s ]
INFO: [ view_parse ] --START--
INFO: [ template_filter ] --START--
INFO: Run Behavior\ContentReplaceBehavior [ RunTime:0.000116s ]
INFO: [ template_filter ] --END-- [ RunTime:0.000203s ]
INFO: Run Behavior\ParseTemplateBehavior [ RunTime:0.034844s ]
INFO: [ view_parse ] --END-- [ RunTime:0.034942s ]
INFO: [ view_filter ] --START--
INFO: Run Behavior\WriteHtmlCacheBehavior [ RunTime:0.000222s ]
INFO: [ view_filter ] --END-- [ RunTime:0.000284s ]
INFO: [ app_end ] --START--
INFO: Run Behavior\ShowPageTraceBehavior [ RunTime:0.000696s ]
INFO: [ app_end ] --END-- [ RunTime:0.000779s ]

[ 2016-03-28T14:37:40+08:00 ] 118.112.56.51 /bambin/index.php?m=Home&c=User&a=verify
INFO: [ app_init ] --START--
INFO: Run Behavior\BuildLiteBehavior [ RunTime:0.000018s ]
INFO: [ app_init ] --END-- [ RunTime:0.000319s ]
INFO: [ app_begin ] --START--
INFO: Run Behavior\ReadHtmlCacheBehavior [ RunTime:0.000886s ]
INFO: [ app_begin ] --END-- [ RunTime:0.000948s ]
SQL: SHOW COLUMNS FROM `bm_nav` [ RunTime:0.0008s ]
SQL: SHOW COLUMNS FROM `bm_nav` [ RunTime:0.0085s ]
SQL: SELECT `name`,`url` FROM `bm_nav` WHERE ( is_head=1 ) ORDER BY sort asc  [ RunTime:0.0028s ]
SQL: SHOW COLUMNS FROM `bm_myinfor` [ RunTime:0.0009s ]
SQL: SELECT `copyright`,`address` FROM `bm_myinfor` WHERE ( id=1 ) LIMIT 1   [ RunTime:0.0001s ]
INFO: [ app_end ] --START--
INFO: Run Behavior\ShowPageTraceBehavior [ RunTime:0.000657s ]
INFO: [ app_end ] --END-- [ RunTime:0.000762s ]

[ 2016-03-28T14:37:40+08:00 ] 118.112.56.51 /bambin/index.php?m=Home&c=User&a=verify2
INFO: [ app_init ] --START--
INFO: Run Behavior\BuildLiteBehavior [ RunTime:0.000018s ]
INFO: [ app_init ] --END-- [ RunTime:0.000320s ]
INFO: [ app_begin ] --START--
INFO: Run Behavior\ReadHtmlCacheBehavior [ RunTime:0.000416s ]
INFO: [ app_begin ] --END-- [ RunTime:0.000470s ]
SQL: SHOW COLUMNS FROM `bm_nav` [ RunTime:0.0007s ]
SQL: SHOW COLUMNS FROM `bm_nav` [ RunTime:0.0007s ]
SQL: SELECT `name`,`url` FROM `bm_nav` WHERE ( is_head=1 ) ORDER BY sort asc  [ RunTime:0.0001s ]
SQL: SHOW COLUMNS FROM `bm_myinfor` [ RunTime:0.0007s ]
SQL: SELECT `copyright`,`address` FROM `bm_myinfor` WHERE ( id=1 ) LIMIT 1   [ RunTime:0.0001s ]
INFO: [ app_end ] --START--
INFO: Run Behavior\ShowPageTraceBehavior [ RunTime:0.000642s ]
INFO: [ app_end ] --END-- [ RunTime:0.000724s ]

[ 2016-03-28T14:37:47+08:00 ] 118.112.56.51 /bambin/index.php?m=Home&c=User&a=ajax
INFO: [ app_init ] --START--
INFO: Run Behavior\BuildLiteBehavior [ RunTime:0.000019s ]
INFO: [ app_init ] --END-- [ RunTime:0.000355s ]
INFO: [ app_begin ] --START--
INFO: Run Behavior\ReadHtmlCacheBehavior [ RunTime:0.000509s ]
INFO: [ app_begin ] --END-- [ RunTime:0.000565s ]
SQL: SHOW COLUMNS FROM `bm_nav` [ RunTime:0.0007s ]
SQL: SHOW COLUMNS FROM `bm_nav` [ RunTime:0.0004s ]
SQL: SELECT `name`,`url` FROM `bm_nav` WHERE ( is_head=1 ) ORDER BY sort asc  [ RunTime:0.0001s ]
SQL: SHOW COLUMNS FROM `bm_myinfor` [ RunTime:0.0007s ]
SQL: SELECT `copyright`,`address` FROM `bm_myinfor` WHERE ( id=1 ) LIMIT 1   [ RunTime:0.0001s ]
SQL: SHOW COLUMNS FROM `bm_user` [ RunTime:0.0046s ]
SQL: SELECT * FROM `bm_user` WHERE ( name='z137682r' ) LIMIT 1   [ RunTime:0.0014s ]

[ 2016-03-28T14:38:12+08:00 ] 118.112.56.51 /bambin/index.php?m=Home&c=User&a=ajax
INFO: [ app_init ] --START--
INFO: Run Behavior\BuildLiteBehavior [ RunTime:0.000024s ]
INFO: [ app_init ] --END-- [ RunTime:0.000440s ]
INFO: [ app_begin ] --START--
INFO: Run Behavior\ReadHtmlCacheBehavior [ RunTime:0.000385s ]
INFO: [ app_begin ] --END-- [ RunTime:0.000437s ]
SQL: SHOW COLUMNS FROM `bm_nav` [ RunTime:0.0007s ]
SQL: SHOW COLUMNS FROM `bm_nav` [ RunTime:0.0006s ]
SQL: SELECT `name`,`url` FROM `bm_nav` WHERE ( is_head=1 ) ORDER BY sort asc  [ RunTime:0.0001s ]
SQL: SHOW COLUMNS FROM `bm_myinfor` [ RunTime:0.0006s ]
SQL: SELECT `copyright`,`address` FROM `bm_myinfor` WHERE ( id=1 ) LIMIT 1   [ RunTime:0.0001s ]
NOTIC: [8] Undefined index: name /mnt/www/web/e005151611/public_html/bambin/Application/Home/Controller/UserController.class.php 第 141 行.
NOTIC: [8] Undefined index: verify /mnt/www/web/e005151611/public_html/bambin/Application/Home/Controller/UserController.class.php 第 149 行.

[ 2016-03-28T14:38:12+08:00 ] 118.112.56.51 /bambin/index.php?m=Home&c=User&a=verify
INFO: [ app_init ] --START--
INFO: Run Behavior\BuildLiteBehavior [ RunTime:0.000029s ]
INFO: [ app_init ] --END-- [ RunTime:0.000587s ]
INFO: [ app_begin ] --START--
INFO: Run Behavior\ReadHtmlCacheBehavior [ RunTime:0.000664s ]
INFO: [ app_begin ] --END-- [ RunTime:0.000782s ]
SQL: SHOW COLUMNS FROM `bm_nav` [ RunTime:0.0008s ]
SQL: SHOW COLUMNS FROM `bm_nav` [ RunTime:0.0004s ]
SQL: SELECT `name`,`url` FROM `bm_nav` WHERE ( is_head=1 ) ORDER BY sort asc  [ RunTime:0.0001s ]
SQL: SHOW COLUMNS FROM `bm_myinfor` [ RunTime:0.0005s ]
SQL: SELECT `copyright`,`address` FROM `bm_myinfor` WHERE ( id=1 ) LIMIT 1   [ RunTime:0.0001s ]
INFO: [ app_end ] --START--
INFO: Run Behavior\ShowPageTraceBehavior [ RunTime:0.000602s ]
INFO: [ app_end ] --END-- [ RunTime:0.000685s ]

[ 2016-03-28T14:38:19+08:00 ] 118.112.56.51 /bambin/index.php?m=Home&c=User&a=ajax
INFO: [ app_init ] --START--
INFO: Run Behavior\BuildLiteBehavior [ RunTime:0.000020s ]
INFO: [ app_init ] --END-- [ RunTime:0.000399s ]
INFO: [ app_begin ] --START--
INFO: Run Behavior\ReadHtmlCacheBehavior [ RunTime:0.000476s ]
INFO: [ app_begin ] --END-- [ RunTime:0.000539s ]
SQL: SHOW COLUMNS FROM `bm_nav` [ RunTime:0.0008s ]
SQL: SHOW COLUMNS FROM `bm_nav` [ RunTime:0.0004s ]
SQL: SELECT `name`,`url` FROM `bm_nav` WHERE ( is_head=1 ) ORDER BY sort asc  [ RunTime:0.0001s ]
SQL: SHOW COLUMNS FROM `bm_myinfor` [ RunTime:0.0005s ]
SQL: SELECT `copyright`,`address` FROM `bm_myinfor` WHERE ( id=1 ) LIMIT 1   [ RunTime:0.0001s ]
NOTIC: [8] Undefined index: name /mnt/www/web/e005151611/public_html/bambin/Application/Home/Controller/UserController.class.php 第 141 行.
NOTIC: [8] Undefined index: verify /mnt/www/web/e005151611/public_html/bambin/Application/Home/Controller/UserController.class.php 第 149 行.

[ 2016-03-28T14:38:30+08:00 ] 118.112.56.51 /bambin/index.php?m=Home&c=User&a=ajax
INFO: [ app_init ] --START--
INFO: Run Behavior\BuildLiteBehavior [ RunTime:0.000020s ]
INFO: [ app_init ] --END-- [ RunTime:0.000413s ]
INFO: [ app_begin ] --START--
INFO: Run Behavior\ReadHtmlCacheBehavior [ RunTime:0.000513s ]
INFO: [ app_begin ] --END-- [ RunTime:0.000575s ]
SQL: SHOW COLUMNS FROM `bm_nav` [ RunTime:0.0007s ]
SQL: SHOW COLUMNS FROM `bm_nav` [ RunTime:0.0004s ]
SQL: SELECT `name`,`url` FROM `bm_nav` WHERE ( is_head=1 ) ORDER BY sort asc  [ RunTime:0.0001s ]
SQL: SHOW COLUMNS FROM `bm_myinfor` [ RunTime:0.0004s ]
SQL: SELECT `copyright`,`address` FROM `bm_myinfor` WHERE ( id=1 ) LIMIT 1   [ RunTime:0.0001s ]
SQL: SHOW COLUMNS FROM `bm_user` [ RunTime:0.0004s ]
SQL: SELECT * FROM `bm_user` WHERE ( name='13032833236' ) LIMIT 1   [ RunTime:0.0004s ]

[ 2016-03-28T14:38:39+08:00 ] 118.112.56.51 /bambin/index.php?m=Home&c=User&a=ajax
INFO: [ app_init ] --START--
INFO: Run Behavior\BuildLiteBehavior [ RunTime:0.000019s ]
INFO: [ app_init ] --END-- [ RunTime:0.000333s ]
INFO: [ app_begin ] --START--
INFO: Run Behavior\ReadHtmlCacheBehavior [ RunTime:0.000376s ]
INFO: [ app_begin ] --END-- [ RunTime:0.000421s ]
SQL: SHOW COLUMNS FROM `bm_nav` [ RunTime:0.0008s ]
SQL: SHOW COLUMNS FROM `bm_nav` [ RunTime:0.0005s ]
SQL: SELECT `name`,`url` FROM `bm_nav` WHERE ( is_head=1 ) ORDER BY sort asc  [ RunTime:0.0001s ]
SQL: SHOW COLUMNS FROM `bm_myinfor` [ RunTime:0.0004s ]
SQL: SELECT `copyright`,`address` FROM `bm_myinfor` WHERE ( id=1 ) LIMIT 1   [ RunTime:0.0001s ]
NOTIC: [8] Undefined index: name /mnt/www/web/e005151611/public_html/bambin/Application/Home/Controller/UserController.class.php 第 141 行.

[ 2016-03-28T14:38:44+08:00 ] 118.112.56.51 /bambin/index.php?m=Home&c=User&a=ajax
INFO: [ app_init ] --START--
INFO: Run Behavior\BuildLiteBehavior [ RunTime:0.000023s ]
INFO: [ app_init ] --END-- [ RunTime:0.000398s ]
INFO: [ app_begin ] --START--
INFO: Run Behavior\ReadHtmlCacheBehavior [ RunTime:0.000388s ]
INFO: [ app_begin ] --END-- [ RunTime:0.000431s ]
SQL: SHOW COLUMNS FROM `bm_nav` [ RunTime:0.0009s ]
SQL: SHOW COLUMNS FROM `bm_nav` [ RunTime:0.0006s ]
SQL: SELECT `name`,`url` FROM `bm_nav` WHERE ( is_head=1 ) ORDER BY sort asc  [ RunTime:0.0001s ]
SQL: SHOW COLUMNS FROM `bm_myinfor` [ RunTime:0.0007s ]
SQL: SELECT `copyright`,`address` FROM `bm_myinfor` WHERE ( id=1 ) LIMIT 1   [ RunTime:0.0001s ]
NOTIC: [8] Undefined index: name /mnt/www/web/e005151611/public_html/bambin/Application/Home/Controller/UserController.class.php 第 141 行.

[ 2016-03-28T14:41:18+08:00 ] 118.112.56.51 /bambin/
INFO: [ app_init ] --START--
INFO: Run Behavior\BuildLiteBehavior [ RunTime:0.000022s ]
INFO: [ app_init ] --END-- [ RunTime:0.000388s ]
INFO: [ app_begin ] --START--
INFO: Run Behavior\ReadHtmlCacheBehavior [ RunTime:0.000502s ]
INFO: [ app_begin ] --END-- [ RunTime:0.000551s ]
SQL: SHOW COLUMNS FROM `bm_nav` [ RunTime:0.0009s ]
SQL: SHOW COLUMNS FROM `bm_nav` [ RunTime:0.0007s ]
SQL: SELECT `name`,`url` FROM `bm_nav` WHERE ( is_head=1 ) ORDER BY sort asc  [ RunTime:0.0001s ]
SQL: SHOW COLUMNS FROM `bm_myinfor` [ RunTime:0.0011s ]
SQL: SELECT `copyright`,`address` FROM `bm_myinfor` WHERE ( id=1 ) LIMIT 1   [ RunTime:0.0001s ]
SQL: SHOW COLUMNS FROM `bm_about` [ RunTime:0.0009s ]
SQL: SELECT `img`,`info` FROM `bm_about` ORDER BY id desc LIMIT 1   [ RunTime:0.0001s ]
SQL: SHOW COLUMNS FROM `bm_recommend` [ RunTime:0.0006s ]
SQL: SELECT `goods_id` FROM `bm_recommend` ORDER BY sort asc  [ RunTime:0.0001s ]
SQL: SHOW COLUMNS FROM `bm_goods` [ RunTime:0.0008s ]
SQL: SELECT `id`,`name`,`info`,`img_thumb` FROM `bm_goods` WHERE ( id=6 ) LIMIT 1   [ RunTime:0.0001s ]
SQL: SELECT `id`,`name`,`info`,`img_thumb` FROM `bm_goods` WHERE ( id=7 ) LIMIT 1   [ RunTime:0.0001s ]
SQL: SHOW COLUMNS FROM `bm_news` [ RunTime:0.0007s ]
SQL: SELECT `id`,`title`,`time` FROM `bm_news` WHERE ( is_top=1 ) ORDER BY time desc  [ RunTime:0.0001s ]
INFO: [ view_parse ] --START--
INFO: [ template_filter ] --START--
INFO: Run Behavior\ContentReplaceBehavior [ RunTime:0.000116s ]
INFO: [ template_filter ] --END-- [ RunTime:0.000241s ]
NOTIC: [8] Undefined variable: user /mnt/www/web/e005151611/public_html/bambin/Application/Runtime/Cache/Home/2a94b8bda04ff446dcedd42276fc99ee.php 第 19 行.
INFO: Run Behavior\ParseTemplateBehavior [ RunTime:0.016884s ]
INFO: [ view_parse ] --END-- [ RunTime:0.016971s ]
INFO: [ view_filter ] --START--
INFO: Run Behavior\WriteHtmlCacheBehavior [ RunTime:0.000177s ]
INFO: [ view_filter ] --END-- [ RunTime:0.000230s ]
INFO: [ app_end ] --START--
INFO: Run Behavior\ShowPageTraceBehavior [ RunTime:0.000598s ]
INFO: [ app_end ] --END-- [ RunTime:0.000662s ]

[ 2016-03-28T14:41:20+08:00 ] 118.112.56.51 /bambin/index.php?m=Home&c=User&a=login
INFO: [ app_init ] --START--
INFO: Run Behavior\BuildLiteBehavior [ RunTime:0.000025s ]
INFO: [ app_init ] --END-- [ RunTime:0.000356s ]
INFO: [ app_begin ] --START--
INFO: Run Behavior\ReadHtmlCacheBehavior [ RunTime:0.000400s ]
INFO: [ app_begin ] --END-- [ RunTime:0.000447s ]
SQL: SHOW COLUMNS FROM `bm_nav` [ RunTime:0.0010s ]
SQL: SHOW COLUMNS FROM `bm_nav` [ RunTime:0.0007s ]
SQL: SELECT `name`,`url` FROM `bm_nav` WHERE ( is_head=1 ) ORDER BY sort asc  [ RunTime:0.0001s ]
SQL: SHOW COLUMNS FROM `bm_myinfor` [ RunTime:0.0011s ]
SQL: SELECT `copyright`,`address` FROM `bm_myinfor` WHERE ( id=1 ) LIMIT 1   [ RunTime:0.0001s ]
INFO: [ view_parse ] --START--
INFO: [ template_filter ] --START--
INFO: Run Behavior\ContentReplaceBehavior [ RunTime:0.000090s ]
INFO: [ template_filter ] --END-- [ RunTime:0.000200s ]
INFO: Run Behavior\ParseTemplateBehavior [ RunTime:0.008851s ]
INFO: [ view_parse ] --END-- [ RunTime:0.008921s ]
INFO: [ view_filter ] --START--
INFO: Run Behavior\WriteHtmlCacheBehavior [ RunTime:0.000187s ]
INFO: [ view_filter ] --END-- [ RunTime:0.000235s ]
INFO: [ app_end ] --START--
INFO: Run Behavior\ShowPageTraceBehavior [ RunTime:0.000564s ]
INFO: [ app_end ] --END-- [ RunTime:0.000652s ]

[ 2016-03-28T14:41:26+08:00 ] 118.112.56.51 /bambin/index.php?m=Home&c=User&a=login
INFO: [ app_init ] --START--
INFO: Run Behavior\BuildLiteBehavior [ RunTime:0.000025s ]
INFO: [ app_init ] --END-- [ RunTime:0.000436s ]
INFO: [ app_begin ] --START--
INFO: Run Behavior\ReadHtmlCacheBehavior [ RunTime:0.000510s ]
INFO: [ app_begin ] --END-- [ RunTime:0.000578s ]
SQL: SHOW COLUMNS FROM `bm_nav` [ RunTime:0.0010s ]
SQL: SHOW COLUMNS FROM `bm_nav` [ RunTime:0.0005s ]
SQL: SELECT `name`,`url` FROM `bm_nav` WHERE ( is_head=1 ) ORDER BY sort asc  [ RunTime:0.0001s ]
SQL: SHOW COLUMNS FROM `bm_myinfor` [ RunTime:0.0006s ]
SQL: SELECT `copyright`,`address` FROM `bm_myinfor` WHERE ( id=1 ) LIMIT 1   [ RunTime:0.0001s ]
SQL: SHOW COLUMNS FROM `bm_user` [ RunTime:0.0006s ]
SQL: SELECT * FROM `bm_user` WHERE ( name='admin' and pwd='6aa7d2782597b57af78ceac071a6bb9e' ) LIMIT 1   [ RunTime:0.0003s ]
INFO: [ view_parse ] --START--
INFO: [ template_filter ] --START--
INFO: Run Behavior\ContentReplaceBehavior [ RunTime:0.000081s ]
INFO: [ template_filter ] --END-- [ RunTime:0.000188s ]
INFO: Run Behavior\ParseTemplateBehavior [ RunTime:0.045301s ]
INFO: [ view_parse ] --END-- [ RunTime:0.045512s ]
INFO: [ view_filter ] --START--
INFO: Run Behavior\WriteHtmlCacheBehavior [ RunTime:0.000234s ]
INFO: [ view_filter ] --END-- [ RunTime:0.000297s ]

[ 2016-03-28T14:41:29+08:00 ] 118.112.56.51 /bambin/index.php?m=Home&c=User&a=login
INFO: [ app_init ] --START--
INFO: Run Behavior\BuildLiteBehavior [ RunTime:0.000019s ]
INFO: [ app_init ] --END-- [ RunTime:0.000371s ]
INFO: [ app_begin ] --START--
INFO: Run Behavior\ReadHtmlCacheBehavior [ RunTime:0.000578s ]
INFO: [ app_begin ] --END-- [ RunTime:0.000641s ]
SQL: SHOW COLUMNS FROM `bm_nav` [ RunTime:0.0007s ]
SQL: SHOW COLUMNS FROM `bm_nav` [ RunTime:0.0004s ]
SQL: SELECT `name`,`url` FROM `bm_nav` WHERE ( is_head=1 ) ORDER BY sort asc  [ RunTime:0.0001s ]
SQL: SHOW COLUMNS FROM `bm_myinfor` [ RunTime:0.0005s ]
SQL: SELECT `copyright`,`address` FROM `bm_myinfor` WHERE ( id=1 ) LIMIT 1   [ RunTime:0.0001s ]
INFO: [ view_parse ] --START--
INFO: [ template_filter ] --START--
INFO: Run Behavior\ContentReplaceBehavior [ RunTime:0.000060s ]
INFO: [ template_filter ] --END-- [ RunTime:0.000105s ]
INFO: Run Behavior\ParseTemplateBehavior [ RunTime:0.006183s ]
INFO: [ view_parse ] --END-- [ RunTime:0.006250s ]
INFO: [ view_filter ] --START--
INFO: Run Behavior\WriteHtmlCacheBehavior [ RunTime:0.000153s ]
INFO: [ view_filter ] --END-- [ RunTime:0.000201s ]
INFO: [ app_end ] --START--
INFO: Run Behavior\ShowPageTraceBehavior [ RunTime:0.000444s ]
INFO: [ app_end ] --END-- [ RunTime:0.000484s ]

[ 2016-03-28T14:41:33+08:00 ] 118.112.56.51 /bambin/index.php?m=Home&c=User&a=login
INFO: [ app_init ] --START--
INFO: Run Behavior\BuildLiteBehavior [ RunTime:0.000024s ]
INFO: [ app_init ] --END-- [ RunTime:0.000359s ]
INFO: [ app_begin ] --START--
INFO: Run Behavior\ReadHtmlCacheBehavior [ RunTime:0.000414s ]
INFO: [ app_begin ] --END-- [ RunTime:0.000465s ]
SQL: SHOW COLUMNS FROM `bm_nav` [ RunTime:0.0008s ]
SQL: SHOW COLUMNS FROM `bm_nav` [ RunTime:0.0004s ]
SQL: SELECT `name`,`url` FROM `bm_nav` WHERE ( is_head=1 ) ORDER BY sort asc  [ RunTime:0.0001s ]
SQL: SHOW COLUMNS FROM `bm_myinfor` [ RunTime:0.0004s ]
SQL: SELECT `copyright`,`address` FROM `bm_myinfor` WHERE ( id=1 ) LIMIT 1   [ RunTime:0.0001s ]
SQL: SHOW COLUMNS FROM `bm_user` [ RunTime:0.0004s ]
SQL: SELECT * FROM `bm_user` WHERE ( name='admin' and pwd='0b9cd60860678ed602fe552ba4857ca7' ) LIMIT 1   [ RunTime:0.0002s ]
INFO: [ view_parse ] --START--
INFO: [ template_filter ] --START--
INFO: Run Behavior\ContentReplaceBehavior [ RunTime:0.000085s ]
INFO: [ template_filter ] --END-- [ RunTime:0.000193s ]
INFO: Run Behavior\ParseTemplateBehavior [ RunTime:0.006782s ]
INFO: [ view_parse ] --END-- [ RunTime:0.006834s ]
INFO: [ view_filter ] --START--
INFO: Run Behavior\WriteHtmlCacheBehavior [ RunTime:0.000222s ]
INFO: [ view_filter ] --END-- [ RunTime:0.000273s ]

[ 2016-03-28T14:41:37+08:00 ] 118.112.56.51 /bambin/index.php?m=Home&c=User&a=login
INFO: [ app_init ] --START--
INFO: Run Behavior\BuildLiteBehavior [ RunTime:0.000029s ]
INFO: [ app_init ] --END-- [ RunTime:0.000638s ]
INFO: [ app_begin ] --START--
INFO: Run Behavior\ReadHtmlCacheBehavior [ RunTime:0.000632s ]
INFO: [ app_begin ] --END-- [ RunTime:0.000703s ]
SQL: SHOW COLUMNS FROM `bm_nav` [ RunTime:0.0011s ]
SQL: SHOW COLUMNS FROM `bm_nav` [ RunTime:0.0006s ]
SQL: SELECT `name`,`url` FROM `bm_nav` WHERE ( is_head=1 ) ORDER BY sort asc  [ RunTime:0.0002s ]
SQL: SHOW COLUMNS FROM `bm_myinfor` [ RunTime:0.0008s ]
SQL: SELECT `copyright`,`address` FROM `bm_myinfor` WHERE ( id=1 ) LIMIT 1   [ RunTime:0.0001s ]
INFO: [ view_parse ] --START--
INFO: [ template_filter ] --START--
INFO: Run Behavior\ContentReplaceBehavior [ RunTime:0.000113s ]
INFO: [ template_filter ] --END-- [ RunTime:0.000200s ]
INFO: Run Behavior\ParseTemplateBehavior [ RunTime:0.009234s ]
INFO: [ view_parse ] --END-- [ RunTime:0.009323s ]
INFO: [ view_filter ] --START--
INFO: Run Behavior\WriteHtmlCacheBehavior [ RunTime:0.000199s ]
INFO: [ view_filter ] --END-- [ RunTime:0.000252s ]
INFO: [ app_end ] --START--
INFO: Run Behavior\ShowPageTraceBehavior [ RunTime:0.000756s ]
INFO: [ app_end ] --END-- [ RunTime:0.000831s ]

