[ 2016-03-07T10:51:40+08:00 ] 113.108.202.180 /bambin/
INFO: [ app_init ] --START--
INFO: Run Behavior\BuildLiteBehavior [ RunTime:0.000022s ]
INFO: [ app_init ] --END-- [ RunTime:0.002017s ]
INFO: [ app_begin ] --START--
INFO: Run Behavior\ReadHtmlCacheBehavior [ RunTime:0.003341s ]
INFO: [ app_begin ] --END-- [ RunTime:0.003406s ]
SQL: SHOW COLUMNS FROM `bm_nav` [ RunTime:0.0007s ]
SQL: SHOW COLUMNS FROM `bm_nav` [ RunTime:0.0005s ]
SQL: SELECT `name`,`url` FROM `bm_nav` WHERE ( is_head=1 ) ORDER BY sort asc  [ RunTime:0.0001s ]
SQL: SHOW COLUMNS FROM `bm_myinfor` [ RunTime:0.0004s ]
SQL: SELECT `copyright`,`address` FROM `bm_myinfor` WHERE ( id=1 ) LIMIT 1   [ RunTime:0.0001s ]
SQL: SHOW COLUMNS FROM `bm_about` [ RunTime:0.0004s ]
SQL: SELECT `img`,`info` FROM `bm_about` ORDER BY id desc LIMIT 1   [ RunTime:0.0001s ]
SQL: SHOW COLUMNS FROM `bm_recommend` [ RunTime:0.0004s ]
SQL: SELECT `goods_id` FROM `bm_recommend` ORDER BY sort asc  [ RunTime:0.0001s ]
SQL: SHOW COLUMNS FROM `bm_goods` [ RunTime:0.0004s ]
SQL: SELECT `id`,`name`,`info`,`img_thumb` FROM `bm_goods` WHERE ( id=6 ) LIMIT 1   [ RunTime:0.0001s ]
SQL: SELECT `id`,`name`,`info`,`img_thumb` FROM `bm_goods` WHERE ( id=7 ) LIMIT 1   [ RunTime:0.0001s ]
SQL: SHOW COLUMNS FROM `bm_news` [ RunTime:0.0004s ]
SQL: SELECT `id`,`title`,`time` FROM `bm_news` WHERE ( is_top=1 ) ORDER BY time desc  [ RunTime:0.0001s ]
INFO: [ view_parse ] --START--
INFO: [ template_filter ] --START--
INFO: Run Behavior\ContentReplaceBehavior [ RunTime:0.000102s ]
INFO: [ template_filter ] --END-- [ RunTime:0.000190s ]
NOTIC: [8] Undefined variable: user /mnt/www/web/e005151611/public_html/bambin/Application/Runtime/Cache/Home/2a94b8bda04ff446dcedd42276fc99ee.php 第 19 行.
INFO: Run Behavior\ParseTemplateBehavior [ RunTime:0.084013s ]
INFO: [ view_parse ] --END-- [ RunTime:0.084059s ]
INFO: [ view_filter ] --START--
INFO: Run Behavior\WriteHtmlCacheBehavior [ RunTime:0.001924s ]
INFO: [ view_filter ] --END-- [ RunTime:0.001965s ]
INFO: [ app_end ] --START--
INFO: Run Behavior\ShowPageTraceBehavior [ RunTime:0.001855s ]
INFO: [ app_end ] --END-- [ RunTime:0.001898s ]

[ 2016-03-07T10:51:45+08:00 ] 113.108.202.180 /bambin/index.php?m=Home&c=User&a=login
INFO: [ app_init ] --START--
INFO: Run Behavior\BuildLiteBehavior [ RunTime:0.000015s ]
INFO: [ app_init ] --END-- [ RunTime:0.000286s ]
INFO: [ app_begin ] --START--
INFO: Run Behavior\ReadHtmlCacheBehavior [ RunTime:0.000597s ]
INFO: [ app_begin ] --END-- [ RunTime:0.000656s ]
SQL: SHOW COLUMNS FROM `bm_nav` [ RunTime:0.0009s ]
SQL: SHOW COLUMNS FROM `bm_nav` [ RunTime:0.0004s ]
SQL: SELECT `name`,`url` FROM `bm_nav` WHERE ( is_head=1 ) ORDER BY sort asc  [ RunTime:0.0001s ]
SQL: SHOW COLUMNS FROM `bm_myinfor` [ RunTime:0.0004s ]
SQL: SELECT `copyright`,`address` FROM `bm_myinfor` WHERE ( id=1 ) LIMIT 1   [ RunTime:0.0001s ]
INFO: [ view_parse ] --START--
INFO: [ template_filter ] --START--
INFO: Run Behavior\ContentReplaceBehavior [ RunTime:0.000078s ]
INFO: [ template_filter ] --END-- [ RunTime:0.000162s ]
INFO: Run Behavior\ParseTemplateBehavior [ RunTime:0.036920s ]
INFO: [ view_parse ] --END-- [ RunTime:0.036990s ]
INFO: [ view_filter ] --START--
INFO: Run Behavior\WriteHtmlCacheBehavior [ RunTime:0.000133s ]
INFO: [ view_filter ] --END-- [ RunTime:0.000193s ]
INFO: [ app_end ] --START--
INFO: Run Behavior\ShowPageTraceBehavior [ RunTime:0.000481s ]
INFO: [ app_end ] --END-- [ RunTime:0.000526s ]

[ 2016-03-07T10:51:54+08:00 ] 113.108.202.180 /bambin/index.php?m=Home&c=User&a=login
INFO: [ app_init ] --START--
INFO: Run Behavior\BuildLiteBehavior [ RunTime:0.000023s ]
INFO: [ app_init ] --END-- [ RunTime:0.000444s ]
INFO: [ app_begin ] --START--
INFO: Run Behavior\ReadHtmlCacheBehavior [ RunTime:0.000424s ]
INFO: [ app_begin ] --END-- [ RunTime:0.000480s ]
SQL: SHOW COLUMNS FROM `bm_nav` [ RunTime:0.0008s ]
SQL: SHOW COLUMNS FROM `bm_nav` [ RunTime:0.0004s ]
SQL: SELECT `name`,`url` FROM `bm_nav` WHERE ( is_head=1 ) ORDER BY sort asc  [ RunTime:0.0001s ]
SQL: SHOW COLUMNS FROM `bm_myinfor` [ RunTime:0.0004s ]
SQL: SELECT `copyright`,`address` FROM `bm_myinfor` WHERE ( id=1 ) LIMIT 1   [ RunTime:0.0001s ]
SQL: SHOW COLUMNS FROM `bm_user` [ RunTime:0.0003s ]
SQL: SELECT * FROM `bm_user` WHERE ( name='admin0' and pwd='f4c41a648910125f71aee69badcc22ca' ) LIMIT 1   [ RunTime:0.0001s ]
INFO: [ view_parse ] --START--
INFO: [ template_filter ] --START--
INFO: Run Behavior\ContentReplaceBehavior [ RunTime:0.000052s ]
INFO: [ template_filter ] --END-- [ RunTime:0.000124s ]
INFO: Run Behavior\ParseTemplateBehavior [ RunTime:0.016985s ]
INFO: [ view_parse ] --END-- [ RunTime:0.017067s ]
INFO: [ view_filter ] --START--
INFO: Run Behavior\WriteHtmlCacheBehavior [ RunTime:0.000246s ]
INFO: [ view_filter ] --END-- [ RunTime:0.000298s ]
INFO: [ app_end ] --START--
INFO: Run Behavior\ShowPageTraceBehavior [ RunTime:0.000707s ]
INFO: [ app_end ] --END-- [ RunTime:0.000778s ]

[ 2016-03-07T10:51:55+08:00 ] 113.108.202.180 /bambin/
INFO: [ app_init ] --START--
INFO: Run Behavior\BuildLiteBehavior [ RunTime:0.000018s ]
INFO: [ app_init ] --END-- [ RunTime:0.000311s ]
INFO: [ app_begin ] --START--
INFO: Run Behavior\ReadHtmlCacheBehavior [ RunTime:0.000571s ]
INFO: [ app_begin ] --END-- [ RunTime:0.000625s ]
SQL: SHOW COLUMNS FROM `bm_nav` [ RunTime:0.0007s ]
SQL: SHOW COLUMNS FROM `bm_nav` [ RunTime:0.0004s ]
SQL: SELECT `name`,`url` FROM `bm_nav` WHERE ( is_head=1 ) ORDER BY sort asc  [ RunTime:0.0001s ]
SQL: SHOW COLUMNS FROM `bm_myinfor` [ RunTime:0.0004s ]
SQL: SELECT `copyright`,`address` FROM `bm_myinfor` WHERE ( id=1 ) LIMIT 1   [ RunTime:0.0002s ]
SQL: SHOW COLUMNS FROM `bm_about` [ RunTime:0.0004s ]
SQL: SELECT `img`,`info` FROM `bm_about` ORDER BY id desc LIMIT 1   [ RunTime:0.0001s ]
SQL: SHOW COLUMNS FROM `bm_recommend` [ RunTime:0.0005s ]
SQL: SELECT `goods_id` FROM `bm_recommend` ORDER BY sort asc  [ RunTime:0.0001s ]
SQL: SHOW COLUMNS FROM `bm_goods` [ RunTime:0.0004s ]
SQL: SELECT `id`,`name`,`info`,`img_thumb` FROM `bm_goods` WHERE ( id=6 ) LIMIT 1   [ RunTime:0.0001s ]
SQL: SELECT `id`,`name`,`info`,`img_thumb` FROM `bm_goods` WHERE ( id=7 ) LIMIT 1   [ RunTime:0.0001s ]
SQL: SHOW COLUMNS FROM `bm_news` [ RunTime:0.0004s ]
SQL: SELECT `id`,`title`,`time` FROM `bm_news` WHERE ( is_top=1 ) ORDER BY time desc  [ RunTime:0.0001s ]
INFO: [ view_parse ] --START--
INFO: [ template_filter ] --START--
INFO: Run Behavior\ContentReplaceBehavior [ RunTime:0.000084s ]
INFO: [ template_filter ] --END-- [ RunTime:0.000149s ]
INFO: Run Behavior\ParseTemplateBehavior [ RunTime:0.010105s ]
INFO: [ view_parse ] --END-- [ RunTime:0.010156s ]
INFO: [ view_filter ] --START--
INFO: Run Behavior\WriteHtmlCacheBehavior [ RunTime:0.000146s ]
INFO: [ view_filter ] --END-- [ RunTime:0.000183s ]
INFO: [ app_end ] --START--
INFO: Run Behavior\ShowPageTraceBehavior [ RunTime:0.000440s ]
INFO: [ app_end ] --END-- [ RunTime:0.000480s ]

[ 2016-03-07T10:51:59+08:00 ] 113.108.202.180 /bambin/index.php?m=Home&c=Index&a=news
INFO: [ app_init ] --START--
INFO: Run Behavior\BuildLiteBehavior [ RunTime:0.000014s ]
INFO: [ app_init ] --END-- [ RunTime:0.000319s ]
INFO: [ app_begin ] --START--
INFO: Run Behavior\ReadHtmlCacheBehavior [ RunTime:0.000403s ]
INFO: [ app_begin ] --END-- [ RunTime:0.000449s ]
SQL: SHOW COLUMNS FROM `bm_nav` [ RunTime:0.0007s ]
SQL: SHOW COLUMNS FROM `bm_nav` [ RunTime:0.0004s ]
SQL: SELECT `name`,`url` FROM `bm_nav` WHERE ( is_head=1 ) ORDER BY sort asc  [ RunTime:0.0001s ]
SQL: SHOW COLUMNS FROM `bm_myinfor` [ RunTime:0.0004s ]
SQL: SELECT `copyright`,`address` FROM `bm_myinfor` WHERE ( id=1 ) LIMIT 1   [ RunTime:0.0001s ]
SQL: SELECT `name`,`url` FROM `bm_nav` WHERE ( is_side=1 ) ORDER BY sort asc  [ RunTime:0.0001s ]
SQL: SHOW COLUMNS FROM `bm_news` [ RunTime:0.0004s ]
SQL: SELECT `id`,`title`,`time`,`info` FROM `bm_news` ORDER BY time desc LIMIT 0,7   [ RunTime:0.0001s ]
SQL: SELECT COUNT(*) AS tp_count FROM `bm_news` LIMIT 1   [ RunTime:0.0001s ]
INFO: [ view_parse ] --START--
INFO: [ template_filter ] --START--
INFO: Run Behavior\ContentReplaceBehavior [ RunTime:0.000073s ]
INFO: [ template_filter ] --END-- [ RunTime:0.000137s ]
INFO: Run Behavior\ParseTemplateBehavior [ RunTime:0.027758s ]
INFO: [ view_parse ] --END-- [ RunTime:0.027804s ]
INFO: [ view_filter ] --START--
INFO: Run Behavior\WriteHtmlCacheBehavior [ RunTime:0.000128s ]
INFO: [ view_filter ] --END-- [ RunTime:0.000164s ]
INFO: [ app_end ] --START--
INFO: Run Behavior\ShowPageTraceBehavior [ RunTime:0.000510s ]
INFO: [ app_end ] --END-- [ RunTime:0.000560s ]

[ 2016-03-07T10:52:01+08:00 ] 113.108.202.180 /bambin/index.php?m=Home&c=Index&a=news
INFO: [ app_init ] --START--
INFO: Run Behavior\BuildLiteBehavior [ RunTime:0.000017s ]
INFO: [ app_init ] --END-- [ RunTime:0.000334s ]
INFO: [ app_begin ] --START--
INFO: Run Behavior\ReadHtmlCacheBehavior [ RunTime:0.000442s ]
INFO: [ app_begin ] --END-- [ RunTime:0.000490s ]
SQL: SHOW COLUMNS FROM `bm_nav` [ RunTime:0.0007s ]
SQL: SHOW COLUMNS FROM `bm_nav` [ RunTime:0.0004s ]
SQL: SELECT `name`,`url` FROM `bm_nav` WHERE ( is_head=1 ) ORDER BY sort asc  [ RunTime:0.0001s ]
SQL: SHOW COLUMNS FROM `bm_myinfor` [ RunTime:0.0004s ]
SQL: SELECT `copyright`,`address` FROM `bm_myinfor` WHERE ( id=1 ) LIMIT 1   [ RunTime:0.0001s ]
SQL: SELECT `name`,`url` FROM `bm_nav` WHERE ( is_side=1 ) ORDER BY sort asc  [ RunTime:0.0001s ]
SQL: SHOW COLUMNS FROM `bm_news` [ RunTime:0.0004s ]
SQL: SELECT `id`,`title`,`time`,`info` FROM `bm_news` ORDER BY time desc LIMIT 0,7   [ RunTime:0.0001s ]
SQL: SELECT COUNT(*) AS tp_count FROM `bm_news` LIMIT 1   [ RunTime:0.0001s ]
INFO: [ view_parse ] --START--
INFO: [ template_filter ] --START--
INFO: Run Behavior\ContentReplaceBehavior [ RunTime:0.000070s ]
INFO: [ template_filter ] --END-- [ RunTime:0.000118s ]
INFO: Run Behavior\ParseTemplateBehavior [ RunTime:0.010641s ]
INFO: [ view_parse ] --END-- [ RunTime:0.010685s ]
INFO: [ view_filter ] --START--
INFO: Run Behavior\WriteHtmlCacheBehavior [ RunTime:0.000152s ]
INFO: [ view_filter ] --END-- [ RunTime:0.000190s ]
INFO: [ app_end ] --START--
INFO: Run Behavior\ShowPageTraceBehavior [ RunTime:0.000399s ]
INFO: [ app_end ] --END-- [ RunTime:0.000437s ]

[ 2016-03-07T10:52:04+08:00 ] 113.108.202.180 /bambin/index.php?m=Home&c=Index&a=join.php
INFO: [ app_init ] --START--
INFO: Run Behavior\BuildLiteBehavior [ RunTime:0.000019s ]
INFO: [ app_init ] --END-- [ RunTime:0.000523s ]
INFO: [ app_begin ] --START--
INFO: Run Behavior\ReadHtmlCacheBehavior [ RunTime:0.000391s ]
INFO: [ app_begin ] --END-- [ RunTime:0.000456s ]
SQL: SHOW COLUMNS FROM `bm_nav` [ RunTime:0.0007s ]
SQL: SHOW COLUMNS FROM `bm_nav` [ RunTime:0.0004s ]
SQL: SELECT `name`,`url` FROM `bm_nav` WHERE ( is_head=1 ) ORDER BY sort asc  [ RunTime:0.0001s ]
SQL: SHOW COLUMNS FROM `bm_myinfor` [ RunTime:0.0005s ]
SQL: SELECT `copyright`,`address` FROM `bm_myinfor` WHERE ( id=1 ) LIMIT 1   [ RunTime:0.0001s ]
ERR: 非法操作:join.php

