[ 2016-03-08T15:13:47+08:00 ] 222.211.175.70 /bambin/
INFO: [ app_init ] --START--
INFO: Run Behavior\BuildLiteBehavior [ RunTime:0.000025s ]
INFO: [ app_init ] --END-- [ RunTime:0.014066s ]
INFO: [ app_begin ] --START--
INFO: Run Behavior\ReadHtmlCacheBehavior [ RunTime:0.001954s ]
INFO: [ app_begin ] --END-- [ RunTime:0.002038s ]
SQL: SHOW COLUMNS FROM `bm_nav` [ RunTime:0.0983s ]
SQL: SHOW COLUMNS FROM `bm_nav` [ RunTime:0.0007s ]
SQL: SELECT `name`,`url` FROM `bm_nav` WHERE ( is_head=1 ) ORDER BY sort asc  [ RunTime:0.0011s ]
SQL: SHOW COLUMNS FROM `bm_myinfor` [ RunTime:0.0117s ]
SQL: SELECT `copyright`,`address` FROM `bm_myinfor` WHERE ( id=1 ) LIMIT 1   [ RunTime:0.0012s ]
SQL: SHOW COLUMNS FROM `bm_about` [ RunTime:0.0063s ]
SQL: SELECT `img`,`info` FROM `bm_about` ORDER BY id desc LIMIT 1   [ RunTime:0.0010s ]
SQL: SHOW COLUMNS FROM `bm_recommend` [ RunTime:0.0195s ]
SQL: SELECT `goods_id` FROM `bm_recommend` ORDER BY sort asc  [ RunTime:0.0013s ]
SQL: SHOW COLUMNS FROM `bm_goods` [ RunTime:0.0022s ]
SQL: SELECT `id`,`name`,`info`,`img_thumb` FROM `bm_goods` WHERE ( id=6 ) LIMIT 1   [ RunTime:0.0010s ]
SQL: SELECT `id`,`name`,`info`,`img_thumb` FROM `bm_goods` WHERE ( id=7 ) LIMIT 1   [ RunTime:0.0002s ]
SQL: SHOW COLUMNS FROM `bm_news` [ RunTime:0.0021s ]
SQL: SELECT `id`,`title`,`time` FROM `bm_news` WHERE ( is_top=1 ) ORDER BY time desc  [ RunTime:0.0010s ]
INFO: [ view_parse ] --START--
INFO: [ template_filter ] --START--
INFO: Run Behavior\ContentReplaceBehavior [ RunTime:0.000079s ]
INFO: [ template_filter ] --END-- [ RunTime:0.000144s ]
NOTIC: [8] Undefined variable: user /mnt/www/web/e005151611/public_html/bambin/Application/Runtime/Cache/Home/2a94b8bda04ff446dcedd42276fc99ee.php 第 19 行.
INFO: Run Behavior\ParseTemplateBehavior [ RunTime:0.088962s ]
INFO: [ view_parse ] --END-- [ RunTime:0.089013s ]
INFO: [ view_filter ] --START--
INFO: Run Behavior\WriteHtmlCacheBehavior [ RunTime:0.001040s ]
INFO: [ view_filter ] --END-- [ RunTime:0.001079s ]
INFO: [ app_end ] --START--
INFO: Run Behavior\ShowPageTraceBehavior [ RunTime:0.001897s ]
INFO: [ app_end ] --END-- [ RunTime:0.001959s ]

[ 2016-03-08T15:13:48+08:00 ] 101.226.66.177 /bambin/
INFO: [ app_init ] --START--
INFO: Run Behavior\BuildLiteBehavior [ RunTime:0.000041s ]
INFO: [ app_init ] --END-- [ RunTime:0.000359s ]
INFO: [ app_begin ] --START--
INFO: Run Behavior\ReadHtmlCacheBehavior [ RunTime:0.000392s ]
INFO: [ app_begin ] --END-- [ RunTime:0.000435s ]
SQL: SHOW COLUMNS FROM `bm_nav` [ RunTime:0.0007s ]
SQL: SHOW COLUMNS FROM `bm_nav` [ RunTime:0.0005s ]
SQL: SELECT `name`,`url` FROM `bm_nav` WHERE ( is_head=1 ) ORDER BY sort asc  [ RunTime:0.0001s ]
SQL: SHOW COLUMNS FROM `bm_myinfor` [ RunTime:0.0004s ]
SQL: SELECT `copyright`,`address` FROM `bm_myinfor` WHERE ( id=1 ) LIMIT 1   [ RunTime:0.0001s ]
SQL: SHOW COLUMNS FROM `bm_about` [ RunTime:0.0003s ]
SQL: SELECT `img`,`info` FROM `bm_about` ORDER BY id desc LIMIT 1   [ RunTime:0.0001s ]
SQL: SHOW COLUMNS FROM `bm_recommend` [ RunTime:0.0004s ]
SQL: SELECT `goods_id` FROM `bm_recommend` ORDER BY sort asc  [ RunTime:0.0001s ]
SQL: SHOW COLUMNS FROM `bm_goods` [ RunTime:0.0004s ]
SQL: SELECT `id`,`name`,`info`,`img_thumb` FROM `bm_goods` WHERE ( id=6 ) LIMIT 1   [ RunTime:0.0001s ]
SQL: SELECT `id`,`name`,`info`,`img_thumb` FROM `bm_goods` WHERE ( id=7 ) LIMIT 1   [ RunTime:0.0001s ]
SQL: SHOW COLUMNS FROM `bm_news` [ RunTime:0.0004s ]
SQL: SELECT `id`,`title`,`time` FROM `bm_news` WHERE ( is_top=1 ) ORDER BY time desc  [ RunTime:0.0001s ]
INFO: [ view_parse ] --START--
INFO: [ template_filter ] --START--
INFO: Run Behavior\ContentReplaceBehavior [ RunTime:0.000080s ]
INFO: [ template_filter ] --END-- [ RunTime:0.000135s ]
NOTIC: [8] Undefined variable: user /mnt/www/web/e005151611/public_html/bambin/Application/Runtime/Cache/Home/2a94b8bda04ff446dcedd42276fc99ee.php 第 19 行.
INFO: Run Behavior\ParseTemplateBehavior [ RunTime:0.010061s ]
INFO: [ view_parse ] --END-- [ RunTime:0.010104s ]
INFO: [ view_filter ] --START--
INFO: Run Behavior\WriteHtmlCacheBehavior [ RunTime:0.000133s ]
INFO: [ view_filter ] --END-- [ RunTime:0.000169s ]
INFO: [ app_end ] --START--
INFO: Run Behavior\ShowPageTraceBehavior [ RunTime:0.000438s ]
INFO: [ app_end ] --END-- [ RunTime:0.000478s ]

[ 2016-03-08T15:14:04+08:00 ] 222.211.175.70 /bambin/index.php?Admin
INFO: [ app_init ] --START--
INFO: Run Behavior\BuildLiteBehavior [ RunTime:0.000016s ]
INFO: [ app_init ] --END-- [ RunTime:0.000320s ]
INFO: [ app_begin ] --START--
INFO: Run Behavior\ReadHtmlCacheBehavior [ RunTime:0.000364s ]
INFO: [ app_begin ] --END-- [ RunTime:0.000408s ]
SQL: SHOW COLUMNS FROM `bm_nav` [ RunTime:0.0007s ]
SQL: SHOW COLUMNS FROM `bm_nav` [ RunTime:0.0004s ]
SQL: SELECT `name`,`url` FROM `bm_nav` WHERE ( is_head=1 ) ORDER BY sort asc  [ RunTime:0.0001s ]
SQL: SHOW COLUMNS FROM `bm_myinfor` [ RunTime:0.0004s ]
SQL: SELECT `copyright`,`address` FROM `bm_myinfor` WHERE ( id=1 ) LIMIT 1   [ RunTime:0.0001s ]
SQL: SHOW COLUMNS FROM `bm_about` [ RunTime:0.0004s ]
SQL: SELECT `img`,`info` FROM `bm_about` ORDER BY id desc LIMIT 1   [ RunTime:0.0001s ]
SQL: SHOW COLUMNS FROM `bm_recommend` [ RunTime:0.0004s ]
SQL: SELECT `goods_id` FROM `bm_recommend` ORDER BY sort asc  [ RunTime:0.0001s ]
SQL: SHOW COLUMNS FROM `bm_goods` [ RunTime:0.0006s ]
SQL: SELECT `id`,`name`,`info`,`img_thumb` FROM `bm_goods` WHERE ( id=6 ) LIMIT 1   [ RunTime:0.0001s ]
SQL: SELECT `id`,`name`,`info`,`img_thumb` FROM `bm_goods` WHERE ( id=7 ) LIMIT 1   [ RunTime:0.0001s ]
SQL: SHOW COLUMNS FROM `bm_news` [ RunTime:0.0006s ]
SQL: SELECT `id`,`title`,`time` FROM `bm_news` WHERE ( is_top=1 ) ORDER BY time desc  [ RunTime:0.0001s ]
INFO: [ view_parse ] --START--
INFO: [ template_filter ] --START--
INFO: Run Behavior\ContentReplaceBehavior [ RunTime:0.000088s ]
INFO: [ template_filter ] --END-- [ RunTime:0.000155s ]
NOTIC: [8] Undefined variable: user /mnt/www/web/e005151611/public_html/bambin/Application/Runtime/Cache/Home/2a94b8bda04ff446dcedd42276fc99ee.php 第 19 行.
INFO: Run Behavior\ParseTemplateBehavior [ RunTime:0.013084s ]
INFO: [ view_parse ] --END-- [ RunTime:0.013156s ]
INFO: [ view_filter ] --START--
INFO: Run Behavior\WriteHtmlCacheBehavior [ RunTime:0.000200s ]
INFO: [ view_filter ] --END-- [ RunTime:0.000258s ]
INFO: [ app_end ] --START--
INFO: Run Behavior\ShowPageTraceBehavior [ RunTime:0.000626s ]
INFO: [ app_end ] --END-- [ RunTime:0.000770s ]

[ 2016-03-08T15:14:05+08:00 ] 101.226.69.108 /bambin/index.php?Admin
INFO: [ app_init ] --START--
INFO: Run Behavior\BuildLiteBehavior [ RunTime:0.000017s ]
INFO: [ app_init ] --END-- [ RunTime:0.000333s ]
INFO: [ app_begin ] --START--
INFO: Run Behavior\ReadHtmlCacheBehavior [ RunTime:0.000365s ]
INFO: [ app_begin ] --END-- [ RunTime:0.000410s ]
SQL: SHOW COLUMNS FROM `bm_nav` [ RunTime:0.0012s ]
SQL: SHOW COLUMNS FROM `bm_nav` [ RunTime:0.0006s ]
SQL: SELECT `name`,`url` FROM `bm_nav` WHERE ( is_head=1 ) ORDER BY sort asc  [ RunTime:0.0001s ]
SQL: SHOW COLUMNS FROM `bm_myinfor` [ RunTime:0.0008s ]
SQL: SELECT `copyright`,`address` FROM `bm_myinfor` WHERE ( id=1 ) LIMIT 1   [ RunTime:0.0001s ]
SQL: SHOW COLUMNS FROM `bm_about` [ RunTime:0.0004s ]
SQL: SELECT `img`,`info` FROM `bm_about` ORDER BY id desc LIMIT 1   [ RunTime:0.0001s ]
SQL: SHOW COLUMNS FROM `bm_recommend` [ RunTime:0.0003s ]
SQL: SELECT `goods_id` FROM `bm_recommend` ORDER BY sort asc  [ RunTime:0.0001s ]
SQL: SHOW COLUMNS FROM `bm_goods` [ RunTime:0.0004s ]
SQL: SELECT `id`,`name`,`info`,`img_thumb` FROM `bm_goods` WHERE ( id=6 ) LIMIT 1   [ RunTime:0.0001s ]
SQL: SELECT `id`,`name`,`info`,`img_thumb` FROM `bm_goods` WHERE ( id=7 ) LIMIT 1   [ RunTime:0.0001s ]
SQL: SHOW COLUMNS FROM `bm_news` [ RunTime:0.0004s ]
SQL: SELECT `id`,`title`,`time` FROM `bm_news` WHERE ( is_top=1 ) ORDER BY time desc  [ RunTime:0.0001s ]
INFO: [ view_parse ] --START--
INFO: [ template_filter ] --START--
INFO: Run Behavior\ContentReplaceBehavior [ RunTime:0.000074s ]
INFO: [ template_filter ] --END-- [ RunTime:0.000134s ]
NOTIC: [8] Undefined variable: user /mnt/www/web/e005151611/public_html/bambin/Application/Runtime/Cache/Home/2a94b8bda04ff446dcedd42276fc99ee.php 第 19 行.
INFO: Run Behavior\ParseTemplateBehavior [ RunTime:0.009778s ]
INFO: [ view_parse ] --END-- [ RunTime:0.009822s ]
INFO: [ view_filter ] --START--
INFO: Run Behavior\WriteHtmlCacheBehavior [ RunTime:0.000136s ]
INFO: [ view_filter ] --END-- [ RunTime:0.000173s ]
INFO: [ app_end ] --START--
INFO: Run Behavior\ShowPageTraceBehavior [ RunTime:0.000445s ]
INFO: [ app_end ] --END-- [ RunTime:0.000494s ]

[ 2016-03-08T15:14:19+08:00 ] 222.211.175.70 /bambin/index.php?=Admin
INFO: [ app_init ] --START--
INFO: Run Behavior\BuildLiteBehavior [ RunTime:0.000015s ]
INFO: [ app_init ] --END-- [ RunTime:0.000297s ]
INFO: [ app_begin ] --START--
INFO: Run Behavior\ReadHtmlCacheBehavior [ RunTime:0.000367s ]
INFO: [ app_begin ] --END-- [ RunTime:0.000411s ]
SQL: SHOW COLUMNS FROM `bm_nav` [ RunTime:0.0008s ]
SQL: SHOW COLUMNS FROM `bm_nav` [ RunTime:0.0125s ]
SQL: SELECT `name`,`url` FROM `bm_nav` WHERE ( is_head=1 ) ORDER BY sort asc  [ RunTime:0.0001s ]
SQL: SHOW COLUMNS FROM `bm_myinfor` [ RunTime:0.0004s ]
SQL: SELECT `copyright`,`address` FROM `bm_myinfor` WHERE ( id=1 ) LIMIT 1   [ RunTime:0.0001s ]
SQL: SHOW COLUMNS FROM `bm_about` [ RunTime:0.0005s ]
SQL: SELECT `img`,`info` FROM `bm_about` ORDER BY id desc LIMIT 1   [ RunTime:0.0001s ]
SQL: SHOW COLUMNS FROM `bm_recommend` [ RunTime:0.0003s ]
SQL: SELECT `goods_id` FROM `bm_recommend` ORDER BY sort asc  [ RunTime:0.0001s ]
SQL: SHOW COLUMNS FROM `bm_goods` [ RunTime:0.0004s ]
SQL: SELECT `id`,`name`,`info`,`img_thumb` FROM `bm_goods` WHERE ( id=6 ) LIMIT 1   [ RunTime:0.0001s ]
SQL: SELECT `id`,`name`,`info`,`img_thumb` FROM `bm_goods` WHERE ( id=7 ) LIMIT 1   [ RunTime:0.0001s ]
SQL: SHOW COLUMNS FROM `bm_news` [ RunTime:0.0004s ]
SQL: SELECT `id`,`title`,`time` FROM `bm_news` WHERE ( is_top=1 ) ORDER BY time desc  [ RunTime:0.0001s ]
INFO: [ view_parse ] --START--
INFO: [ template_filter ] --START--
INFO: Run Behavior\ContentReplaceBehavior [ RunTime:0.000100s ]
INFO: [ template_filter ] --END-- [ RunTime:0.000181s ]
NOTIC: [8] Undefined variable: user /mnt/www/web/e005151611/public_html/bambin/Application/Runtime/Cache/Home/2a94b8bda04ff446dcedd42276fc99ee.php 第 19 行.
INFO: Run Behavior\ParseTemplateBehavior [ RunTime:0.022841s ]
INFO: [ view_parse ] --END-- [ RunTime:0.022901s ]
INFO: [ view_filter ] --START--
INFO: Run Behavior\WriteHtmlCacheBehavior [ RunTime:0.000205s ]
INFO: [ view_filter ] --END-- [ RunTime:0.000265s ]
INFO: [ app_end ] --START--
INFO: Run Behavior\ShowPageTraceBehavior [ RunTime:0.000631s ]
INFO: [ app_end ] --END-- [ RunTime:0.000695s ]

[ 2016-03-08T15:14:20+08:00 ] 101.226.33.200 /bambin/index.php?=Admin
INFO: [ app_init ] --START--
INFO: Run Behavior\BuildLiteBehavior [ RunTime:0.000013s ]
INFO: [ app_init ] --END-- [ RunTime:0.000281s ]
INFO: [ app_begin ] --START--
INFO: Run Behavior\ReadHtmlCacheBehavior [ RunTime:0.000384s ]
INFO: [ app_begin ] --END-- [ RunTime:0.000427s ]
SQL: SHOW COLUMNS FROM `bm_nav` [ RunTime:0.0006s ]
SQL: SHOW COLUMNS FROM `bm_nav` [ RunTime:0.0004s ]
SQL: SELECT `name`,`url` FROM `bm_nav` WHERE ( is_head=1 ) ORDER BY sort asc  [ RunTime:0.0001s ]
SQL: SHOW COLUMNS FROM `bm_myinfor` [ RunTime:0.0004s ]
SQL: SELECT `copyright`,`address` FROM `bm_myinfor` WHERE ( id=1 ) LIMIT 1   [ RunTime:0.0001s ]
SQL: SHOW COLUMNS FROM `bm_about` [ RunTime:0.0004s ]
SQL: SELECT `img`,`info` FROM `bm_about` ORDER BY id desc LIMIT 1   [ RunTime:0.0001s ]
SQL: SHOW COLUMNS FROM `bm_recommend` [ RunTime:0.0003s ]
SQL: SELECT `goods_id` FROM `bm_recommend` ORDER BY sort asc  [ RunTime:0.0001s ]
SQL: SHOW COLUMNS FROM `bm_goods` [ RunTime:0.0004s ]
SQL: SELECT `id`,`name`,`info`,`img_thumb` FROM `bm_goods` WHERE ( id=6 ) LIMIT 1   [ RunTime:0.0001s ]
SQL: SELECT `id`,`name`,`info`,`img_thumb` FROM `bm_goods` WHERE ( id=7 ) LIMIT 1   [ RunTime:0.0001s ]
SQL: SHOW COLUMNS FROM `bm_news` [ RunTime:0.0004s ]
SQL: SELECT `id`,`title`,`time` FROM `bm_news` WHERE ( is_top=1 ) ORDER BY time desc  [ RunTime:0.0001s ]
INFO: [ view_parse ] --START--
INFO: [ template_filter ] --START--
INFO: Run Behavior\ContentReplaceBehavior [ RunTime:0.000068s ]
INFO: [ template_filter ] --END-- [ RunTime:0.000113s ]
NOTIC: [8] Undefined variable: user /mnt/www/web/e005151611/public_html/bambin/Application/Runtime/Cache/Home/2a94b8bda04ff446dcedd42276fc99ee.php 第 19 行.
INFO: Run Behavior\ParseTemplateBehavior [ RunTime:0.009474s ]
INFO: [ view_parse ] --END-- [ RunTime:0.009516s ]
INFO: [ view_filter ] --START--
INFO: Run Behavior\WriteHtmlCacheBehavior [ RunTime:0.000120s ]
INFO: [ view_filter ] --END-- [ RunTime:0.000157s ]
INFO: [ app_end ] --START--
INFO: Run Behavior\ShowPageTraceBehavior [ RunTime:0.000414s ]
INFO: [ app_end ] --END-- [ RunTime:0.000453s ]

[ 2016-03-08T15:14:39+08:00 ] 222.211.175.70 /bambin/index.php?/=Admin
INFO: [ app_init ] --START--
INFO: Run Behavior\BuildLiteBehavior [ RunTime:0.000021s ]
INFO: [ app_init ] --END-- [ RunTime:0.000323s ]
INFO: [ app_begin ] --START--
INFO: Run Behavior\ReadHtmlCacheBehavior [ RunTime:0.000407s ]
INFO: [ app_begin ] --END-- [ RunTime:0.000457s ]
SQL: SHOW COLUMNS FROM `bm_nav` [ RunTime:0.0007s ]
SQL: SHOW COLUMNS FROM `bm_nav` [ RunTime:0.0004s ]
SQL: SELECT `name`,`url` FROM `bm_nav` WHERE ( is_head=1 ) ORDER BY sort asc  [ RunTime:0.0001s ]
SQL: SHOW COLUMNS FROM `bm_myinfor` [ RunTime:0.0005s ]
SQL: SELECT `copyright`,`address` FROM `bm_myinfor` WHERE ( id=1 ) LIMIT 1   [ RunTime:0.0001s ]
SQL: SHOW COLUMNS FROM `bm_about` [ RunTime:0.0004s ]
SQL: SELECT `img`,`info` FROM `bm_about` ORDER BY id desc LIMIT 1   [ RunTime:0.0001s ]
SQL: SHOW COLUMNS FROM `bm_recommend` [ RunTime:0.0003s ]
SQL: SELECT `goods_id` FROM `bm_recommend` ORDER BY sort asc  [ RunTime:0.0001s ]
SQL: SHOW COLUMNS FROM `bm_goods` [ RunTime:0.0004s ]
SQL: SELECT `id`,`name`,`info`,`img_thumb` FROM `bm_goods` WHERE ( id=6 ) LIMIT 1   [ RunTime:0.0001s ]
SQL: SELECT `id`,`name`,`info`,`img_thumb` FROM `bm_goods` WHERE ( id=7 ) LIMIT 1   [ RunTime:0.0001s ]
SQL: SHOW COLUMNS FROM `bm_news` [ RunTime:0.0005s ]
SQL: SELECT `id`,`title`,`time` FROM `bm_news` WHERE ( is_top=1 ) ORDER BY time desc  [ RunTime:0.0001s ]
INFO: [ view_parse ] --START--
INFO: [ template_filter ] --START--
INFO: Run Behavior\ContentReplaceBehavior [ RunTime:0.000074s ]
INFO: [ template_filter ] --END-- [ RunTime:0.000138s ]
NOTIC: [8] Undefined variable: user /mnt/www/web/e005151611/public_html/bambin/Application/Runtime/Cache/Home/2a94b8bda04ff446dcedd42276fc99ee.php 第 19 行.
INFO: Run Behavior\ParseTemplateBehavior [ RunTime:0.009834s ]
INFO: [ view_parse ] --END-- [ RunTime:0.009884s ]
INFO: [ view_filter ] --START--
INFO: Run Behavior\WriteHtmlCacheBehavior [ RunTime:0.000139s ]
INFO: [ view_filter ] --END-- [ RunTime:0.000177s ]
INFO: [ app_end ] --START--
INFO: Run Behavior\ShowPageTraceBehavior [ RunTime:0.000405s ]
INFO: [ app_end ] --END-- [ RunTime:0.000449s ]

[ 2016-03-08T15:14:41+08:00 ] 101.226.33.204 /bambin/index.php?/=Admin
INFO: [ app_init ] --START--
INFO: Run Behavior\BuildLiteBehavior [ RunTime:0.000031s ]
INFO: [ app_init ] --END-- [ RunTime:0.000648s ]
INFO: [ app_begin ] --START--
INFO: Run Behavior\ReadHtmlCacheBehavior [ RunTime:0.000406s ]
INFO: [ app_begin ] --END-- [ RunTime:0.000451s ]
SQL: SHOW COLUMNS FROM `bm_nav` [ RunTime:0.0006s ]
SQL: SHOW COLUMNS FROM `bm_nav` [ RunTime:0.0004s ]
SQL: SELECT `name`,`url` FROM `bm_nav` WHERE ( is_head=1 ) ORDER BY sort asc  [ RunTime:0.0001s ]
SQL: SHOW COLUMNS FROM `bm_myinfor` [ RunTime:0.0004s ]
SQL: SELECT `copyright`,`address` FROM `bm_myinfor` WHERE ( id=1 ) LIMIT 1   [ RunTime:0.0001s ]
SQL: SHOW COLUMNS FROM `bm_about` [ RunTime:0.0003s ]
SQL: SELECT `img`,`info` FROM `bm_about` ORDER BY id desc LIMIT 1   [ RunTime:0.0001s ]
SQL: SHOW COLUMNS FROM `bm_recommend` [ RunTime:0.0003s ]
SQL: SELECT `goods_id` FROM `bm_recommend` ORDER BY sort asc  [ RunTime:0.0001s ]
SQL: SHOW COLUMNS FROM `bm_goods` [ RunTime:0.0004s ]
SQL: SELECT `id`,`name`,`info`,`img_thumb` FROM `bm_goods` WHERE ( id=6 ) LIMIT 1   [ RunTime:0.0001s ]
SQL: SELECT `id`,`name`,`info`,`img_thumb` FROM `bm_goods` WHERE ( id=7 ) LIMIT 1   [ RunTime:0.0001s ]
SQL: SHOW COLUMNS FROM `bm_news` [ RunTime:0.0004s ]
SQL: SELECT `id`,`title`,`time` FROM `bm_news` WHERE ( is_top=1 ) ORDER BY time desc  [ RunTime:0.0001s ]
INFO: [ view_parse ] --START--
INFO: [ template_filter ] --START--
INFO: Run Behavior\ContentReplaceBehavior [ RunTime:0.000067s ]
INFO: [ template_filter ] --END-- [ RunTime:0.000114s ]
NOTIC: [8] Undefined variable: user /mnt/www/web/e005151611/public_html/bambin/Application/Runtime/Cache/Home/2a94b8bda04ff446dcedd42276fc99ee.php 第 19 行.
INFO: Run Behavior\ParseTemplateBehavior [ RunTime:0.014671s ]
INFO: [ view_parse ] --END-- [ RunTime:0.014715s ]
INFO: [ view_filter ] --START--
INFO: Run Behavior\WriteHtmlCacheBehavior [ RunTime:0.000127s ]
INFO: [ view_filter ] --END-- [ RunTime:0.000163s ]
INFO: [ app_end ] --START--
INFO: Run Behavior\ShowPageTraceBehavior [ RunTime:0.000388s ]
INFO: [ app_end ] --END-- [ RunTime:0.000426s ]

