[ 2016-03-10T09:20:55+08:00 ] 101.226.89.123 /bambin/
INFO: [ app_init ] --START--
INFO: Run Behavior\BuildLiteBehavior [ RunTime:0.000023s ]
INFO: [ app_init ] --END-- [ RunTime:0.001982s ]
INFO: [ app_begin ] --START--
INFO: Run Behavior\ReadHtmlCacheBehavior [ RunTime:0.002829s ]
INFO: [ app_begin ] --END-- [ RunTime:0.002920s ]
SQL: SHOW COLUMNS FROM `bm_nav` [ RunTime:0.0396s ]
SQL: SHOW COLUMNS FROM `bm_nav` [ RunTime:0.0012s ]
SQL: SELECT `name`,`url` FROM `bm_nav` WHERE ( is_head=1 ) ORDER BY sort asc  [ RunTime:0.0004s ]
SQL: SHOW COLUMNS FROM `bm_myinfor` [ RunTime:0.0103s ]
SQL: SELECT `copyright`,`address` FROM `bm_myinfor` WHERE ( id=1 ) LIMIT 1   [ RunTime:0.0009s ]
SQL: SHOW COLUMNS FROM `bm_about` [ RunTime:0.0050s ]
SQL: SELECT `img`,`info` FROM `bm_about` ORDER BY id desc LIMIT 1   [ RunTime:0.0003s ]
SQL: SHOW COLUMNS FROM `bm_recommend` [ RunTime:0.0145s ]
SQL: SELECT `goods_id` FROM `bm_recommend` ORDER BY sort asc  [ RunTime:0.0011s ]
SQL: SHOW COLUMNS FROM `bm_goods` [ RunTime:0.0267s ]
SQL: SELECT `id`,`name`,`info`,`img_thumb` FROM `bm_goods` WHERE ( id=6 ) LIMIT 1   [ RunTime:0.0001s ]
SQL: SELECT `id`,`name`,`info`,`img_thumb` FROM `bm_goods` WHERE ( id=7 ) LIMIT 1   [ RunTime:0.0003s ]
SQL: SHOW COLUMNS FROM `bm_news` [ RunTime:0.0046s ]
SQL: SELECT `id`,`title`,`time` FROM `bm_news` WHERE ( is_top=1 ) ORDER BY time desc  [ RunTime:0.0008s ]
INFO: [ view_parse ] --START--
INFO: [ template_filter ] --START--
INFO: Run Behavior\ContentReplaceBehavior [ RunTime:0.000076s ]
INFO: [ template_filter ] --END-- [ RunTime:0.000144s ]
NOTIC: [8] Undefined variable: user /mnt/www/web/e005151611/public_html/bambin/Application/Runtime/Cache/Home/2a94b8bda04ff446dcedd42276fc99ee.php 第 19 行.
INFO: Run Behavior\ParseTemplateBehavior [ RunTime:0.152339s ]
INFO: [ view_parse ] --END-- [ RunTime:0.152408s ]
INFO: [ view_filter ] --START--
INFO: Run Behavior\WriteHtmlCacheBehavior [ RunTime:0.001189s ]
INFO: [ view_filter ] --END-- [ RunTime:0.001252s ]
INFO: [ app_end ] --START--
INFO: Run Behavior\ShowPageTraceBehavior [ RunTime:0.001301s ]
INFO: [ app_end ] --END-- [ RunTime:0.001347s ]

[ 2016-03-10T09:20:55+08:00 ] 125.71.79.223 /bambin/
INFO: [ app_init ] --START--
INFO: Run Behavior\BuildLiteBehavior [ RunTime:0.000023s ]
INFO: [ app_init ] --END-- [ RunTime:0.001104s ]
INFO: [ app_begin ] --START--
INFO: Run Behavior\ReadHtmlCacheBehavior [ RunTime:0.001601s ]
INFO: [ app_begin ] --END-- [ RunTime:0.001690s ]
SQL: SHOW COLUMNS FROM `bm_nav` [ RunTime:0.0399s ]
SQL: SHOW COLUMNS FROM `bm_nav` [ RunTime:0.0008s ]
SQL: SELECT `name`,`url` FROM `bm_nav` WHERE ( is_head=1 ) ORDER BY sort asc  [ RunTime:0.0005s ]
SQL: SHOW COLUMNS FROM `bm_myinfor` [ RunTime:0.0103s ]
SQL: SELECT `copyright`,`address` FROM `bm_myinfor` WHERE ( id=1 ) LIMIT 1   [ RunTime:0.0001s ]
SQL: SHOW COLUMNS FROM `bm_about` [ RunTime:0.0057s ]
SQL: SELECT `img`,`info` FROM `bm_about` ORDER BY id desc LIMIT 1   [ RunTime:0.0004s ]
SQL: SHOW COLUMNS FROM `bm_recommend` [ RunTime:0.0146s ]
SQL: SELECT `goods_id` FROM `bm_recommend` ORDER BY sort asc  [ RunTime:0.0001s ]
SQL: SHOW COLUMNS FROM `bm_goods` [ RunTime:0.0266s ]
SQL: SELECT `id`,`name`,`info`,`img_thumb` FROM `bm_goods` WHERE ( id=6 ) LIMIT 1   [ RunTime:0.0009s ]
SQL: SELECT `id`,`name`,`info`,`img_thumb` FROM `bm_goods` WHERE ( id=7 ) LIMIT 1   [ RunTime:0.0006s ]
SQL: SHOW COLUMNS FROM `bm_news` [ RunTime:0.0046s ]
SQL: SELECT `id`,`title`,`time` FROM `bm_news` WHERE ( is_top=1 ) ORDER BY time desc  [ RunTime:0.0001s ]
INFO: [ view_parse ] --START--
INFO: [ template_filter ] --START--
INFO: Run Behavior\ContentReplaceBehavior [ RunTime:0.000090s ]
INFO: [ template_filter ] --END-- [ RunTime:0.000178s ]
NOTIC: [8] Undefined variable: user /mnt/www/web/e005151611/public_html/bambin/Application/Runtime/Cache/Home/2a94b8bda04ff446dcedd42276fc99ee.php 第 19 行.
INFO: Run Behavior\ParseTemplateBehavior [ RunTime:0.154491s ]
INFO: [ view_parse ] --END-- [ RunTime:0.154561s ]
INFO: [ view_filter ] --START--
INFO: Run Behavior\WriteHtmlCacheBehavior [ RunTime:0.000153s ]
INFO: [ view_filter ] --END-- [ RunTime:0.000191s ]
INFO: [ app_end ] --START--
INFO: Run Behavior\ShowPageTraceBehavior [ RunTime:0.001034s ]
INFO: [ app_end ] --END-- [ RunTime:0.001074s ]

[ 2016-03-10T09:21:07+08:00 ] 125.71.79.223 /bambin/index.php?m=Home&c=Index&a=about
INFO: [ app_init ] --START--
INFO: Run Behavior\BuildLiteBehavior [ RunTime:0.000018s ]
INFO: [ app_init ] --END-- [ RunTime:0.000322s ]
INFO: [ app_begin ] --START--
INFO: Run Behavior\ReadHtmlCacheBehavior [ RunTime:0.000356s ]
INFO: [ app_begin ] --END-- [ RunTime:0.000398s ]
SQL: SHOW COLUMNS FROM `bm_nav` [ RunTime:0.0007s ]
SQL: SHOW COLUMNS FROM `bm_nav` [ RunTime:0.0004s ]
SQL: SELECT `name`,`url` FROM `bm_nav` WHERE ( is_head=1 ) ORDER BY sort asc  [ RunTime:0.0001s ]
SQL: SHOW COLUMNS FROM `bm_myinfor` [ RunTime:0.0004s ]
SQL: SELECT `copyright`,`address` FROM `bm_myinfor` WHERE ( id=1 ) LIMIT 1   [ RunTime:0.0001s ]
SQL: SELECT `name`,`url` FROM `bm_nav` WHERE ( is_side=1 ) ORDER BY sort asc  [ RunTime:0.0001s ]
SQL: SHOW COLUMNS FROM `bm_about` [ RunTime:0.0004s ]
SQL: SELECT `img`,`content` FROM `bm_about` ORDER BY id desc LIMIT 1   [ RunTime:0.0001s ]
INFO: [ view_parse ] --START--
INFO: [ template_filter ] --START--
INFO: Run Behavior\ContentReplaceBehavior [ RunTime:0.000071s ]
INFO: [ template_filter ] --END-- [ RunTime:0.000136s ]
NOTIC: [8] Undefined variable: user /mnt/www/web/e005151611/public_html/bambin/Application/Runtime/Cache/Home/5941d6446379a4a50e980a139ca5299f.php 第 17 行.
INFO: Run Behavior\ParseTemplateBehavior [ RunTime:0.099819s ]
INFO: [ view_parse ] --END-- [ RunTime:0.099891s ]
INFO: [ view_filter ] --START--
INFO: Run Behavior\WriteHtmlCacheBehavior [ RunTime:0.000149s ]
INFO: [ view_filter ] --END-- [ RunTime:0.000189s ]
INFO: [ app_end ] --START--
INFO: Run Behavior\ShowPageTraceBehavior [ RunTime:0.000439s ]
INFO: [ app_end ] --END-- [ RunTime:0.000479s ]

[ 2016-03-10T09:21:07+08:00 ] 101.226.89.119 /bambin/index.php?m=Home&c=Index&a=about
INFO: [ app_init ] --START--
INFO: Run Behavior\BuildLiteBehavior [ RunTime:0.000017s ]
INFO: [ app_init ] --END-- [ RunTime:0.000336s ]
INFO: [ app_begin ] --START--
INFO: Run Behavior\ReadHtmlCacheBehavior [ RunTime:0.000495s ]
INFO: [ app_begin ] --END-- [ RunTime:0.000560s ]
SQL: SHOW COLUMNS FROM `bm_nav` [ RunTime:0.0006s ]
SQL: SHOW COLUMNS FROM `bm_nav` [ RunTime:0.0004s ]
SQL: SELECT `name`,`url` FROM `bm_nav` WHERE ( is_head=1 ) ORDER BY sort asc  [ RunTime:0.0001s ]
SQL: SHOW COLUMNS FROM `bm_myinfor` [ RunTime:0.0004s ]
SQL: SELECT `copyright`,`address` FROM `bm_myinfor` WHERE ( id=1 ) LIMIT 1   [ RunTime:0.0001s ]
SQL: SELECT `name`,`url` FROM `bm_nav` WHERE ( is_side=1 ) ORDER BY sort asc  [ RunTime:0.0001s ]
SQL: SHOW COLUMNS FROM `bm_about` [ RunTime:0.0004s ]
SQL: SELECT `img`,`content` FROM `bm_about` ORDER BY id desc LIMIT 1   [ RunTime:0.0001s ]
INFO: [ view_parse ] --START--
INFO: [ template_filter ] --START--
INFO: Run Behavior\ContentReplaceBehavior [ RunTime:0.000058s ]
INFO: [ template_filter ] --END-- [ RunTime:0.000104s ]
NOTIC: [8] Undefined variable: user /mnt/www/web/e005151611/public_html/bambin/Application/Runtime/Cache/Home/5941d6446379a4a50e980a139ca5299f.php 第 17 行.
INFO: Run Behavior\ParseTemplateBehavior [ RunTime:0.030715s ]
INFO: [ view_parse ] --END-- [ RunTime:0.030761s ]
INFO: [ view_filter ] --START--
INFO: Run Behavior\WriteHtmlCacheBehavior [ RunTime:0.000122s ]
INFO: [ view_filter ] --END-- [ RunTime:0.000163s ]
INFO: [ app_end ] --START--
INFO: Run Behavior\ShowPageTraceBehavior [ RunTime:0.000490s ]
INFO: [ app_end ] --END-- [ RunTime:0.000534s ]

[ 2016-03-10T16:59:45+08:00 ] 220.181.108.149 /bambin/
INFO: [ app_init ] --START--
INFO: Run Behavior\BuildLiteBehavior [ RunTime:0.000028s ]
INFO: [ app_init ] --END-- [ RunTime:0.001426s ]
INFO: [ app_begin ] --START--
INFO: Run Behavior\ReadHtmlCacheBehavior [ RunTime:0.002470s ]
INFO: [ app_begin ] --END-- [ RunTime:0.002656s ]
SQL: SHOW COLUMNS FROM `bm_nav` [ RunTime:0.0008s ]
SQL: SHOW COLUMNS FROM `bm_nav` [ RunTime:0.0004s ]
SQL: SELECT `name`,`url` FROM `bm_nav` WHERE ( is_head=1 ) ORDER BY sort asc  [ RunTime:0.0001s ]
SQL: SHOW COLUMNS FROM `bm_myinfor` [ RunTime:0.0005s ]
SQL: SELECT `copyright`,`address` FROM `bm_myinfor` WHERE ( id=1 ) LIMIT 1   [ RunTime:0.0001s ]
SQL: SHOW COLUMNS FROM `bm_about` [ RunTime:0.0004s ]
SQL: SELECT `img`,`info` FROM `bm_about` ORDER BY id desc LIMIT 1   [ RunTime:0.0001s ]
SQL: SHOW COLUMNS FROM `bm_recommend` [ RunTime:0.0004s ]
SQL: SELECT `goods_id` FROM `bm_recommend` ORDER BY sort asc  [ RunTime:0.0001s ]
SQL: SHOW COLUMNS FROM `bm_goods` [ RunTime:0.0006s ]
SQL: SELECT `id`,`name`,`info`,`img_thumb` FROM `bm_goods` WHERE ( id=6 ) LIMIT 1   [ RunTime:0.0001s ]
SQL: SELECT `id`,`name`,`info`,`img_thumb` FROM `bm_goods` WHERE ( id=7 ) LIMIT 1   [ RunTime:0.0001s ]
SQL: SHOW COLUMNS FROM `bm_news` [ RunTime:0.0005s ]
SQL: SELECT `id`,`title`,`time` FROM `bm_news` WHERE ( is_top=1 ) ORDER BY time desc  [ RunTime:0.0001s ]
INFO: [ view_parse ] --START--
INFO: [ template_filter ] --START--
INFO: Run Behavior\ContentReplaceBehavior [ RunTime:0.000097s ]
INFO: [ template_filter ] --END-- [ RunTime:0.000169s ]
NOTIC: [8] Undefined variable: user /mnt/www/web/e005151611/public_html/bambin/Application/Runtime/Cache/Home/2a94b8bda04ff446dcedd42276fc99ee.php 第 19 行.
INFO: Run Behavior\ParseTemplateBehavior [ RunTime:0.108398s ]
INFO: [ view_parse ] --END-- [ RunTime:0.108512s ]
INFO: [ view_filter ] --START--
INFO: Run Behavior\WriteHtmlCacheBehavior [ RunTime:0.001136s ]
INFO: [ view_filter ] --END-- [ RunTime:0.001199s ]
INFO: [ app_end ] --START--
INFO: Run Behavior\ShowPageTraceBehavior [ RunTime:0.001272s ]
INFO: [ app_end ] --END-- [ RunTime:0.001315s ]

[ 2016-03-10T19:44:26+08:00 ] 220.181.108.176 /bambin/index.php?m=Home&c=Index&a=newsDetail&id=3
INFO: [ app_init ] --START--
INFO: Run Behavior\BuildLiteBehavior [ RunTime:0.000022s ]
INFO: [ app_init ] --END-- [ RunTime:0.002357s ]
INFO: [ app_begin ] --START--
INFO: Run Behavior\ReadHtmlCacheBehavior [ RunTime:0.002127s ]
INFO: [ app_begin ] --END-- [ RunTime:0.002234s ]
SQL: SHOW COLUMNS FROM `bm_nav` [ RunTime:0.0007s ]
SQL: SHOW COLUMNS FROM `bm_nav` [ RunTime:0.0004s ]
SQL: SELECT `name`,`url` FROM `bm_nav` WHERE ( is_head=1 ) ORDER BY sort asc  [ RunTime:0.0001s ]
SQL: SHOW COLUMNS FROM `bm_myinfor` [ RunTime:0.0005s ]
SQL: SELECT `copyright`,`address` FROM `bm_myinfor` WHERE ( id=1 ) LIMIT 1   [ RunTime:0.0001s ]
SQL: SHOW COLUMNS FROM `bm_news` [ RunTime:0.0010s ]
SQL: SHOW COLUMNS FROM `bm_news_detail` [ RunTime:0.0131s ]
SQL: SELECT news.title AS title,news.time AS time,news.writer AS writer,news_detail.content AS content FROM bm_news news  JOIN bm_news_detail news_detail ON news_detail.news_id = news.id WHERE ( news.id =3 ) LIMIT 1   [ RunTime:0.0157s ]
SQL: SELECT `id` FROM `bm_news` WHERE ( id <3 ) LIMIT 1   [ RunTime:0.0004s ]
SQL: SELECT `id` FROM `bm_news` WHERE ( id >3 ) LIMIT 1   [ RunTime:0.0002s ]
SQL: SELECT `id`,`title` FROM `bm_news` WHERE ( is_top = 1 )  [ RunTime:0.0002s ]
SQL: SELECT `name`,`url` FROM `bm_nav` WHERE ( is_side=1 ) ORDER BY sort asc  [ RunTime:0.0011s ]
INFO: [ view_parse ] --START--
INFO: [ template_filter ] --START--
INFO: Run Behavior\ContentReplaceBehavior [ RunTime:0.000091s ]
INFO: [ template_filter ] --END-- [ RunTime:0.000165s ]
NOTIC: [8] Undefined variable: user /mnt/www/web/e005151611/public_html/bambin/Application/Runtime/Cache/Home/5ce56c6da75d18834febc25b28cacbc3.php 第 17 行.
INFO: Run Behavior\ParseTemplateBehavior [ RunTime:0.112458s ]
INFO: [ view_parse ] --END-- [ RunTime:0.112543s ]
INFO: [ view_filter ] --START--
INFO: Run Behavior\WriteHtmlCacheBehavior [ RunTime:0.002429s ]
INFO: [ view_filter ] --END-- [ RunTime:0.002471s ]
INFO: [ app_end ] --START--
INFO: Run Behavior\ShowPageTraceBehavior [ RunTime:0.001256s ]
INFO: [ app_end ] --END-- [ RunTime:0.001320s ]

[ 2016-03-10T19:47:00+08:00 ] 220.181.108.185 /bambin/index.php?m=Home&c=Goods&a=detail&
INFO: [ app_init ] --START--
INFO: Run Behavior\BuildLiteBehavior [ RunTime:0.000022s ]
INFO: [ app_init ] --END-- [ RunTime:0.000348s ]
INFO: [ app_begin ] --START--
INFO: Run Behavior\ReadHtmlCacheBehavior [ RunTime:0.000607s ]
INFO: [ app_begin ] --END-- [ RunTime:0.000681s ]
SQL: SHOW COLUMNS FROM `bm_nav` [ RunTime:0.0007s ]
SQL: SHOW COLUMNS FROM `bm_nav` [ RunTime:0.0005s ]
SQL: SELECT `name`,`url` FROM `bm_nav` WHERE ( is_head=1 ) ORDER BY sort asc  [ RunTime:0.0001s ]
SQL: SHOW COLUMNS FROM `bm_myinfor` [ RunTime:0.0004s ]
SQL: SELECT `copyright`,`address` FROM `bm_myinfor` WHERE ( id=1 ) LIMIT 1   [ RunTime:0.0001s ]
SQL: SHOW COLUMNS FROM `bm_goods` [ RunTime:0.0009s ]
SQL: SHOW COLUMNS FROM `bm_goods_detail` [ RunTime:0.0138s ]
SQL: SELECT goods.id AS id,goods.name AS name,goods.img_thumb AS img_thumb,goods.sale_price AS sale_price,goods.standard AS standard,goods.effect AS effect,goods.info AS info,goods.inventory AS inventory,goods.is_show AS is_show,goods_detail.name_all AS name_all,goods_detail.content AS content,goods_detail.dc AS dc,goods_detail.send_price AS send_price FROM bm_goods goods  JOIN bm_goods_detail goods_detail ON goods_detail.goods_id=goods.id WHERE ( goods.id=0 ) LIMIT 1   [ RunTime:0.0005s ]
SQL: SHOW COLUMNS FROM `bm_region` [ RunTime:0.1571s ]
NOTIC: [8] Undefined index: dc /mnt/www/web/e005151611/public_html/bambin/Application/Home/Controller/GoodsController.class.php 第 58 行.
ERR: 1064:You have an error in your SQL syntax; check the manual that corresponds to your MySQL server version for the right syntax to use near ') LIMIT 1' at line 1
 [ SQL语句 ] : SELECT `name` FROM `bm_region` WHERE ( id= ) LIMIT 1  
ERR: 1064:You have an error in your SQL syntax; check the manual that corresponds to your MySQL server version for the right syntax to use near ') LIMIT 1' at line 1
 [ SQL语句 ] : SELECT `name` FROM `bm_region` WHERE ( id= ) LIMIT 1  

[ 2016-03-10T19:48:17+08:00 ] 220.181.108.99 /bambin/index.php?m=Home&c=Buy&a=cart
INFO: [ app_init ] --START--
INFO: Run Behavior\BuildLiteBehavior [ RunTime:0.000016s ]
INFO: [ app_init ] --END-- [ RunTime:0.000400s ]
INFO: [ app_begin ] --START--
INFO: Run Behavior\ReadHtmlCacheBehavior [ RunTime:0.000584s ]
INFO: [ app_begin ] --END-- [ RunTime:0.000643s ]
INFO: [ view_parse ] --START--
INFO: [ template_filter ] --START--
INFO: Run Behavior\ContentReplaceBehavior [ RunTime:0.000052s ]
INFO: [ template_filter ] --END-- [ RunTime:0.000111s ]
INFO: Run Behavior\ParseTemplateBehavior [ RunTime:0.037152s ]
INFO: [ view_parse ] --END-- [ RunTime:0.037251s ]
INFO: [ view_filter ] --START--
INFO: Run Behavior\WriteHtmlCacheBehavior [ RunTime:0.000240s ]
INFO: [ view_filter ] --END-- [ RunTime:0.000281s ]

[ 2016-03-10T19:49:34+08:00 ] 123.125.71.114 /bambin/index.php?m=Home&c=Index&a=newsDetail&id=2
INFO: [ app_init ] --START--
INFO: Run Behavior\BuildLiteBehavior [ RunTime:0.000014s ]
INFO: [ app_init ] --END-- [ RunTime:0.000325s ]
INFO: [ app_begin ] --START--
INFO: Run Behavior\ReadHtmlCacheBehavior [ RunTime:0.000359s ]
INFO: [ app_begin ] --END-- [ RunTime:0.000414s ]
SQL: SHOW COLUMNS FROM `bm_nav` [ RunTime:0.0006s ]
SQL: SHOW COLUMNS FROM `bm_nav` [ RunTime:0.0004s ]
SQL: SELECT `name`,`url` FROM `bm_nav` WHERE ( is_head=1 ) ORDER BY sort asc  [ RunTime:0.0001s ]
SQL: SHOW COLUMNS FROM `bm_myinfor` [ RunTime:0.0004s ]
SQL: SELECT `copyright`,`address` FROM `bm_myinfor` WHERE ( id=1 ) LIMIT 1   [ RunTime:0.0001s ]
SQL: SHOW COLUMNS FROM `bm_news` [ RunTime:0.0004s ]
SQL: SHOW COLUMNS FROM `bm_news_detail` [ RunTime:0.0003s ]
SQL: SELECT news.title AS title,news.time AS time,news.writer AS writer,news_detail.content AS content FROM bm_news news  JOIN bm_news_detail news_detail ON news_detail.news_id = news.id WHERE ( news.id =2 ) LIMIT 1   [ RunTime:0.0003s ]
SQL: SELECT `id` FROM `bm_news` WHERE ( id <2 ) LIMIT 1   [ RunTime:0.0002s ]
SQL: SELECT `id` FROM `bm_news` WHERE ( id >2 ) LIMIT 1   [ RunTime:0.0003s ]
SQL: SELECT `id`,`title` FROM `bm_news` WHERE ( is_top = 1 )  [ RunTime:0.0001s ]
SQL: SELECT `name`,`url` FROM `bm_nav` WHERE ( is_side=1 ) ORDER BY sort asc  [ RunTime:0.0001s ]
INFO: [ view_parse ] --START--
INFO: [ template_filter ] --START--
INFO: Run Behavior\ContentReplaceBehavior [ RunTime:0.000068s ]
INFO: [ template_filter ] --END-- [ RunTime:0.000111s ]
NOTIC: [8] Undefined variable: user /mnt/www/web/e005151611/public_html/bambin/Application/Runtime/Cache/Home/5ce56c6da75d18834febc25b28cacbc3.php 第 17 行.
INFO: Run Behavior\ParseTemplateBehavior [ RunTime:0.009805s ]
INFO: [ view_parse ] --END-- [ RunTime:0.009848s ]
INFO: [ view_filter ] --START--
INFO: Run Behavior\WriteHtmlCacheBehavior [ RunTime:0.000125s ]
INFO: [ view_filter ] --END-- [ RunTime:0.000169s ]
INFO: [ app_end ] --START--
INFO: Run Behavior\ShowPageTraceBehavior [ RunTime:0.000412s ]
INFO: [ app_end ] --END-- [ RunTime:0.000454s ]

[ 2016-03-10T19:50:51+08:00 ] 220.181.108.102 /bambin/index.php?m=Home&c=Index&a=news
INFO: [ app_init ] --START--
INFO: Run Behavior\BuildLiteBehavior [ RunTime:0.000018s ]
INFO: [ app_init ] --END-- [ RunTime:0.000429s ]
INFO: [ app_begin ] --START--
INFO: Run Behavior\ReadHtmlCacheBehavior [ RunTime:0.000446s ]
INFO: [ app_begin ] --END-- [ RunTime:0.000489s ]
SQL: SHOW COLUMNS FROM `bm_nav` [ RunTime:0.0007s ]
SQL: SHOW COLUMNS FROM `bm_nav` [ RunTime:0.0004s ]
SQL: SELECT `name`,`url` FROM `bm_nav` WHERE ( is_head=1 ) ORDER BY sort asc  [ RunTime:0.0001s ]
SQL: SHOW COLUMNS FROM `bm_myinfor` [ RunTime:0.0005s ]
SQL: SELECT `copyright`,`address` FROM `bm_myinfor` WHERE ( id=1 ) LIMIT 1   [ RunTime:0.0001s ]
SQL: SELECT `name`,`url` FROM `bm_nav` WHERE ( is_side=1 ) ORDER BY sort asc  [ RunTime:0.0001s ]
SQL: SHOW COLUMNS FROM `bm_news` [ RunTime:0.0004s ]
SQL: SELECT `id`,`title`,`time`,`info` FROM `bm_news` ORDER BY time desc LIMIT 0,7   [ RunTime:0.0003s ]
SQL: SELECT COUNT(*) AS tp_count FROM `bm_news` LIMIT 1   [ RunTime:0.0002s ]
INFO: [ view_parse ] --START--
INFO: [ template_filter ] --START--
INFO: Run Behavior\ContentReplaceBehavior [ RunTime:0.000096s ]
INFO: [ template_filter ] --END-- [ RunTime:0.000166s ]
NOTIC: [8] Undefined variable: user /mnt/www/web/e005151611/public_html/bambin/Application/Runtime/Cache/Home/cecb45903f8aa0e33f62e7ce7ef7b49f.php 第 17 行.
INFO: Run Behavior\ParseTemplateBehavior [ RunTime:0.034316s ]
INFO: [ view_parse ] --END-- [ RunTime:0.034361s ]
INFO: [ view_filter ] --START--
INFO: Run Behavior\WriteHtmlCacheBehavior [ RunTime:0.000138s ]
INFO: [ view_filter ] --END-- [ RunTime:0.000174s ]
INFO: [ app_end ] --START--
INFO: Run Behavior\ShowPageTraceBehavior [ RunTime:0.000444s ]
INFO: [ app_end ] --END-- [ RunTime:0.000484s ]

[ 2016-03-10T19:52:08+08:00 ] 220.181.108.163 /bambin/index.php?m=Home&c=Index&a=contact
INFO: [ app_init ] --START--
INFO: Run Behavior\BuildLiteBehavior [ RunTime:0.000025s ]
INFO: [ app_init ] --END-- [ RunTime:0.000581s ]
INFO: [ app_begin ] --START--
INFO: Run Behavior\ReadHtmlCacheBehavior [ RunTime:0.000714s ]
INFO: [ app_begin ] --END-- [ RunTime:0.000783s ]
SQL: SHOW COLUMNS FROM `bm_nav` [ RunTime:0.0006s ]
SQL: SHOW COLUMNS FROM `bm_nav` [ RunTime:0.0004s ]
SQL: SELECT `name`,`url` FROM `bm_nav` WHERE ( is_head=1 ) ORDER BY sort asc  [ RunTime:0.0001s ]
SQL: SHOW COLUMNS FROM `bm_myinfor` [ RunTime:0.0004s ]
SQL: SELECT `copyright`,`address` FROM `bm_myinfor` WHERE ( id=1 ) LIMIT 1   [ RunTime:0.0001s ]
SQL: SELECT `address`,`postcode`,`hotline`,`tel`,`fax`,`email`,`url` FROM `bm_myinfor` LIMIT 1   [ RunTime:0.0012s ]
INFO: [ view_parse ] --START--
INFO: [ template_filter ] --START--
INFO: Run Behavior\ContentReplaceBehavior [ RunTime:0.000083s ]
INFO: [ template_filter ] --END-- [ RunTime:0.000153s ]
NOTIC: [8] Undefined variable: user /mnt/www/web/e005151611/public_html/bambin/Application/Runtime/Cache/Home/a873315f4d7930e02d8853d9439fbb36.php 第 17 行.
NOTIC: [8] Undefined variable: side_nav /mnt/www/web/e005151611/public_html/bambin/Application/Runtime/Cache/Home/a873315f4d7930e02d8853d9439fbb36.php 第 52 行.
INFO: Run Behavior\ParseTemplateBehavior [ RunTime:0.030141s ]
INFO: [ view_parse ] --END-- [ RunTime:0.030187s ]
INFO: [ view_filter ] --START--
INFO: Run Behavior\WriteHtmlCacheBehavior [ RunTime:0.000144s ]
INFO: [ view_filter ] --END-- [ RunTime:0.000181s ]
INFO: [ app_end ] --START--
INFO: Run Behavior\ShowPageTraceBehavior [ RunTime:0.000433s ]
INFO: [ app_end ] --END-- [ RunTime:0.000498s ]

[ 2016-03-10T19:53:26+08:00 ] 123.125.71.50 /bambin/index.php?m=Home&c=Index&a=about
INFO: [ app_init ] --START--
INFO: Run Behavior\BuildLiteBehavior [ RunTime:0.000018s ]
INFO: [ app_init ] --END-- [ RunTime:0.000419s ]
INFO: [ app_begin ] --START--
INFO: Run Behavior\ReadHtmlCacheBehavior [ RunTime:0.000416s ]
INFO: [ app_begin ] --END-- [ RunTime:0.000459s ]
SQL: SHOW COLUMNS FROM `bm_nav` [ RunTime:0.0007s ]
SQL: SHOW COLUMNS FROM `bm_nav` [ RunTime:0.0004s ]
SQL: SELECT `name`,`url` FROM `bm_nav` WHERE ( is_head=1 ) ORDER BY sort asc  [ RunTime:0.0001s ]
SQL: SHOW COLUMNS FROM `bm_myinfor` [ RunTime:0.0004s ]
SQL: SELECT `copyright`,`address` FROM `bm_myinfor` WHERE ( id=1 ) LIMIT 1   [ RunTime:0.0001s ]
SQL: SELECT `name`,`url` FROM `bm_nav` WHERE ( is_side=1 ) ORDER BY sort asc  [ RunTime:0.0001s ]
SQL: SHOW COLUMNS FROM `bm_about` [ RunTime:0.0003s ]
SQL: SELECT `img`,`content` FROM `bm_about` ORDER BY id desc LIMIT 1   [ RunTime:0.0021s ]
INFO: [ view_parse ] --START--
INFO: [ template_filter ] --START--
INFO: Run Behavior\ContentReplaceBehavior [ RunTime:0.000067s ]
INFO: [ template_filter ] --END-- [ RunTime:0.000132s ]
NOTIC: [8] Undefined variable: user /mnt/www/web/e005151611/public_html/bambin/Application/Runtime/Cache/Home/5941d6446379a4a50e980a139ca5299f.php 第 17 行.
INFO: Run Behavior\ParseTemplateBehavior [ RunTime:0.024948s ]
INFO: [ view_parse ] --END-- [ RunTime:0.025013s ]
INFO: [ view_filter ] --START--
INFO: Run Behavior\WriteHtmlCacheBehavior [ RunTime:0.000122s ]
INFO: [ view_filter ] --END-- [ RunTime:0.000159s ]
INFO: [ app_end ] --START--
INFO: Run Behavior\ShowPageTraceBehavior [ RunTime:0.000460s ]
INFO: [ app_end ] --END-- [ RunTime:0.000499s ]

[ 2016-03-10T19:54:43+08:00 ] 220.181.108.109 /bambin/index.php?m=Home&c=Index&a=index
INFO: [ app_init ] --START--
INFO: Run Behavior\BuildLiteBehavior [ RunTime:0.000019s ]
INFO: [ app_init ] --END-- [ RunTime:0.000387s ]
INFO: [ app_begin ] --START--
INFO: Run Behavior\ReadHtmlCacheBehavior [ RunTime:0.000485s ]
INFO: [ app_begin ] --END-- [ RunTime:0.000547s ]
SQL: SHOW COLUMNS FROM `bm_nav` [ RunTime:0.0007s ]
SQL: SHOW COLUMNS FROM `bm_nav` [ RunTime:0.0005s ]
SQL: SELECT `name`,`url` FROM `bm_nav` WHERE ( is_head=1 ) ORDER BY sort asc  [ RunTime:0.0001s ]
SQL: SHOW COLUMNS FROM `bm_myinfor` [ RunTime:0.0004s ]
SQL: SELECT `copyright`,`address` FROM `bm_myinfor` WHERE ( id=1 ) LIMIT 1   [ RunTime:0.0001s ]
SQL: SHOW COLUMNS FROM `bm_about` [ RunTime:0.0005s ]
SQL: SELECT `img`,`info` FROM `bm_about` ORDER BY id desc LIMIT 1   [ RunTime:0.0001s ]
SQL: SHOW COLUMNS FROM `bm_recommend` [ RunTime:0.0003s ]
SQL: SELECT `goods_id` FROM `bm_recommend` ORDER BY sort asc  [ RunTime:0.0001s ]
SQL: SHOW COLUMNS FROM `bm_goods` [ RunTime:0.0004s ]
SQL: SELECT `id`,`name`,`info`,`img_thumb` FROM `bm_goods` WHERE ( id=6 ) LIMIT 1   [ RunTime:0.0001s ]
SQL: SELECT `id`,`name`,`info`,`img_thumb` FROM `bm_goods` WHERE ( id=7 ) LIMIT 1   [ RunTime:0.0001s ]
SQL: SHOW COLUMNS FROM `bm_news` [ RunTime:0.0004s ]
SQL: SELECT `id`,`title`,`time` FROM `bm_news` WHERE ( is_top=1 ) ORDER BY time desc  [ RunTime:0.0001s ]
INFO: [ view_parse ] --START--
INFO: [ template_filter ] --START--
INFO: Run Behavior\ContentReplaceBehavior [ RunTime:0.000096s ]
INFO: [ template_filter ] --END-- [ RunTime:0.000162s ]
NOTIC: [8] Undefined variable: user /mnt/www/web/e005151611/public_html/bambin/Application/Runtime/Cache/Home/2a94b8bda04ff446dcedd42276fc99ee.php 第 19 行.
INFO: Run Behavior\ParseTemplateBehavior [ RunTime:0.040289s ]
INFO: [ view_parse ] --END-- [ RunTime:0.040335s ]
INFO: [ view_filter ] --START--
INFO: Run Behavior\WriteHtmlCacheBehavior [ RunTime:0.000142s ]
INFO: [ view_filter ] --END-- [ RunTime:0.000179s ]
INFO: [ app_end ] --START--
INFO: Run Behavior\ShowPageTraceBehavior [ RunTime:0.000409s ]
INFO: [ app_end ] --END-- [ RunTime:0.000448s ]

[ 2016-03-10T19:56:00+08:00 ] 123.125.71.25 /bambin/index.php?m=Home&c=Goods&a=index
INFO: [ app_init ] --START--
INFO: Run Behavior\BuildLiteBehavior [ RunTime:0.000016s ]
INFO: [ app_init ] --END-- [ RunTime:0.000299s ]
INFO: [ app_begin ] --START--
INFO: Run Behavior\ReadHtmlCacheBehavior [ RunTime:0.000394s ]
INFO: [ app_begin ] --END-- [ RunTime:0.000437s ]
SQL: SHOW COLUMNS FROM `bm_nav` [ RunTime:0.0007s ]
SQL: SHOW COLUMNS FROM `bm_nav` [ RunTime:0.0004s ]
SQL: SELECT `name`,`url` FROM `bm_nav` WHERE ( is_head=1 ) ORDER BY sort asc  [ RunTime:0.0001s ]
SQL: SHOW COLUMNS FROM `bm_myinfor` [ RunTime:0.0004s ]
SQL: SELECT `copyright`,`address` FROM `bm_myinfor` WHERE ( id=1 ) LIMIT 1   [ RunTime:0.0001s ]
SQL: SELECT `name`,`url` FROM `bm_nav` WHERE ( is_side=1 ) ORDER BY sort asc  [ RunTime:0.0001s ]
SQL: SHOW COLUMNS FROM `bm_goods` [ RunTime:0.0007s ]
SQL: SHOW COLUMNS FROM `bm_goods` [ RunTime:0.0004s ]
SQL: SELECT `id`,`img_thumb`,`name`,`sale_price`,`standard`,`effect`,`info` FROM `bm_goods` WHERE ( is_show=1 ) ORDER BY id desc LIMIT 0,4   [ RunTime:0.0037s ]
SQL: SELECT COUNT(*) AS tp_count FROM `bm_goods` WHERE ( is_show=1 ) LIMIT 1   [ RunTime:0.0003s ]
INFO: [ view_parse ] --START--
INFO: [ template_filter ] --START--
INFO: Run Behavior\ContentReplaceBehavior [ RunTime:0.000095s ]
INFO: [ template_filter ] --END-- [ RunTime:0.000185s ]
NOTIC: [8] Undefined variable: user /mnt/www/web/e005151611/public_html/bambin/Application/Runtime/Cache/Home/ed4d5129098f7dda825552190427329b.php 第 17 行.
INFO: Run Behavior\ParseTemplateBehavior [ RunTime:0.033568s ]
INFO: [ view_parse ] --END-- [ RunTime:0.033656s ]
INFO: [ view_filter ] --START--
INFO: Run Behavior\WriteHtmlCacheBehavior [ RunTime:0.000143s ]
INFO: [ view_filter ] --END-- [ RunTime:0.000189s ]
INFO: [ app_end ] --START--
INFO: Run Behavior\ShowPageTraceBehavior [ RunTime:0.000408s ]
INFO: [ app_end ] --END-- [ RunTime:0.000447s ]

[ 2016-03-10T19:57:17+08:00 ] 220.181.108.111 /bambin/index.php?m=Home&c=Goods&a=detail&id=6
INFO: [ app_init ] --START--
INFO: Run Behavior\BuildLiteBehavior [ RunTime:0.000019s ]
INFO: [ app_init ] --END-- [ RunTime:0.000347s ]
INFO: [ app_begin ] --START--
INFO: Run Behavior\ReadHtmlCacheBehavior [ RunTime:0.000383s ]
INFO: [ app_begin ] --END-- [ RunTime:0.000424s ]
SQL: SHOW COLUMNS FROM `bm_nav` [ RunTime:0.0065s ]
SQL: SHOW COLUMNS FROM `bm_nav` [ RunTime:0.0013s ]
SQL: SELECT `name`,`url` FROM `bm_nav` WHERE ( is_head=1 ) ORDER BY sort asc  [ RunTime:0.0001s ]
SQL: SHOW COLUMNS FROM `bm_myinfor` [ RunTime:0.0005s ]
SQL: SELECT `copyright`,`address` FROM `bm_myinfor` WHERE ( id=1 ) LIMIT 1   [ RunTime:0.0001s ]
SQL: SHOW COLUMNS FROM `bm_goods` [ RunTime:0.0004s ]
SQL: SHOW COLUMNS FROM `bm_goods_detail` [ RunTime:0.0004s ]
SQL: SELECT goods.id AS id,goods.name AS name,goods.img_thumb AS img_thumb,goods.sale_price AS sale_price,goods.standard AS standard,goods.effect AS effect,goods.info AS info,goods.inventory AS inventory,goods.is_show AS is_show,goods_detail.name_all AS name_all,goods_detail.content AS content,goods_detail.dc AS dc,goods_detail.send_price AS send_price FROM bm_goods goods  JOIN bm_goods_detail goods_detail ON goods_detail.goods_id=goods.id WHERE ( goods.id=6 ) LIMIT 1   [ RunTime:0.0013s ]
SQL: SHOW COLUMNS FROM `bm_region` [ RunTime:0.0004s ]
SQL: SELECT `name` FROM `bm_region` WHERE ( id=5 ) LIMIT 1   [ RunTime:0.0279s ]
SQL: SHOW COLUMNS FROM `bm_goods_img` [ RunTime:0.0181s ]
SQL: SELECT * FROM `bm_goods_img` WHERE ( goods_id=6 ) ORDER BY sort asc  [ RunTime:0.0014s ]
SQL: SELECT `name`,`url` FROM `bm_nav` WHERE ( is_side=1 ) ORDER BY sort asc  [ RunTime:0.0001s ]
SQL: SHOW COLUMNS FROM `bm_recommend` [ RunTime:0.0007s ]
SQL: SELECT recommend.goods_id AS goods_id,goods.img_thumb AS img_thumb,goods.name AS name FROM bm_recommend recommend  JOIN bm_goods goods ON recommend.goods_id = goods.id WHERE ( is_show=1 ) ORDER BY recommend.sort asc LIMIT 4   [ RunTime:0.0135s ]
INFO: [ view_parse ] --START--
INFO: [ template_filter ] --START--
INFO: Run Behavior\ContentReplaceBehavior [ RunTime:0.000139s ]
INFO: [ template_filter ] --END-- [ RunTime:0.000245s ]
NOTIC: [8] Undefined variable: user /mnt/www/web/e005151611/public_html/bambin/Application/Runtime/Cache/Home/795e274f7e0defaaba4ae5ed57f62a8c.php 第 17 行.
INFO: Run Behavior\ParseTemplateBehavior [ RunTime:0.057826s ]
INFO: [ view_parse ] --END-- [ RunTime:0.057898s ]
INFO: [ view_filter ] --START--
INFO: Run Behavior\WriteHtmlCacheBehavior [ RunTime:0.000168s ]
INFO: [ view_filter ] --END-- [ RunTime:0.000208s ]
INFO: [ app_end ] --START--
INFO: Run Behavior\ShowPageTraceBehavior [ RunTime:0.000444s ]
INFO: [ app_end ] --END-- [ RunTime:0.000496s ]

[ 2016-03-10T19:58:34+08:00 ] 123.125.71.92 /bambin/index.php?m=Home&c=Member&a=index
INFO: [ app_init ] --START--
INFO: Run Behavior\BuildLiteBehavior [ RunTime:0.000018s ]
INFO: [ app_init ] --END-- [ RunTime:0.000603s ]
INFO: [ app_begin ] --START--
INFO: Run Behavior\ReadHtmlCacheBehavior [ RunTime:0.000550s ]
INFO: [ app_begin ] --END-- [ RunTime:0.000615s ]
INFO: [ view_parse ] --START--
INFO: [ template_filter ] --START--
INFO: Run Behavior\ContentReplaceBehavior [ RunTime:0.000047s ]
INFO: [ template_filter ] --END-- [ RunTime:0.000104s ]
INFO: Run Behavior\ParseTemplateBehavior [ RunTime:0.005187s ]
INFO: [ view_parse ] --END-- [ RunTime:0.005254s ]
INFO: [ view_filter ] --START--
INFO: Run Behavior\WriteHtmlCacheBehavior [ RunTime:0.000133s ]
INFO: [ view_filter ] --END-- [ RunTime:0.000179s ]

