[ 2016-10-26T11:53:36+08:00 ] 127.0.0.1 /bambin/
INFO: [ app_init ] --START--
INFO: Run Behavior\BuildLiteBehavior [ RunTime:0.000023s ]
INFO: [ app_init ] --END-- [ RunTime:0.000955s ]
INFO: [ app_begin ] --START--
INFO: Run Behavior\ReadHtmlCacheBehavior [ RunTime:0.001149s ]
INFO: [ app_begin ] --END-- [ RunTime:0.001244s ]
SQL: SHOW COLUMNS FROM `bm_nav` [ RunTime:0.0342s ]
SQL: SHOW COLUMNS FROM `bm_nav` [ RunTime:0.0039s ]
SQL: SELECT `name`,`url` FROM `bm_nav` WHERE ( is_head=1 ) ORDER BY sort asc  [ RunTime:0.0086s ]
SQL: SHOW COLUMNS FROM `bm_myinfor` [ RunTime:0.0328s ]
SQL: SELECT `copyright`,`address` FROM `bm_myinfor` WHERE ( id=1 ) LIMIT 1   [ RunTime:0.0005s ]
SQL: SHOW COLUMNS FROM `bm_about` [ RunTime:0.0383s ]
SQL: SELECT `img`,`info` FROM `bm_about` ORDER BY id desc LIMIT 1   [ RunTime:0.0075s ]
SQL: SHOW COLUMNS FROM `bm_recommend` [ RunTime:0.0179s ]
SQL: SELECT `goods_id` FROM `bm_recommend` ORDER BY sort asc  [ RunTime:0.0003s ]
SQL: SHOW COLUMNS FROM `bm_goods` [ RunTime:0.0311s ]
SQL: SELECT `id`,`name`,`info`,`img_thumb` FROM `bm_goods` WHERE ( id=6 ) LIMIT 1   [ RunTime:0.0116s ]
SQL: SELECT `id`,`name`,`info`,`img_thumb` FROM `bm_goods` WHERE ( id=7 ) LIMIT 1   [ RunTime:0.0002s ]
SQL: SHOW COLUMNS FROM `bm_news` [ RunTime:0.0252s ]
SQL: SELECT `id`,`title`,`time` FROM `bm_news` WHERE ( is_top=1 ) ORDER BY time desc  [ RunTime:0.0008s ]
INFO: [ view_parse ] --START--
INFO: [ template_filter ] --START--
INFO: Run Behavior\ContentReplaceBehavior [ RunTime:0.000096s ]
INFO: [ template_filter ] --END-- [ RunTime:0.000189s ]
NOTIC: [8] Undefined variable: user D:\wamp\www\bambin\Application\Runtime\Cache\Home\2a94b8bda04ff446dcedd42276fc99ee.php 第 19 行.
INFO: Run Behavior\ParseTemplateBehavior [ RunTime:0.043477s ]
INFO: [ view_parse ] --END-- [ RunTime:0.043595s ]
INFO: [ view_filter ] --START--
INFO: Run Behavior\WriteHtmlCacheBehavior [ RunTime:0.019559s ]
INFO: [ view_filter ] --END-- [ RunTime:0.019657s ]
INFO: [ app_end ] --START--
INFO: Run Behavior\ShowPageTraceBehavior [ RunTime:0.008333s ]
INFO: [ app_end ] --END-- [ RunTime:0.008428s ]

[ 2016-10-26T11:53:45+08:00 ] 127.0.0.1 /bambin/index.php?m=Home&c=Member&a=index
INFO: [ app_init ] --START--
INFO: Run Behavior\BuildLiteBehavior [ RunTime:0.000023s ]
INFO: [ app_init ] --END-- [ RunTime:0.000547s ]
INFO: [ app_begin ] --START--
INFO: Run Behavior\ReadHtmlCacheBehavior [ RunTime:0.001235s ]
INFO: [ app_begin ] --END-- [ RunTime:0.001411s ]
INFO: [ view_parse ] --START--
INFO: [ template_filter ] --START--
INFO: Run Behavior\ContentReplaceBehavior [ RunTime:0.000079s ]
INFO: [ template_filter ] --END-- [ RunTime:0.000171s ]
INFO: Run Behavior\ParseTemplateBehavior [ RunTime:0.019747s ]
INFO: [ view_parse ] --END-- [ RunTime:0.019860s ]
INFO: [ view_filter ] --START--
INFO: Run Behavior\WriteHtmlCacheBehavior [ RunTime:0.000980s ]
INFO: [ view_filter ] --END-- [ RunTime:0.001054s ]

[ 2016-10-26T11:53:49+08:00 ] 127.0.0.1 /bambin/index.php?m=Home&c=User&a=login
INFO: [ app_init ] --START--
INFO: Run Behavior\BuildLiteBehavior [ RunTime:0.000023s ]
INFO: [ app_init ] --END-- [ RunTime:0.000561s ]
INFO: [ app_begin ] --START--
INFO: Run Behavior\ReadHtmlCacheBehavior [ RunTime:0.001349s ]
INFO: [ app_begin ] --END-- [ RunTime:0.001467s ]
SQL: SHOW COLUMNS FROM `bm_nav` [ RunTime:0.0076s ]
SQL: SHOW COLUMNS FROM `bm_nav` [ RunTime:0.0070s ]
SQL: SELECT `name`,`url` FROM `bm_nav` WHERE ( is_head=1 ) ORDER BY sort asc  [ RunTime:0.0007s ]
SQL: SHOW COLUMNS FROM `bm_myinfor` [ RunTime:0.0073s ]
SQL: SELECT `copyright`,`address` FROM `bm_myinfor` WHERE ( id=1 ) LIMIT 1   [ RunTime:0.0004s ]
INFO: [ view_parse ] --START--
INFO: [ template_filter ] --START--
INFO: Run Behavior\ContentReplaceBehavior [ RunTime:0.000081s ]
INFO: [ template_filter ] --END-- [ RunTime:0.000166s ]
INFO: Run Behavior\ParseTemplateBehavior [ RunTime:0.014274s ]
INFO: [ view_parse ] --END-- [ RunTime:0.014386s ]
INFO: [ view_filter ] --START--
INFO: Run Behavior\WriteHtmlCacheBehavior [ RunTime:0.000891s ]
INFO: [ view_filter ] --END-- [ RunTime:0.000985s ]
INFO: [ app_end ] --START--
INFO: Run Behavior\ShowPageTraceBehavior [ RunTime:0.001100s ]
INFO: [ app_end ] --END-- [ RunTime:0.001284s ]

[ 2016-10-26T11:55:05+08:00 ] 127.0.0.1 /bambin/index.php?m=Home&c=User&a=login
INFO: [ app_init ] --START--
INFO: Run Behavior\BuildLiteBehavior [ RunTime:0.000028s ]
INFO: [ app_init ] --END-- [ RunTime:0.001089s ]
INFO: [ app_begin ] --START--
INFO: Run Behavior\ReadHtmlCacheBehavior [ RunTime:0.003241s ]
INFO: [ app_begin ] --END-- [ RunTime:0.003380s ]
SQL: SHOW COLUMNS FROM `bm_nav` [ RunTime:0.0073s ]
SQL: SHOW COLUMNS FROM `bm_nav` [ RunTime:0.0071s ]
SQL: SELECT `name`,`url` FROM `bm_nav` WHERE ( is_head=1 ) ORDER BY sort asc  [ RunTime:0.0005s ]
SQL: SHOW COLUMNS FROM `bm_myinfor` [ RunTime:0.0072s ]
SQL: SELECT `copyright`,`address` FROM `bm_myinfor` WHERE ( id=1 ) LIMIT 1   [ RunTime:0.0003s ]
SQL: SHOW COLUMNS FROM `bm_user` [ RunTime:0.0264s ]
SQL: SELECT * FROM `bm_user` WHERE ( name='user' and pwd='a1a2c97b9fe248b31bf0815f711c769d' ) LIMIT 1   [ RunTime:0.0005s ]
INFO: [ view_parse ] --START--
INFO: [ template_filter ] --START--
INFO: Run Behavior\ContentReplaceBehavior [ RunTime:0.000069s ]
INFO: [ template_filter ] --END-- [ RunTime:0.000159s ]
INFO: Run Behavior\ParseTemplateBehavior [ RunTime:0.010782s ]
INFO: [ view_parse ] --END-- [ RunTime:0.010893s ]
INFO: [ view_filter ] --START--
INFO: Run Behavior\WriteHtmlCacheBehavior [ RunTime:0.000888s ]
INFO: [ view_filter ] --END-- [ RunTime:0.000962s ]

[ 2016-10-26T11:55:09+08:00 ] 127.0.0.1 /bambin/index.php?m=Home&c=User&a=login
INFO: [ app_init ] --START--
INFO: Run Behavior\BuildLiteBehavior [ RunTime:0.000022s ]
INFO: [ app_init ] --END-- [ RunTime:0.000513s ]
INFO: [ app_begin ] --START--
INFO: Run Behavior\ReadHtmlCacheBehavior [ RunTime:0.001651s ]
INFO: [ app_begin ] --END-- [ RunTime:0.001769s ]
SQL: SHOW COLUMNS FROM `bm_nav` [ RunTime:0.0076s ]
SQL: SHOW COLUMNS FROM `bm_nav` [ RunTime:0.0069s ]
SQL: SELECT `name`,`url` FROM `bm_nav` WHERE ( is_head=1 ) ORDER BY sort asc  [ RunTime:0.0005s ]
SQL: SHOW COLUMNS FROM `bm_myinfor` [ RunTime:0.0043s ]
SQL: SELECT `copyright`,`address` FROM `bm_myinfor` WHERE ( id=1 ) LIMIT 1   [ RunTime:0.0002s ]
INFO: [ view_parse ] --START--
INFO: [ template_filter ] --START--
INFO: Run Behavior\ContentReplaceBehavior [ RunTime:0.000081s ]
INFO: [ template_filter ] --END-- [ RunTime:0.000165s ]
INFO: Run Behavior\ParseTemplateBehavior [ RunTime:0.011568s ]
INFO: [ view_parse ] --END-- [ RunTime:0.011654s ]
INFO: [ view_filter ] --START--
INFO: Run Behavior\WriteHtmlCacheBehavior [ RunTime:0.001197s ]
INFO: [ view_filter ] --END-- [ RunTime:0.001339s ]
INFO: [ app_end ] --START--
INFO: Run Behavior\ShowPageTraceBehavior [ RunTime:0.001204s ]
INFO: [ app_end ] --END-- [ RunTime:0.001289s ]

[ 2016-10-26T12:01:15+08:00 ] 127.0.0.1 /bambin/index.php?m=Home&c=User&a=login
INFO: [ app_init ] --START--
INFO: Run Behavior\BuildLiteBehavior [ RunTime:0.000022s ]
INFO: [ app_init ] --END-- [ RunTime:0.000514s ]
INFO: [ app_begin ] --START--
INFO: Run Behavior\ReadHtmlCacheBehavior [ RunTime:0.001223s ]
INFO: [ app_begin ] --END-- [ RunTime:0.001323s ]
SQL: SHOW COLUMNS FROM `bm_nav` [ RunTime:0.0077s ]
SQL: SHOW COLUMNS FROM `bm_nav` [ RunTime:0.0069s ]
SQL: SELECT `name`,`url` FROM `bm_nav` WHERE ( is_head=1 ) ORDER BY sort asc  [ RunTime:0.0005s ]
SQL: SHOW COLUMNS FROM `bm_myinfor` [ RunTime:0.0042s ]
SQL: SELECT `copyright`,`address` FROM `bm_myinfor` WHERE ( id=1 ) LIMIT 1   [ RunTime:0.0004s ]
SQL: SHOW COLUMNS FROM `bm_user` [ RunTime:0.0045s ]
SQL: SELECT * FROM `bm_user` WHERE ( name='user' and pwd='05334e1360f35ccce4dd3a9528a9bdb3' ) LIMIT 1   [ RunTime:0.0007s ]
INFO: [ view_parse ] --START--
INFO: [ template_filter ] --START--
INFO: Run Behavior\ContentReplaceBehavior [ RunTime:0.000077s ]
INFO: [ template_filter ] --END-- [ RunTime:0.000181s ]
INFO: Run Behavior\ParseTemplateBehavior [ RunTime:0.010648s ]
INFO: [ view_parse ] --END-- [ RunTime:0.010751s ]
INFO: [ view_filter ] --START--
INFO: Run Behavior\WriteHtmlCacheBehavior [ RunTime:0.000726s ]
INFO: [ view_filter ] --END-- [ RunTime:0.000810s ]

[ 2016-10-26T12:01:19+08:00 ] 127.0.0.1 /bambin/index.php?m=Home&c=User&a=login
INFO: [ app_init ] --START--
INFO: Run Behavior\BuildLiteBehavior [ RunTime:0.000022s ]
INFO: [ app_init ] --END-- [ RunTime:0.000501s ]
INFO: [ app_begin ] --START--
INFO: Run Behavior\ReadHtmlCacheBehavior [ RunTime:0.000939s ]
INFO: [ app_begin ] --END-- [ RunTime:0.001033s ]
SQL: SHOW COLUMNS FROM `bm_nav` [ RunTime:0.0078s ]
SQL: SHOW COLUMNS FROM `bm_nav` [ RunTime:0.0069s ]
SQL: SELECT `name`,`url` FROM `bm_nav` WHERE ( is_head=1 ) ORDER BY sort asc  [ RunTime:0.0024s ]
SQL: SHOW COLUMNS FROM `bm_myinfor` [ RunTime:0.0081s ]
SQL: SELECT `copyright`,`address` FROM `bm_myinfor` WHERE ( id=1 ) LIMIT 1   [ RunTime:0.0004s ]
INFO: [ view_parse ] --START--
INFO: [ template_filter ] --START--
INFO: Run Behavior\ContentReplaceBehavior [ RunTime:0.000131s ]
INFO: [ template_filter ] --END-- [ RunTime:0.000257s ]
INFO: Run Behavior\ParseTemplateBehavior [ RunTime:0.012611s ]
INFO: [ view_parse ] --END-- [ RunTime:0.012745s ]
INFO: [ view_filter ] --START--
INFO: Run Behavior\WriteHtmlCacheBehavior [ RunTime:0.000766s ]
INFO: [ view_filter ] --END-- [ RunTime:0.000842s ]
INFO: [ app_end ] --START--
INFO: Run Behavior\ShowPageTraceBehavior [ RunTime:0.000924s ]
INFO: [ app_end ] --END-- [ RunTime:0.000998s ]

[ 2016-10-26T12:08:39+08:00 ] 127.0.0.1 /bambin/index.php?m=Home&c=User&a=login
INFO: [ app_init ] --START--
INFO: Run Behavior\BuildLiteBehavior [ RunTime:0.000023s ]
INFO: [ app_init ] --END-- [ RunTime:0.000561s ]
INFO: [ app_begin ] --START--
INFO: Run Behavior\ReadHtmlCacheBehavior [ RunTime:0.000920s ]
INFO: [ app_begin ] --END-- [ RunTime:0.001020s ]
SQL: SHOW COLUMNS FROM `bm_nav` [ RunTime:0.0091s ]
SQL: SHOW COLUMNS FROM `bm_nav` [ RunTime:0.0075s ]
SQL: SELECT `name`,`url` FROM `bm_nav` WHERE ( is_head=1 ) ORDER BY sort asc  [ RunTime:0.0005s ]
SQL: SHOW COLUMNS FROM `bm_myinfor` [ RunTime:0.0043s ]
SQL: SELECT `copyright`,`address` FROM `bm_myinfor` WHERE ( id=1 ) LIMIT 1   [ RunTime:0.0003s ]
INFO: [ view_parse ] --START--
INFO: [ template_filter ] --START--
INFO: Run Behavior\ContentReplaceBehavior [ RunTime:0.000098s ]
INFO: [ template_filter ] --END-- [ RunTime:0.000194s ]
INFO: Run Behavior\ParseTemplateBehavior [ RunTime:0.011152s ]
INFO: [ view_parse ] --END-- [ RunTime:0.011255s ]
INFO: [ view_filter ] --START--
INFO: Run Behavior\WriteHtmlCacheBehavior [ RunTime:0.000899s ]
INFO: [ view_filter ] --END-- [ RunTime:0.000995s ]
INFO: [ app_end ] --START--
INFO: Run Behavior\ShowPageTraceBehavior [ RunTime:0.001629s ]
INFO: [ app_end ] --END-- [ RunTime:0.001788s ]

[ 2016-10-26T12:08:45+08:00 ] 127.0.0.1 /bambin/index.php?m=Home&c=User&a=login
INFO: [ app_init ] --START--
INFO: Run Behavior\BuildLiteBehavior [ RunTime:0.000023s ]
INFO: [ app_init ] --END-- [ RunTime:0.000504s ]
INFO: [ app_begin ] --START--
INFO: Run Behavior\ReadHtmlCacheBehavior [ RunTime:0.001103s ]
INFO: [ app_begin ] --END-- [ RunTime:0.001196s ]
SQL: SHOW COLUMNS FROM `bm_nav` [ RunTime:0.0111s ]
SQL: SHOW COLUMNS FROM `bm_nav` [ RunTime:0.0069s ]
SQL: SELECT `name`,`url` FROM `bm_nav` WHERE ( is_head=1 ) ORDER BY sort asc  [ RunTime:0.0005s ]
SQL: SHOW COLUMNS FROM `bm_myinfor` [ RunTime:0.0068s ]
SQL: SELECT `copyright`,`address` FROM `bm_myinfor` WHERE ( id=1 ) LIMIT 1   [ RunTime:0.0004s ]
SQL: SHOW COLUMNS FROM `bm_user` [ RunTime:0.0069s ]
SQL: SELECT * FROM `bm_user` WHERE ( name='user' and pwd='a1a2c97b9fe248b31bf0815f711c769d' ) LIMIT 1   [ RunTime:0.0007s ]
INFO: [ view_parse ] --START--
INFO: [ template_filter ] --START--
INFO: Run Behavior\ContentReplaceBehavior [ RunTime:0.000068s ]
INFO: [ template_filter ] --END-- [ RunTime:0.000152s ]
INFO: Run Behavior\ParseTemplateBehavior [ RunTime:0.008265s ]
INFO: [ view_parse ] --END-- [ RunTime:0.008360s ]
INFO: [ view_filter ] --START--
INFO: Run Behavior\WriteHtmlCacheBehavior [ RunTime:0.000833s ]
INFO: [ view_filter ] --END-- [ RunTime:0.000912s ]

[ 2016-10-26T12:08:49+08:00 ] 127.0.0.1 /bambin/index.php?m=Home&c=User&a=login
INFO: [ app_init ] --START--
INFO: Run Behavior\BuildLiteBehavior [ RunTime:0.000028s ]
INFO: [ app_init ] --END-- [ RunTime:0.000859s ]
INFO: [ app_begin ] --START--
INFO: Run Behavior\ReadHtmlCacheBehavior [ RunTime:0.001161s ]
INFO: [ app_begin ] --END-- [ RunTime:0.001269s ]
SQL: SHOW COLUMNS FROM `bm_nav` [ RunTime:0.0047s ]
SQL: SHOW COLUMNS FROM `bm_nav` [ RunTime:0.0220s ]
SQL: SELECT `name`,`url` FROM `bm_nav` WHERE ( is_head=1 ) ORDER BY sort asc  [ RunTime:0.0003s ]
SQL: SHOW COLUMNS FROM `bm_myinfor` [ RunTime:0.0046s ]
SQL: SELECT `copyright`,`address` FROM `bm_myinfor` WHERE ( id=1 ) LIMIT 1   [ RunTime:0.0003s ]
INFO: [ view_parse ] --START--
INFO: [ template_filter ] --START--
INFO: Run Behavior\ContentReplaceBehavior [ RunTime:0.000083s ]
INFO: [ template_filter ] --END-- [ RunTime:0.000175s ]
INFO: Run Behavior\ParseTemplateBehavior [ RunTime:0.011073s ]
INFO: [ view_parse ] --END-- [ RunTime:0.011177s ]
INFO: [ view_filter ] --START--
INFO: Run Behavior\WriteHtmlCacheBehavior [ RunTime:0.001947s ]
INFO: [ view_filter ] --END-- [ RunTime:0.002038s ]
INFO: [ app_end ] --START--
INFO: Run Behavior\ShowPageTraceBehavior [ RunTime:0.001667s ]
INFO: [ app_end ] --END-- [ RunTime:0.001761s ]

[ 2016-10-26T12:10:07+08:00 ] 127.0.0.1 /bambin/
INFO: [ app_init ] --START--
INFO: Run Behavior\BuildLiteBehavior [ RunTime:0.000033s ]
INFO: [ app_init ] --END-- [ RunTime:0.001019s ]
INFO: [ app_begin ] --START--
INFO: Run Behavior\ReadHtmlCacheBehavior [ RunTime:0.001134s ]
INFO: [ app_begin ] --END-- [ RunTime:0.001243s ]
SQL: SHOW COLUMNS FROM `bm_nav` [ RunTime:0.0065s ]
SQL: SHOW COLUMNS FROM `bm_nav` [ RunTime:0.0065s ]
SQL: SELECT `name`,`url` FROM `bm_nav` WHERE ( is_head=1 ) ORDER BY sort asc  [ RunTime:0.0005s ]
SQL: SHOW COLUMNS FROM `bm_myinfor` [ RunTime:0.0075s ]
SQL: SELECT `copyright`,`address` FROM `bm_myinfor` WHERE ( id=1 ) LIMIT 1   [ RunTime:0.0004s ]
SQL: SHOW COLUMNS FROM `bm_about` [ RunTime:0.0079s ]
SQL: SELECT `img`,`info` FROM `bm_about` ORDER BY id desc LIMIT 1   [ RunTime:0.0006s ]
SQL: SHOW COLUMNS FROM `bm_recommend` [ RunTime:0.0055s ]
SQL: SELECT `goods_id` FROM `bm_recommend` ORDER BY sort asc  [ RunTime:0.0004s ]
SQL: SHOW COLUMNS FROM `bm_goods` [ RunTime:0.0041s ]
SQL: SELECT `id`,`name`,`info`,`img_thumb` FROM `bm_goods` WHERE ( id=6 ) LIMIT 1   [ RunTime:0.0003s ]
SQL: SELECT `id`,`name`,`info`,`img_thumb` FROM `bm_goods` WHERE ( id=7 ) LIMIT 1   [ RunTime:0.0002s ]
SQL: SHOW COLUMNS FROM `bm_news` [ RunTime:0.0039s ]
SQL: SELECT `id`,`title`,`time` FROM `bm_news` WHERE ( is_top=1 ) ORDER BY time desc  [ RunTime:0.0003s ]
INFO: [ view_parse ] --START--
INFO: [ template_filter ] --START--
INFO: Run Behavior\ContentReplaceBehavior [ RunTime:0.000095s ]
INFO: [ template_filter ] --END-- [ RunTime:0.000182s ]
NOTIC: [8] Undefined variable: user D:\wamp\www\bambin\Application\Runtime\Cache\Home\2a94b8bda04ff446dcedd42276fc99ee.php 第 19 行.
INFO: Run Behavior\ParseTemplateBehavior [ RunTime:0.016254s ]
INFO: [ view_parse ] --END-- [ RunTime:0.016348s ]
INFO: [ view_filter ] --START--
INFO: Run Behavior\WriteHtmlCacheBehavior [ RunTime:0.000894s ]
INFO: [ view_filter ] --END-- [ RunTime:0.000972s ]
INFO: [ app_end ] --START--
INFO: Run Behavior\ShowPageTraceBehavior [ RunTime:0.001048s ]
INFO: [ app_end ] --END-- [ RunTime:0.001127s ]

[ 2016-10-26T12:10:10+08:00 ] 127.0.0.1 /bambin/index.php?m=Home&c=User&a=login
INFO: [ app_init ] --START--
INFO: Run Behavior\BuildLiteBehavior [ RunTime:0.000025s ]
INFO: [ app_init ] --END-- [ RunTime:0.000761s ]
INFO: [ app_begin ] --START--
INFO: Run Behavior\ReadHtmlCacheBehavior [ RunTime:0.001113s ]
INFO: [ app_begin ] --END-- [ RunTime:0.001221s ]
SQL: SHOW COLUMNS FROM `bm_nav` [ RunTime:0.0066s ]
SQL: SHOW COLUMNS FROM `bm_nav` [ RunTime:0.0064s ]
SQL: SELECT `name`,`url` FROM `bm_nav` WHERE ( is_head=1 ) ORDER BY sort asc  [ RunTime:0.0004s ]
SQL: SHOW COLUMNS FROM `bm_myinfor` [ RunTime:0.0056s ]
SQL: SELECT `copyright`,`address` FROM `bm_myinfor` WHERE ( id=1 ) LIMIT 1   [ RunTime:0.0004s ]
INFO: [ view_parse ] --START--
INFO: [ template_filter ] --START--
INFO: Run Behavior\ContentReplaceBehavior [ RunTime:0.000132s ]
INFO: [ template_filter ] --END-- [ RunTime:0.000270s ]
INFO: Run Behavior\ParseTemplateBehavior [ RunTime:0.017717s ]
INFO: [ view_parse ] --END-- [ RunTime:0.017848s ]
INFO: [ view_filter ] --START--
INFO: Run Behavior\WriteHtmlCacheBehavior [ RunTime:0.000995s ]
INFO: [ view_filter ] --END-- [ RunTime:0.001091s ]
INFO: [ app_end ] --START--
INFO: Run Behavior\ShowPageTraceBehavior [ RunTime:0.001195s ]
INFO: [ app_end ] --END-- [ RunTime:0.001279s ]

[ 2016-10-26T12:10:18+08:00 ] 127.0.0.1 /bambin/index.php?m=Home&c=User&a=login
INFO: [ app_init ] --START--
INFO: Run Behavior\BuildLiteBehavior [ RunTime:0.000071s ]
INFO: [ app_init ] --END-- [ RunTime:0.001169s ]
INFO: [ app_begin ] --START--
INFO: Run Behavior\ReadHtmlCacheBehavior [ RunTime:0.003561s ]
INFO: [ app_begin ] --END-- [ RunTime:0.003753s ]
SQL: SHOW COLUMNS FROM `bm_nav` [ RunTime:0.0051s ]
SQL: SHOW COLUMNS FROM `bm_nav` [ RunTime:0.0053s ]
SQL: SELECT `name`,`url` FROM `bm_nav` WHERE ( is_head=1 ) ORDER BY sort asc  [ RunTime:0.0003s ]
SQL: SHOW COLUMNS FROM `bm_myinfor` [ RunTime:0.0044s ]
SQL: SELECT `copyright`,`address` FROM `bm_myinfor` WHERE ( id=1 ) LIMIT 1   [ RunTime:0.0012s ]
SQL: SHOW COLUMNS FROM `bm_user` [ RunTime:0.0047s ]
SQL: SELECT * FROM `bm_user` WHERE ( name='user' and pwd='c49d9b0a7f7ee813e2f884b1414340ce' ) LIMIT 1   [ RunTime:0.0003s ]
INFO: [ view_parse ] --START--
INFO: [ template_filter ] --START--
INFO: Run Behavior\ContentReplaceBehavior [ RunTime:0.000064s ]
INFO: [ template_filter ] --END-- [ RunTime:0.000150s ]
INFO: Run Behavior\ParseTemplateBehavior [ RunTime:0.008965s ]
INFO: [ view_parse ] --END-- [ RunTime:0.009093s ]
INFO: [ view_filter ] --START--
INFO: Run Behavior\WriteHtmlCacheBehavior [ RunTime:0.000687s ]
INFO: [ view_filter ] --END-- [ RunTime:0.000765s ]

[ 2016-10-26T12:10:22+08:00 ] 127.0.0.1 /bambin/index.php?m=Home&c=User&a=login
INFO: [ app_init ] --START--
INFO: Run Behavior\BuildLiteBehavior [ RunTime:0.000022s ]
INFO: [ app_init ] --END-- [ RunTime:0.000559s ]
INFO: [ app_begin ] --START--
INFO: Run Behavior\ReadHtmlCacheBehavior [ RunTime:0.000892s ]
INFO: [ app_begin ] --END-- [ RunTime:0.000984s ]
SQL: SHOW COLUMNS FROM `bm_nav` [ RunTime:0.0066s ]
SQL: SHOW COLUMNS FROM `bm_nav` [ RunTime:0.0045s ]
SQL: SELECT `name`,`url` FROM `bm_nav` WHERE ( is_head=1 ) ORDER BY sort asc  [ RunTime:0.0006s ]
SQL: SHOW COLUMNS FROM `bm_myinfor` [ RunTime:0.0042s ]
SQL: SELECT `copyright`,`address` FROM `bm_myinfor` WHERE ( id=1 ) LIMIT 1   [ RunTime:0.0003s ]
INFO: [ view_parse ] --START--
INFO: [ template_filter ] --START--
INFO: Run Behavior\ContentReplaceBehavior [ RunTime:0.000098s ]
INFO: [ template_filter ] --END-- [ RunTime:0.000205s ]
INFO: Run Behavior\ParseTemplateBehavior [ RunTime:0.012747s ]
INFO: [ view_parse ] --END-- [ RunTime:0.012898s ]
INFO: [ view_filter ] --START--
INFO: Run Behavior\WriteHtmlCacheBehavior [ RunTime:0.000766s ]
INFO: [ view_filter ] --END-- [ RunTime:0.000848s ]
INFO: [ app_end ] --START--
INFO: Run Behavior\ShowPageTraceBehavior [ RunTime:0.001083s ]
INFO: [ app_end ] --END-- [ RunTime:0.001166s ]

[ 2016-10-26T12:11:34+08:00 ] 127.0.0.1 /bambin/index.php?m=Home&c=User&a=login
INFO: [ app_init ] --START--
INFO: Run Behavior\BuildLiteBehavior [ RunTime:0.000020s ]
INFO: [ app_init ] --END-- [ RunTime:0.000543s ]
INFO: [ app_begin ] --START--
INFO: Run Behavior\ReadHtmlCacheBehavior [ RunTime:0.000849s ]
INFO: [ app_begin ] --END-- [ RunTime:0.000968s ]
SQL: SHOW COLUMNS FROM `bm_nav` [ RunTime:0.0069s ]
SQL: SHOW COLUMNS FROM `bm_nav` [ RunTime:0.0066s ]
SQL: SELECT `name`,`url` FROM `bm_nav` WHERE ( is_head=1 ) ORDER BY sort asc  [ RunTime:0.0009s ]
SQL: SHOW COLUMNS FROM `bm_myinfor` [ RunTime:0.0061s ]
SQL: SELECT `copyright`,`address` FROM `bm_myinfor` WHERE ( id=1 ) LIMIT 1   [ RunTime:0.0004s ]
INFO: [ view_parse ] --START--
INFO: [ template_filter ] --START--
INFO: Run Behavior\ContentReplaceBehavior [ RunTime:0.000749s ]
INFO: [ template_filter ] --END-- [ RunTime:0.000858s ]
INFO: Run Behavior\ParseTemplateBehavior [ RunTime:0.014191s ]
INFO: [ view_parse ] --END-- [ RunTime:0.014316s ]
INFO: [ view_filter ] --START--
INFO: Run Behavior\WriteHtmlCacheBehavior [ RunTime:0.000469s ]
INFO: [ view_filter ] --END-- [ RunTime:0.000538s ]
INFO: [ app_end ] --START--
INFO: Run Behavior\ShowPageTraceBehavior [ RunTime:0.000702s ]
INFO: [ app_end ] --END-- [ RunTime:0.000772s ]

[ 2016-10-26T12:11:40+08:00 ] 127.0.0.1 /bambin/index.php?m=Home&c=User&a=login
INFO: [ app_init ] --START--
INFO: Run Behavior\BuildLiteBehavior [ RunTime:0.000021s ]
INFO: [ app_init ] --END-- [ RunTime:0.000492s ]
INFO: [ app_begin ] --START--
INFO: Run Behavior\ReadHtmlCacheBehavior [ RunTime:0.001700s ]
INFO: [ app_begin ] --END-- [ RunTime:0.001808s ]
SQL: SHOW COLUMNS FROM `bm_nav` [ RunTime:0.0067s ]
SQL: SHOW COLUMNS FROM `bm_nav` [ RunTime:0.0083s ]
SQL: SELECT `name`,`url` FROM `bm_nav` WHERE ( is_head=1 ) ORDER BY sort asc  [ RunTime:0.0005s ]
SQL: SHOW COLUMNS FROM `bm_myinfor` [ RunTime:0.0065s ]
SQL: SELECT `copyright`,`address` FROM `bm_myinfor` WHERE ( id=1 ) LIMIT 1   [ RunTime:0.0004s ]
SQL: SHOW COLUMNS FROM `bm_user` [ RunTime:0.0064s ]
SQL: SELECT * FROM `bm_user` WHERE ( name='user' and pwd='c49d9b0a7f7ee813e2f884b1414340ce' ) LIMIT 1   [ RunTime:0.0004s ]
INFO: [ view_parse ] --START--
INFO: [ template_filter ] --START--
INFO: Run Behavior\ContentReplaceBehavior [ RunTime:0.000068s ]
INFO: [ template_filter ] --END-- [ RunTime:0.000160s ]
INFO: Run Behavior\ParseTemplateBehavior [ RunTime:0.012504s ]
INFO: [ view_parse ] --END-- [ RunTime:0.012656s ]
INFO: [ view_filter ] --START--
INFO: Run Behavior\WriteHtmlCacheBehavior [ RunTime:0.000460s ]
INFO: [ view_filter ] --END-- [ RunTime:0.000533s ]
INFO: [ app_end ] --START--
INFO: Run Behavior\ShowPageTraceBehavior [ RunTime:0.000836s ]
INFO: [ app_end ] --END-- [ RunTime:0.000914s ]

[ 2016-10-26T12:11:42+08:00 ] 127.0.0.1 /bambin/index.php?m=Home&c=Member&a=index
INFO: [ app_init ] --START--
INFO: Run Behavior\BuildLiteBehavior [ RunTime:0.000067s ]
INFO: [ app_init ] --END-- [ RunTime:0.000645s ]
INFO: [ app_begin ] --START--
INFO: Run Behavior\ReadHtmlCacheBehavior [ RunTime:0.001785s ]
INFO: [ app_begin ] --END-- [ RunTime:0.002038s ]
SQL: SHOW COLUMNS FROM `bm_nav` [ RunTime:0.0046s ]
SQL: SHOW COLUMNS FROM `bm_nav` [ RunTime:0.0040s ]
SQL: SELECT `name`,`url` FROM `bm_nav` WHERE ( is_head=1 ) ORDER BY sort asc  [ RunTime:0.0004s ]
SQL: SHOW COLUMNS FROM `bm_myinfor` [ RunTime:0.0041s ]
SQL: SELECT `copyright`,`address` FROM `bm_myinfor` WHERE ( id=1 ) LIMIT 1   [ RunTime:0.0003s ]
SQL: SHOW COLUMNS FROM `bm_userside` [ RunTime:0.0044s ]
SQL: SHOW COLUMNS FROM `bm_userside` [ RunTime:0.0038s ]
SQL: SELECT `id`,`name`,`url` FROM `bm_userside` WHERE ( pid=0 ) ORDER BY sort asc  [ RunTime:0.0003s ]
SQL: SELECT `id`,`name`,`url` FROM `bm_userside` WHERE ( pid=1 ) ORDER BY sort asc  [ RunTime:0.0002s ]
SQL: SELECT `id`,`name`,`url` FROM `bm_userside` WHERE ( pid=2 ) ORDER BY sort asc  [ RunTime:0.0003s ]
SQL: SELECT `id`,`name`,`url` FROM `bm_userside` WHERE ( pid=5 ) ORDER BY sort asc  [ RunTime:0.0003s ]
SQL: SELECT `id`,`name`,`url` FROM `bm_userside` WHERE ( pid=6 ) ORDER BY sort asc  [ RunTime:0.0002s ]
SQL: SELECT `id`,`name`,`url` FROM `bm_userside` WHERE ( pid=7 ) ORDER BY sort asc  [ RunTime:0.0002s ]
SQL: SHOW COLUMNS FROM `bm_goods_collect` [ RunTime:0.0088s ]
SQL: SELECT * FROM `bm_goods_collect` WHERE ( user_id=20 ) ORDER BY time desc  [ RunTime:0.0343s ]
SQL: SHOW COLUMNS FROM `bm_goods` [ RunTime:0.0043s ]
SQL: SELECT `name` FROM `bm_goods` WHERE ( id=9 ) LIMIT 1   [ RunTime:0.0003s ]
INFO: [ view_parse ] --START--
INFO: [ template_filter ] --START--
INFO: Run Behavior\ContentReplaceBehavior [ RunTime:0.000132s ]
INFO: [ template_filter ] --END-- [ RunTime:0.000232s ]
NOTIC: [8] Undefined variable: trends D:\wamp\www\bambin\Application\Runtime\Cache\Home\fdc24d97de08be5342dd939702a23904.php 第 98 行.
NOTIC: [8] Undefined variable: like D:\wamp\www\bambin\Application\Runtime\Cache\Home\fdc24d97de08be5342dd939702a23904.php 第 124 行.
INFO: Run Behavior\ParseTemplateBehavior [ RunTime:0.022713s ]
INFO: [ view_parse ] --END-- [ RunTime:0.022826s ]
INFO: [ view_filter ] --START--
INFO: Run Behavior\WriteHtmlCacheBehavior [ RunTime:0.000542s ]
INFO: [ view_filter ] --END-- [ RunTime:0.000633s ]
INFO: [ app_end ] --START--
INFO: Run Behavior\ShowPageTraceBehavior [ RunTime:0.000935s ]
INFO: [ app_end ] --END-- [ RunTime:0.001038s ]

[ 2016-10-26T12:12:56+08:00 ] 127.0.0.1 /bambin/index.php?m=Home&c=User&a=loginout
INFO: [ app_init ] --START--
INFO: Run Behavior\BuildLiteBehavior [ RunTime:0.000023s ]
INFO: [ app_init ] --END-- [ RunTime:0.000881s ]
INFO: [ app_begin ] --START--
INFO: Run Behavior\ReadHtmlCacheBehavior [ RunTime:0.001166s ]
INFO: [ app_begin ] --END-- [ RunTime:0.001263s ]
SQL: SHOW COLUMNS FROM `bm_nav` [ RunTime:0.0154s ]
SQL: SHOW COLUMNS FROM `bm_nav` [ RunTime:0.0040s ]
SQL: SELECT `name`,`url` FROM `bm_nav` WHERE ( is_head=1 ) ORDER BY sort asc  [ RunTime:0.0003s ]
SQL: SHOW COLUMNS FROM `bm_myinfor` [ RunTime:0.0036s ]
SQL: SELECT `copyright`,`address` FROM `bm_myinfor` WHERE ( id=1 ) LIMIT 1   [ RunTime:0.0003s ]
INFO: [ view_parse ] --START--
INFO: [ template_filter ] --START--
INFO: Run Behavior\ContentReplaceBehavior [ RunTime:0.000070s ]
INFO: [ template_filter ] --END-- [ RunTime:0.000159s ]
INFO: Run Behavior\ParseTemplateBehavior [ RunTime:0.010647s ]
INFO: [ view_parse ] --END-- [ RunTime:0.010770s ]
INFO: [ view_filter ] --START--
INFO: Run Behavior\WriteHtmlCacheBehavior [ RunTime:0.002230s ]
INFO: [ view_filter ] --END-- [ RunTime:0.002323s ]
INFO: [ app_end ] --START--
INFO: Run Behavior\ShowPageTraceBehavior [ RunTime:0.001021s ]
INFO: [ app_end ] --END-- [ RunTime:0.001103s ]

[ 2016-10-26T12:12:57+08:00 ] 127.0.0.1 /bambin/index.php?m=Home&c=Member&a=index
INFO: [ app_init ] --START--
INFO: Run Behavior\BuildLiteBehavior [ RunTime:0.000025s ]
INFO: [ app_init ] --END-- [ RunTime:0.000777s ]
INFO: [ app_begin ] --START--
INFO: Run Behavior\ReadHtmlCacheBehavior [ RunTime:0.000920s ]
INFO: [ app_begin ] --END-- [ RunTime:0.001018s ]
INFO: [ view_parse ] --START--
INFO: [ template_filter ] --START--
INFO: Run Behavior\ContentReplaceBehavior [ RunTime:0.000066s ]
INFO: [ template_filter ] --END-- [ RunTime:0.000232s ]
INFO: Run Behavior\ParseTemplateBehavior [ RunTime:0.008461s ]
INFO: [ view_parse ] --END-- [ RunTime:0.008552s ]
INFO: [ view_filter ] --START--
INFO: Run Behavior\WriteHtmlCacheBehavior [ RunTime:0.000709s ]
INFO: [ view_filter ] --END-- [ RunTime:0.000782s ]

[ 2016-10-26T12:13:01+08:00 ] 127.0.0.1 /bambin/index.php?m=Home&c=User&a=login
INFO: [ app_init ] --START--
INFO: Run Behavior\BuildLiteBehavior [ RunTime:0.000059s ]
INFO: [ app_init ] --END-- [ RunTime:0.000751s ]
INFO: [ app_begin ] --START--
INFO: Run Behavior\ReadHtmlCacheBehavior [ RunTime:0.000955s ]
INFO: [ app_begin ] --END-- [ RunTime:0.001059s ]
SQL: SHOW COLUMNS FROM `bm_nav` [ RunTime:0.0066s ]
SQL: SHOW COLUMNS FROM `bm_nav` [ RunTime:0.0062s ]
SQL: SELECT `name`,`url` FROM `bm_nav` WHERE ( is_head=1 ) ORDER BY sort asc  [ RunTime:0.0006s ]
SQL: SHOW COLUMNS FROM `bm_myinfor` [ RunTime:0.0065s ]
SQL: SELECT `copyright`,`address` FROM `bm_myinfor` WHERE ( id=1 ) LIMIT 1   [ RunTime:0.0007s ]
INFO: [ view_parse ] --START--
INFO: [ template_filter ] --START--
INFO: Run Behavior\ContentReplaceBehavior [ RunTime:0.000139s ]
INFO: [ template_filter ] --END-- [ RunTime:0.000273s ]
INFO: Run Behavior\ParseTemplateBehavior [ RunTime:0.017836s ]
INFO: [ view_parse ] --END-- [ RunTime:0.017992s ]
INFO: [ view_filter ] --START--
INFO: Run Behavior\WriteHtmlCacheBehavior [ RunTime:0.001115s ]
INFO: [ view_filter ] --END-- [ RunTime:0.001352s ]
INFO: [ app_end ] --START--
INFO: Run Behavior\ShowPageTraceBehavior [ RunTime:0.001465s ]
INFO: [ app_end ] --END-- [ RunTime:0.001582s ]

[ 2016-10-26T12:13:08+08:00 ] 127.0.0.1 /bambin/index.php?m=Home&c=User&a=login
INFO: [ app_init ] --START--
INFO: Run Behavior\BuildLiteBehavior [ RunTime:0.000049s ]
INFO: [ app_init ] --END-- [ RunTime:0.001002s ]
INFO: [ app_begin ] --START--
INFO: Run Behavior\ReadHtmlCacheBehavior [ RunTime:0.001382s ]
INFO: [ app_begin ] --END-- [ RunTime:0.001552s ]
SQL: SHOW COLUMNS FROM `bm_nav` [ RunTime:0.0079s ]
SQL: SHOW COLUMNS FROM `bm_nav` [ RunTime:0.0069s ]
SQL: SELECT `name`,`url` FROM `bm_nav` WHERE ( is_head=1 ) ORDER BY sort asc  [ RunTime:0.0005s ]
SQL: SHOW COLUMNS FROM `bm_myinfor` [ RunTime:0.0070s ]
SQL: SELECT `copyright`,`address` FROM `bm_myinfor` WHERE ( id=1 ) LIMIT 1   [ RunTime:0.0004s ]
SQL: SHOW COLUMNS FROM `bm_user` [ RunTime:0.0048s ]
SQL: SELECT * FROM `bm_user` WHERE ( name='admin' and pwd='f4c41a648910125f71aee69badcc22ca' ) LIMIT 1   [ RunTime:0.0003s ]
INFO: [ view_parse ] --START--
INFO: [ template_filter ] --START--
INFO: Run Behavior\ContentReplaceBehavior [ RunTime:0.000075s ]
INFO: [ template_filter ] --END-- [ RunTime:0.000167s ]
INFO: Run Behavior\ParseTemplateBehavior [ RunTime:0.009284s ]
INFO: [ view_parse ] --END-- [ RunTime:0.009376s ]
INFO: [ view_filter ] --START--
INFO: Run Behavior\WriteHtmlCacheBehavior [ RunTime:0.000631s ]
INFO: [ view_filter ] --END-- [ RunTime:0.000702s ]

[ 2016-10-26T12:13:12+08:00 ] 127.0.0.1 /bambin/index.php?m=Home&c=User&a=login
INFO: [ app_init ] --START--
INFO: Run Behavior\BuildLiteBehavior [ RunTime:0.000046s ]
INFO: [ app_init ] --END-- [ RunTime:0.001116s ]
INFO: [ app_begin ] --START--
INFO: Run Behavior\ReadHtmlCacheBehavior [ RunTime:0.000906s ]
INFO: [ app_begin ] --END-- [ RunTime:0.001000s ]
SQL: SHOW COLUMNS FROM `bm_nav` [ RunTime:0.0053s ]
SQL: SHOW COLUMNS FROM `bm_nav` [ RunTime:0.0044s ]
SQL: SELECT `name`,`url` FROM `bm_nav` WHERE ( is_head=1 ) ORDER BY sort asc  [ RunTime:0.0008s ]
SQL: SHOW COLUMNS FROM `bm_myinfor` [ RunTime:0.0043s ]
SQL: SELECT `copyright`,`address` FROM `bm_myinfor` WHERE ( id=1 ) LIMIT 1   [ RunTime:0.0003s ]
INFO: [ view_parse ] --START--
INFO: [ template_filter ] --START--
INFO: Run Behavior\ContentReplaceBehavior [ RunTime:0.000087s ]
INFO: [ template_filter ] --END-- [ RunTime:0.000180s ]
INFO: Run Behavior\ParseTemplateBehavior [ RunTime:0.011994s ]
INFO: [ view_parse ] --END-- [ RunTime:0.012095s ]
INFO: [ view_filter ] --START--
INFO: Run Behavior\WriteHtmlCacheBehavior [ RunTime:0.000702s ]
INFO: [ view_filter ] --END-- [ RunTime:0.000778s ]
INFO: [ app_end ] --START--
INFO: Run Behavior\ShowPageTraceBehavior [ RunTime:0.001067s ]
INFO: [ app_end ] --END-- [ RunTime:0.001149s ]

[ 2016-10-26T12:13:18+08:00 ] 127.0.0.1 /bambin/index.php?m=Home&c=User&a=login
INFO: [ app_init ] --START--
INFO: Run Behavior\BuildLiteBehavior [ RunTime:0.000027s ]
INFO: [ app_init ] --END-- [ RunTime:0.000644s ]
INFO: [ app_begin ] --START--
INFO: Run Behavior\ReadHtmlCacheBehavior [ RunTime:0.001397s ]
INFO: [ app_begin ] --END-- [ RunTime:0.001683s ]
SQL: SHOW COLUMNS FROM `bm_nav` [ RunTime:0.0040s ]
SQL: SHOW COLUMNS FROM `bm_nav` [ RunTime:0.0037s ]
SQL: SELECT `name`,`url` FROM `bm_nav` WHERE ( is_head=1 ) ORDER BY sort asc  [ RunTime:0.0003s ]
SQL: SHOW COLUMNS FROM `bm_myinfor` [ RunTime:0.0038s ]
SQL: SELECT `copyright`,`address` FROM `bm_myinfor` WHERE ( id=1 ) LIMIT 1   [ RunTime:0.0003s ]
SQL: SHOW COLUMNS FROM `bm_user` [ RunTime:0.0033s ]
SQL: SELECT * FROM `bm_user` WHERE ( name='adming' and pwd='f4c41a648910125f71aee69badcc22ca' ) LIMIT 1   [ RunTime:0.0003s ]
INFO: [ view_parse ] --START--
INFO: [ template_filter ] --START--
INFO: Run Behavior\ContentReplaceBehavior [ RunTime:0.000071s ]
INFO: [ template_filter ] --END-- [ RunTime:0.000166s ]
INFO: Run Behavior\ParseTemplateBehavior [ RunTime:0.009889s ]
INFO: [ view_parse ] --END-- [ RunTime:0.009981s ]
INFO: [ view_filter ] --START--
INFO: Run Behavior\WriteHtmlCacheBehavior [ RunTime:0.000677s ]
INFO: [ view_filter ] --END-- [ RunTime:0.000753s ]
INFO: [ app_end ] --START--
INFO: Run Behavior\ShowPageTraceBehavior [ RunTime:0.000904s ]
INFO: [ app_end ] --END-- [ RunTime:0.000975s ]

[ 2016-10-26T12:13:20+08:00 ] 127.0.0.1 /bambin/index.php?m=Home&c=Member&a=index
INFO: [ app_init ] --START--
INFO: Run Behavior\BuildLiteBehavior [ RunTime:0.000030s ]
INFO: [ app_init ] --END-- [ RunTime:0.000569s ]
INFO: [ app_begin ] --START--
INFO: Run Behavior\ReadHtmlCacheBehavior [ RunTime:0.001060s ]
INFO: [ app_begin ] --END-- [ RunTime:0.001167s ]
SQL: SHOW COLUMNS FROM `bm_nav` [ RunTime:0.0042s ]
SQL: SHOW COLUMNS FROM `bm_nav` [ RunTime:0.0056s ]
SQL: SELECT `name`,`url` FROM `bm_nav` WHERE ( is_head=1 ) ORDER BY sort asc  [ RunTime:0.0004s ]
SQL: SHOW COLUMNS FROM `bm_myinfor` [ RunTime:0.0038s ]
SQL: SELECT `copyright`,`address` FROM `bm_myinfor` WHERE ( id=1 ) LIMIT 1   [ RunTime:0.0005s ]
SQL: SHOW COLUMNS FROM `bm_userside` [ RunTime:0.0065s ]
SQL: SHOW COLUMNS FROM `bm_userside` [ RunTime:0.0038s ]
SQL: SELECT `id`,`name`,`url` FROM `bm_userside` WHERE ( pid=0 ) ORDER BY sort asc  [ RunTime:0.0006s ]
SQL: SELECT `id`,`name`,`url` FROM `bm_userside` WHERE ( pid=1 ) ORDER BY sort asc  [ RunTime:0.0002s ]
SQL: SELECT `id`,`name`,`url` FROM `bm_userside` WHERE ( pid=2 ) ORDER BY sort asc  [ RunTime:0.0002s ]
SQL: SELECT `id`,`name`,`url` FROM `bm_userside` WHERE ( pid=5 ) ORDER BY sort asc  [ RunTime:0.0002s ]
SQL: SELECT `id`,`name`,`url` FROM `bm_userside` WHERE ( pid=6 ) ORDER BY sort asc  [ RunTime:0.0002s ]
SQL: SELECT `id`,`name`,`url` FROM `bm_userside` WHERE ( pid=7 ) ORDER BY sort asc  [ RunTime:0.0005s ]
SQL: SHOW COLUMNS FROM `bm_goods_collect` [ RunTime:0.0035s ]
SQL: SELECT * FROM `bm_goods_collect` WHERE ( user_id=21 ) ORDER BY time desc  [ RunTime:0.0003s ]
SQL: SHOW COLUMNS FROM `bm_goods` [ RunTime:0.0043s ]
INFO: [ view_parse ] --START--
INFO: [ template_filter ] --START--
INFO: Run Behavior\ContentReplaceBehavior [ RunTime:0.000116s ]
INFO: [ template_filter ] --END-- [ RunTime:0.000208s ]
NOTIC: [8] Undefined variable: trends D:\wamp\www\bambin\Application\Runtime\Cache\Home\fdc24d97de08be5342dd939702a23904.php 第 98 行.
NOTIC: [8] Undefined variable: like D:\wamp\www\bambin\Application\Runtime\Cache\Home\fdc24d97de08be5342dd939702a23904.php 第 124 行.
INFO: Run Behavior\ParseTemplateBehavior [ RunTime:0.024333s ]
INFO: [ view_parse ] --END-- [ RunTime:0.024418s ]
INFO: [ view_filter ] --START--
INFO: Run Behavior\WriteHtmlCacheBehavior [ RunTime:0.002228s ]
INFO: [ view_filter ] --END-- [ RunTime:0.002650s ]
INFO: [ app_end ] --START--
INFO: Run Behavior\ShowPageTraceBehavior [ RunTime:0.001596s ]
INFO: [ app_end ] --END-- [ RunTime:0.001681s ]

[ 2016-10-26T12:16:26+08:00 ] 127.0.0.1 /bambin/index.php?m=Home&c=Buy&a=cart
INFO: [ app_init ] --START--
INFO: Run Behavior\BuildLiteBehavior [ RunTime:0.000021s ]
INFO: [ app_init ] --END-- [ RunTime:0.000523s ]
INFO: [ app_begin ] --START--
INFO: Run Behavior\ReadHtmlCacheBehavior [ RunTime:0.000923s ]
INFO: [ app_begin ] --END-- [ RunTime:0.001014s ]
SQL: SHOW COLUMNS FROM `bm_nav` [ RunTime:0.0069s ]
SQL: SHOW COLUMNS FROM `bm_nav` [ RunTime:0.0061s ]
SQL: SELECT `name`,`url` FROM `bm_nav` WHERE ( is_head=1 ) ORDER BY sort asc  [ RunTime:0.0005s ]
SQL: SHOW COLUMNS FROM `bm_myinfor` [ RunTime:0.0068s ]
SQL: SELECT `copyright`,`address` FROM `bm_myinfor` WHERE ( id=1 ) LIMIT 1   [ RunTime:0.0007s ]
SQL: SHOW COLUMNS FROM `bm_user` [ RunTime:0.0038s ]
SQL: SHOW COLUMNS FROM `bm_user_detail` [ RunTime:0.0191s ]
SQL: SELECT user.id AS id,user.name AS name,user_detail.head_img AS head_img,user_detail.integral AS integral FROM bm_user user  JOIN bm_user_detail user_detail ON user.id = user_detail.user_id WHERE ( user.id=21 ) LIMIT 1   [ RunTime:0.0006s ]
SQL: SHOW COLUMNS FROM `bm_userside` [ RunTime:0.0040s ]
SQL: SHOW COLUMNS FROM `bm_userside` [ RunTime:0.0035s ]
SQL: SELECT `id`,`name`,`url` FROM `bm_userside` WHERE ( pid=0 ) ORDER BY sort asc  [ RunTime:0.0003s ]
SQL: SELECT `id`,`name`,`url` FROM `bm_userside` WHERE ( pid=1 ) ORDER BY sort asc  [ RunTime:0.0002s ]
SQL: SELECT `id`,`name`,`url` FROM `bm_userside` WHERE ( pid=2 ) ORDER BY sort asc  [ RunTime:0.0002s ]
SQL: SELECT `id`,`name`,`url` FROM `bm_userside` WHERE ( pid=5 ) ORDER BY sort asc  [ RunTime:0.0002s ]
SQL: SELECT `id`,`name`,`url` FROM `bm_userside` WHERE ( pid=6 ) ORDER BY sort asc  [ RunTime:0.0005s ]
SQL: SELECT `id`,`name`,`url` FROM `bm_userside` WHERE ( pid=7 ) ORDER BY sort asc  [ RunTime:0.0003s ]
SQL: SHOW COLUMNS FROM `bm_cart` [ RunTime:0.0061s ]
SQL: SHOW COLUMNS FROM `bm_goods` [ RunTime:0.0036s ]
SQL: SHOW COLUMNS FROM `bm_goods_detail` [ RunTime:0.0288s ]
SQL: SELECT cart.id AS id,cart.goods_id AS goods_id,cart.num AS num,cart.time AS time,goods.img_thumb AS img_thumb,goods.name AS name,goods.standard AS standard,goods.sale_price AS sale_price,goods.inventory AS inventory,goods_detail.send_price AS send_price FROM bm_cart cart  JOIN bm_goods goods ON cart.goods_id=goods.id  JOIN bm_goods_detail goods_detail ON goods_detail.goods_id = cart.goods_id WHERE ( user_id=21 )  [ RunTime:0.0053s ]
INFO: [ view_parse ] --START--
INFO: [ template_filter ] --START--
INFO: Run Behavior\ContentReplaceBehavior [ RunTime:0.000148s ]
INFO: [ template_filter ] --END-- [ RunTime:0.000239s ]
INFO: Run Behavior\ParseTemplateBehavior [ RunTime:0.021055s ]
INFO: [ view_parse ] --END-- [ RunTime:0.021146s ]
INFO: [ view_filter ] --START--
INFO: Run Behavior\WriteHtmlCacheBehavior [ RunTime:0.000677s ]
INFO: [ view_filter ] --END-- [ RunTime:0.000754s ]
INFO: [ app_end ] --START--
INFO: Run Behavior\ShowPageTraceBehavior [ RunTime:0.000823s ]
INFO: [ app_end ] --END-- [ RunTime:0.000906s ]

[ 2016-10-26T12:16:31+08:00 ] 127.0.0.1 /bambin/index.php?m=Home&c=Buy&a=cart
INFO: [ app_init ] --START--
INFO: Run Behavior\BuildLiteBehavior [ RunTime:0.000021s ]
INFO: [ app_init ] --END-- [ RunTime:0.000488s ]
INFO: [ app_begin ] --START--
INFO: Run Behavior\ReadHtmlCacheBehavior [ RunTime:0.000927s ]
INFO: [ app_begin ] --END-- [ RunTime:0.001018s ]
SQL: SHOW COLUMNS FROM `bm_nav` [ RunTime:0.0075s ]
SQL: SHOW COLUMNS FROM `bm_nav` [ RunTime:0.0069s ]
SQL: SELECT `name`,`url` FROM `bm_nav` WHERE ( is_head=1 ) ORDER BY sort asc  [ RunTime:0.0005s ]
SQL: SHOW COLUMNS FROM `bm_myinfor` [ RunTime:0.0080s ]
SQL: SELECT `copyright`,`address` FROM `bm_myinfor` WHERE ( id=1 ) LIMIT 1   [ RunTime:0.0008s ]
SQL: SHOW COLUMNS FROM `bm_user` [ RunTime:0.0063s ]
SQL: SHOW COLUMNS FROM `bm_user_detail` [ RunTime:0.0067s ]
SQL: SELECT user.id AS id,user.name AS name,user_detail.head_img AS head_img,user_detail.integral AS integral FROM bm_user user  JOIN bm_user_detail user_detail ON user.id = user_detail.user_id WHERE ( user.id=21 ) LIMIT 1   [ RunTime:0.0008s ]
SQL: SHOW COLUMNS FROM `bm_userside` [ RunTime:0.0039s ]
SQL: SHOW COLUMNS FROM `bm_userside` [ RunTime:0.0039s ]
SQL: SELECT `id`,`name`,`url` FROM `bm_userside` WHERE ( pid=0 ) ORDER BY sort asc  [ RunTime:0.0003s ]
SQL: SELECT `id`,`name`,`url` FROM `bm_userside` WHERE ( pid=1 ) ORDER BY sort asc  [ RunTime:0.0002s ]
SQL: SELECT `id`,`name`,`url` FROM `bm_userside` WHERE ( pid=2 ) ORDER BY sort asc  [ RunTime:0.0002s ]
SQL: SELECT `id`,`name`,`url` FROM `bm_userside` WHERE ( pid=5 ) ORDER BY sort asc  [ RunTime:0.0002s ]
SQL: SELECT `id`,`name`,`url` FROM `bm_userside` WHERE ( pid=6 ) ORDER BY sort asc  [ RunTime:0.0002s ]
SQL: SELECT `id`,`name`,`url` FROM `bm_userside` WHERE ( pid=7 ) ORDER BY sort asc  [ RunTime:0.0002s ]
SQL: SHOW COLUMNS FROM `bm_cart` [ RunTime:0.0034s ]
SQL: SHOW COLUMNS FROM `bm_goods` [ RunTime:0.0036s ]
SQL: SHOW COLUMNS FROM `bm_goods_detail` [ RunTime:0.0037s ]
SQL: SELECT cart.id AS id,cart.goods_id AS goods_id,cart.num AS num,cart.time AS time,goods.img_thumb AS img_thumb,goods.name AS name,goods.standard AS standard,goods.sale_price AS sale_price,goods.inventory AS inventory,goods_detail.send_price AS send_price FROM bm_cart cart  JOIN bm_goods goods ON cart.goods_id=goods.id  JOIN bm_goods_detail goods_detail ON goods_detail.goods_id = cart.goods_id WHERE ( user_id=21 )  [ RunTime:0.0004s ]
INFO: [ view_parse ] --START--
INFO: [ template_filter ] --START--
INFO: Run Behavior\ContentReplaceBehavior [ RunTime:0.000132s ]
INFO: [ template_filter ] --END-- [ RunTime:0.000221s ]
INFO: Run Behavior\ParseTemplateBehavior [ RunTime:0.022158s ]
INFO: [ view_parse ] --END-- [ RunTime:0.022247s ]
INFO: [ view_filter ] --START--
INFO: Run Behavior\WriteHtmlCacheBehavior [ RunTime:0.000707s ]
INFO: [ view_filter ] --END-- [ RunTime:0.000782s ]
INFO: [ app_end ] --START--
INFO: Run Behavior\ShowPageTraceBehavior [ RunTime:0.000912s ]
INFO: [ app_end ] --END-- [ RunTime:0.000987s ]

[ 2016-10-26T12:16:37+08:00 ] 127.0.0.1 /bambin/index.php?m=Home&c=Member&a=address
INFO: [ app_init ] --START--
INFO: Run Behavior\BuildLiteBehavior [ RunTime:0.000024s ]
INFO: [ app_init ] --END-- [ RunTime:0.000542s ]
INFO: [ app_begin ] --START--
INFO: Run Behavior\ReadHtmlCacheBehavior [ RunTime:0.001021s ]
INFO: [ app_begin ] --END-- [ RunTime:0.001124s ]
SQL: SHOW COLUMNS FROM `bm_nav` [ RunTime:0.0071s ]
SQL: SHOW COLUMNS FROM `bm_nav` [ RunTime:0.0096s ]
SQL: SELECT `name`,`url` FROM `bm_nav` WHERE ( is_head=1 ) ORDER BY sort asc  [ RunTime:0.0005s ]
SQL: SHOW COLUMNS FROM `bm_myinfor` [ RunTime:0.0065s ]
SQL: SELECT `copyright`,`address` FROM `bm_myinfor` WHERE ( id=1 ) LIMIT 1   [ RunTime:0.0004s ]
SQL: SHOW COLUMNS FROM `bm_userside` [ RunTime:0.0052s ]
SQL: SHOW COLUMNS FROM `bm_userside` [ RunTime:0.0037s ]
SQL: SELECT `id`,`name`,`url` FROM `bm_userside` WHERE ( pid=0 ) ORDER BY sort asc  [ RunTime:0.0003s ]
SQL: SELECT `id`,`name`,`url` FROM `bm_userside` WHERE ( pid=1 ) ORDER BY sort asc  [ RunTime:0.0002s ]
SQL: SELECT `id`,`name`,`url` FROM `bm_userside` WHERE ( pid=2 ) ORDER BY sort asc  [ RunTime:0.0003s ]
SQL: SELECT `id`,`name`,`url` FROM `bm_userside` WHERE ( pid=5 ) ORDER BY sort asc  [ RunTime:0.0005s ]
SQL: SELECT `id`,`name`,`url` FROM `bm_userside` WHERE ( pid=6 ) ORDER BY sort asc  [ RunTime:0.0004s ]
SQL: SELECT `id`,`name`,`url` FROM `bm_userside` WHERE ( pid=7 ) ORDER BY sort asc  [ RunTime:0.0005s ]
SQL: SHOW COLUMNS FROM `bm_region` [ RunTime:0.0206s ]
SQL: SELECT `id`,`name` FROM `bm_region` WHERE ( pid=1 )  [ RunTime:0.0246s ]
SQL: SHOW COLUMNS FROM `bm_address` [ RunTime:0.0195s ]
SQL: SELECT * FROM `bm_address` WHERE ( user_id=21 ) ORDER BY is_default desc  [ RunTime:0.0006s ]
SQL: SELECT * FROM `bm_region` WHERE ( id=1785 ) LIMIT 1   [ RunTime:0.0004s ]
SQL: SELECT * FROM `bm_region` WHERE ( id=212 ) LIMIT 1   [ RunTime:0.0002s ]
SQL: SELECT * FROM `bm_region` WHERE ( id=15 ) LIMIT 1   [ RunTime:0.0002s ]
SQL: SELECT * FROM `bm_region` WHERE ( id=2076 ) LIMIT 1   [ RunTime:0.0004s ]
SQL: SELECT * FROM `bm_region` WHERE ( id=245 ) LIMIT 1   [ RunTime:0.0002s ]
SQL: SELECT * FROM `bm_region` WHERE ( id=18 ) LIMIT 1   [ RunTime:0.0002s ]
INFO: [ view_parse ] --START--
INFO: [ template_filter ] --START--
INFO: Run Behavior\ContentReplaceBehavior [ RunTime:0.000125s ]
INFO: [ template_filter ] --END-- [ RunTime:0.000211s ]
NOTIC: [8] Undefined variable: url D:\wamp\www\bambin\Application\Runtime\Cache\Home\465415a8b63826d72b201390bdd1005c.php 第 113 行.
INFO: Run Behavior\ParseTemplateBehavior [ RunTime:0.035391s ]
INFO: [ view_parse ] --END-- [ RunTime:0.035473s ]
INFO: [ view_filter ] --START--
INFO: Run Behavior\WriteHtmlCacheBehavior [ RunTime:0.000843s ]
INFO: [ view_filter ] --END-- [ RunTime:0.000918s ]
INFO: [ app_end ] --START--
INFO: Run Behavior\ShowPageTraceBehavior [ RunTime:0.000844s ]
INFO: [ app_end ] --END-- [ RunTime:0.000916s ]

[ 2016-10-26T12:16:52+08:00 ] 127.0.0.1 /bambin/index.php?m=Home&c=Member&a=change_default
INFO: [ app_init ] --START--
INFO: Run Behavior\BuildLiteBehavior [ RunTime:0.000021s ]
INFO: [ app_init ] --END-- [ RunTime:0.000494s ]
INFO: [ app_begin ] --START--
INFO: Run Behavior\ReadHtmlCacheBehavior [ RunTime:0.000897s ]
INFO: [ app_begin ] --END-- [ RunTime:0.001000s ]
SQL: SHOW COLUMNS FROM `bm_nav` [ RunTime:0.0071s ]
SQL: SHOW COLUMNS FROM `bm_nav` [ RunTime:0.0068s ]
SQL: SELECT `name`,`url` FROM `bm_nav` WHERE ( is_head=1 ) ORDER BY sort asc  [ RunTime:0.0006s ]
SQL: SHOW COLUMNS FROM `bm_myinfor` [ RunTime:0.0075s ]
SQL: SELECT `copyright`,`address` FROM `bm_myinfor` WHERE ( id=1 ) LIMIT 1   [ RunTime:0.0004s ]
SQL: SHOW COLUMNS FROM `bm_address` [ RunTime:0.0068s ]
SQL: UPDATE `bm_address` SET `is_default`='1' WHERE ( id=11 ) [ RunTime:0.0005s ]
INFO: [ view_parse ] --START--
INFO: [ template_filter ] --START--
INFO: Run Behavior\ContentReplaceBehavior [ RunTime:0.000067s ]
INFO: [ template_filter ] --END-- [ RunTime:0.000154s ]
INFO: Run Behavior\ParseTemplateBehavior [ RunTime:0.011829s ]
INFO: [ view_parse ] --END-- [ RunTime:0.011945s ]
INFO: [ view_filter ] --START--
INFO: Run Behavior\WriteHtmlCacheBehavior [ RunTime:0.000570s ]
INFO: [ view_filter ] --END-- [ RunTime:0.000642s ]
INFO: [ app_end ] --START--
INFO: Run Behavior\ShowPageTraceBehavior [ RunTime:0.000819s ]
INFO: [ app_end ] --END-- [ RunTime:0.000892s ]

[ 2016-10-26T12:16:54+08:00 ] 127.0.0.1 /bambin/index.php?m=Home&c=Member&a=index
INFO: [ app_init ] --START--
INFO: Run Behavior\BuildLiteBehavior [ RunTime:0.000024s ]
INFO: [ app_init ] --END-- [ RunTime:0.000652s ]
INFO: [ app_begin ] --START--
INFO: Run Behavior\ReadHtmlCacheBehavior [ RunTime:0.001249s ]
INFO: [ app_begin ] --END-- [ RunTime:0.001451s ]
SQL: SHOW COLUMNS FROM `bm_nav` [ RunTime:0.0042s ]
SQL: SHOW COLUMNS FROM `bm_nav` [ RunTime:0.0050s ]
SQL: SELECT `name`,`url` FROM `bm_nav` WHERE ( is_head=1 ) ORDER BY sort asc  [ RunTime:0.0008s ]
SQL: SHOW COLUMNS FROM `bm_myinfor` [ RunTime:0.0048s ]
SQL: SELECT `copyright`,`address` FROM `bm_myinfor` WHERE ( id=1 ) LIMIT 1   [ RunTime:0.0005s ]
SQL: SHOW COLUMNS FROM `bm_userside` [ RunTime:0.0043s ]
SQL: SHOW COLUMNS FROM `bm_userside` [ RunTime:0.0039s ]
SQL: SELECT `id`,`name`,`url` FROM `bm_userside` WHERE ( pid=0 ) ORDER BY sort asc  [ RunTime:0.0003s ]
SQL: SELECT `id`,`name`,`url` FROM `bm_userside` WHERE ( pid=1 ) ORDER BY sort asc  [ RunTime:0.0002s ]
SQL: SELECT `id`,`name`,`url` FROM `bm_userside` WHERE ( pid=2 ) ORDER BY sort asc  [ RunTime:0.0002s ]
SQL: SELECT `id`,`name`,`url` FROM `bm_userside` WHERE ( pid=5 ) ORDER BY sort asc  [ RunTime:0.0002s ]
SQL: SELECT `id`,`name`,`url` FROM `bm_userside` WHERE ( pid=6 ) ORDER BY sort asc  [ RunTime:0.0002s ]
SQL: SELECT `id`,`name`,`url` FROM `bm_userside` WHERE ( pid=7 ) ORDER BY sort asc  [ RunTime:0.0002s ]
SQL: SHOW COLUMNS FROM `bm_goods_collect` [ RunTime:0.0035s ]
SQL: SELECT * FROM `bm_goods_collect` WHERE ( user_id=21 ) ORDER BY time desc  [ RunTime:0.0003s ]
SQL: SHOW COLUMNS FROM `bm_goods` [ RunTime:0.0039s ]
INFO: [ view_parse ] --START--
INFO: [ template_filter ] --START--
INFO: Run Behavior\ContentReplaceBehavior [ RunTime:0.000113s ]
INFO: [ template_filter ] --END-- [ RunTime:0.000198s ]
NOTIC: [8] Undefined variable: trends D:\wamp\www\bambin\Application\Runtime\Cache\Home\fdc24d97de08be5342dd939702a23904.php 第 98 行.
NOTIC: [8] Undefined variable: like D:\wamp\www\bambin\Application\Runtime\Cache\Home\fdc24d97de08be5342dd939702a23904.php 第 124 行.
INFO: Run Behavior\ParseTemplateBehavior [ RunTime:0.020975s ]
INFO: [ view_parse ] --END-- [ RunTime:0.021065s ]
INFO: [ view_filter ] --START--
INFO: Run Behavior\WriteHtmlCacheBehavior [ RunTime:0.000590s ]
INFO: [ view_filter ] --END-- [ RunTime:0.000660s ]
INFO: [ app_end ] --START--
INFO: Run Behavior\ShowPageTraceBehavior [ RunTime:0.000821s ]
INFO: [ app_end ] --END-- [ RunTime:0.000894s ]

[ 2016-10-26T12:16:59+08:00 ] 127.0.0.1 /bambin/index.php?m=Home&c=Member&a=changePwd
INFO: [ app_init ] --START--
INFO: Run Behavior\BuildLiteBehavior [ RunTime:0.000024s ]
INFO: [ app_init ] --END-- [ RunTime:0.000593s ]
INFO: [ app_begin ] --START--
INFO: Run Behavior\ReadHtmlCacheBehavior [ RunTime:0.000935s ]
INFO: [ app_begin ] --END-- [ RunTime:0.001047s ]
SQL: SHOW COLUMNS FROM `bm_nav` [ RunTime:0.0042s ]
SQL: SHOW COLUMNS FROM `bm_nav` [ RunTime:0.0046s ]
SQL: SELECT `name`,`url` FROM `bm_nav` WHERE ( is_head=1 ) ORDER BY sort asc  [ RunTime:0.0003s ]
SQL: SHOW COLUMNS FROM `bm_myinfor` [ RunTime:0.0045s ]
SQL: SELECT `copyright`,`address` FROM `bm_myinfor` WHERE ( id=1 ) LIMIT 1   [ RunTime:0.0003s ]
SQL: SHOW COLUMNS FROM `bm_userside` [ RunTime:0.0038s ]
SQL: SHOW COLUMNS FROM `bm_userside` [ RunTime:0.0035s ]
SQL: SELECT `id`,`name`,`url` FROM `bm_userside` WHERE ( pid=0 ) ORDER BY sort asc  [ RunTime:0.0004s ]
SQL: SELECT `id`,`name`,`url` FROM `bm_userside` WHERE ( pid=1 ) ORDER BY sort asc  [ RunTime:0.0004s ]
SQL: SELECT `id`,`name`,`url` FROM `bm_userside` WHERE ( pid=2 ) ORDER BY sort asc  [ RunTime:0.0005s ]
SQL: SELECT `id`,`name`,`url` FROM `bm_userside` WHERE ( pid=5 ) ORDER BY sort asc  [ RunTime:0.0005s ]
SQL: SELECT `id`,`name`,`url` FROM `bm_userside` WHERE ( pid=6 ) ORDER BY sort asc  [ RunTime:0.0002s ]
SQL: SELECT `id`,`name`,`url` FROM `bm_userside` WHERE ( pid=7 ) ORDER BY sort asc  [ RunTime:0.0002s ]
INFO: [ view_parse ] --START--
INFO: [ template_filter ] --START--
INFO: Run Behavior\ContentReplaceBehavior [ RunTime:0.000114s ]
INFO: [ template_filter ] --END-- [ RunTime:0.000200s ]
INFO: Run Behavior\ParseTemplateBehavior [ RunTime:0.047535s ]
INFO: [ view_parse ] --END-- [ RunTime:0.047629s ]
INFO: [ view_filter ] --START--
INFO: Run Behavior\WriteHtmlCacheBehavior [ RunTime:0.000625s ]
INFO: [ view_filter ] --END-- [ RunTime:0.000695s ]
INFO: [ app_end ] --START--
INFO: Run Behavior\ShowPageTraceBehavior [ RunTime:0.000820s ]
INFO: [ app_end ] --END-- [ RunTime:0.000891s ]

[ 2016-10-26T12:17:01+08:00 ] 127.0.0.1 /bambin/index.php?m=Home&c=Member&a=verify
INFO: [ app_init ] --START--
INFO: Run Behavior\BuildLiteBehavior [ RunTime:0.000025s ]
INFO: [ app_init ] --END-- [ RunTime:0.000730s ]
INFO: [ app_begin ] --START--
INFO: Run Behavior\ReadHtmlCacheBehavior [ RunTime:0.002201s ]
INFO: [ app_begin ] --END-- [ RunTime:0.002316s ]
SQL: SHOW COLUMNS FROM `bm_nav` [ RunTime:0.0069s ]
SQL: SHOW COLUMNS FROM `bm_nav` [ RunTime:0.0075s ]
SQL: SELECT `name`,`url` FROM `bm_nav` WHERE ( is_head=1 ) ORDER BY sort asc  [ RunTime:0.0005s ]
SQL: SHOW COLUMNS FROM `bm_myinfor` [ RunTime:0.0059s ]
SQL: SELECT `copyright`,`address` FROM `bm_myinfor` WHERE ( id=1 ) LIMIT 1   [ RunTime:0.0005s ]
INFO: [ app_end ] --START--
INFO: Run Behavior\ShowPageTraceBehavior [ RunTime:0.001667s ]
INFO: [ app_end ] --END-- [ RunTime:0.001828s ]

