[ 2016-03-28T14:43:06+08:00 ] 118.112.56.51 /bambin/index.php?m=Admin&c=Index&a=index
INFO: [ app_init ] --START--
INFO: Run Behavior\BuildLiteBehavior [ RunTime:0.000025s ]
INFO: [ app_init ] --END-- [ RunTime:0.000504s ]
INFO: [ app_begin ] --START--
INFO: Run Behavior\ReadHtmlCacheBehavior [ RunTime:0.000511s ]
INFO: [ app_begin ] --END-- [ RunTime:0.000583s ]
INFO: [ view_parse ] --START--
INFO: [ template_filter ] --START--
INFO: Run Behavior\ContentReplaceBehavior [ RunTime:0.000058s ]
INFO: [ template_filter ] --END-- [ RunTime:0.000140s ]
INFO: Run Behavior\ParseTemplateBehavior [ RunTime:0.045862s ]
INFO: [ view_parse ] --END-- [ RunTime:0.046002s ]
INFO: [ view_filter ] --START--
INFO: Run Behavior\WriteHtmlCacheBehavior [ RunTime:0.000269s ]
INFO: [ view_filter ] --END-- [ RunTime:0.000344s ]
INFO: [ app_end ] --START--
INFO: Run Behavior\ShowPageTraceBehavior [ RunTime:0.000751s ]
INFO: [ app_end ] --END-- [ RunTime:0.000826s ]

[ 2016-03-28T14:43:07+08:00 ] 118.112.56.51 /bambin/index.php?m=Admin&c=Login&a=verify
INFO: [ app_init ] --START--
INFO: Run Behavior\BuildLiteBehavior [ RunTime:0.000026s ]
INFO: [ app_init ] --END-- [ RunTime:0.000523s ]
INFO: [ app_begin ] --START--
INFO: Run Behavior\ReadHtmlCacheBehavior [ RunTime:0.000650s ]
INFO: [ app_begin ] --END-- [ RunTime:0.000796s ]
INFO: [ app_end ] --START--
INFO: Run Behavior\ShowPageTraceBehavior [ RunTime:0.000742s ]
INFO: [ app_end ] --END-- [ RunTime:0.000849s ]

[ 2016-03-28T14:43:13+08:00 ] 118.112.56.51 /bambin/index.php?m=Admin&c=Login&a=index
INFO: [ app_init ] --START--
INFO: Run Behavior\BuildLiteBehavior [ RunTime:0.000024s ]
INFO: [ app_init ] --END-- [ RunTime:0.000367s ]
INFO: [ app_begin ] --START--
INFO: Run Behavior\ReadHtmlCacheBehavior [ RunTime:0.000506s ]
INFO: [ app_begin ] --END-- [ RunTime:0.000573s ]
SQL: SHOW COLUMNS FROM `bm_admin` [ RunTime:0.0011s ]
SQL: SELECT * FROM `bm_admin` WHERE ( name='admin' and pwd='0e1feaaea2ce7c7fdff4d83eed861f09' ) LIMIT 1   [ RunTime:0.0003s ]
INFO: [ view_parse ] --START--
INFO: [ template_filter ] --START--
INFO: Run Behavior\ContentReplaceBehavior [ RunTime:0.000074s ]
INFO: [ template_filter ] --END-- [ RunTime:0.000167s ]
INFO: Run Behavior\ParseTemplateBehavior [ RunTime:0.023282s ]
INFO: [ view_parse ] --END-- [ RunTime:0.023387s ]
INFO: [ view_filter ] --START--
INFO: Run Behavior\WriteHtmlCacheBehavior [ RunTime:0.000276s ]
INFO: [ view_filter ] --END-- [ RunTime:0.000335s ]
INFO: [ app_end ] --START--
INFO: Run Behavior\ShowPageTraceBehavior [ RunTime:0.000605s ]
INFO: [ app_end ] --END-- [ RunTime:0.000673s ]

[ 2016-03-28T14:43:14+08:00 ] 118.112.56.51 /bambin/index.php?m=Admin&c=Index&a=index
INFO: [ app_init ] --START--
INFO: Run Behavior\BuildLiteBehavior [ RunTime:0.000026s ]
INFO: [ app_init ] --END-- [ RunTime:0.000463s ]
INFO: [ app_begin ] --START--
INFO: Run Behavior\ReadHtmlCacheBehavior [ RunTime:0.000622s ]
INFO: [ app_begin ] --END-- [ RunTime:0.000693s ]
SQL: SHOW COLUMNS FROM `bm_power` [ RunTime:0.0010s ]
SQL: SELECT `role` FROM `bm_power` WHERE ( id =2 ) LIMIT 1   [ RunTime:0.0142s ]
INFO: [ view_parse ] --START--
INFO: [ template_filter ] --START--
INFO: Run Behavior\ContentReplaceBehavior [ RunTime:0.000068s ]
INFO: [ template_filter ] --END-- [ RunTime:0.000137s ]
INFO: Run Behavior\ParseTemplateBehavior [ RunTime:0.026864s ]
INFO: [ view_parse ] --END-- [ RunTime:0.026957s ]
INFO: [ view_filter ] --START--
INFO: Run Behavior\WriteHtmlCacheBehavior [ RunTime:0.000137s ]
INFO: [ view_filter ] --END-- [ RunTime:0.000174s ]
INFO: [ app_end ] --START--
INFO: Run Behavior\ShowPageTraceBehavior [ RunTime:0.000476s ]
INFO: [ app_end ] --END-- [ RunTime:0.000530s ]

[ 2016-03-28T14:43:15+08:00 ] 118.112.56.51 /bambin/index.php?m=Admin&c=Index&a=welcome
INFO: [ app_init ] --START--
INFO: Run Behavior\BuildLiteBehavior [ RunTime:0.000021s ]
INFO: [ app_init ] --END-- [ RunTime:0.000318s ]
INFO: [ app_begin ] --START--
INFO: Run Behavior\ReadHtmlCacheBehavior [ RunTime:0.000376s ]
INFO: [ app_begin ] --END-- [ RunTime:0.000427s ]
INFO: [ view_parse ] --START--
INFO: [ template_filter ] --START--
INFO: Run Behavior\ContentReplaceBehavior [ RunTime:0.000046s ]
INFO: [ template_filter ] --END-- [ RunTime:0.000107s ]
INFO: Run Behavior\ParseTemplateBehavior [ RunTime:0.006643s ]
INFO: [ view_parse ] --END-- [ RunTime:0.006703s ]
INFO: [ view_filter ] --START--
INFO: Run Behavior\WriteHtmlCacheBehavior [ RunTime:0.000123s ]
INFO: [ view_filter ] --END-- [ RunTime:0.000159s ]
INFO: [ app_end ] --START--
INFO: Run Behavior\ShowPageTraceBehavior [ RunTime:0.000614s ]
INFO: [ app_end ] --END-- [ RunTime:0.000683s ]

[ 2016-03-28T14:43:19+08:00 ] 118.112.56.51 /bambin/index.php?m=Admin&c=Nav&a=index
INFO: [ app_init ] --START--
INFO: Run Behavior\BuildLiteBehavior [ RunTime:0.000024s ]
INFO: [ app_init ] --END-- [ RunTime:0.000424s ]
INFO: [ app_begin ] --START--
INFO: Run Behavior\ReadHtmlCacheBehavior [ RunTime:0.000792s ]
INFO: [ app_begin ] --END-- [ RunTime:0.000876s ]
SQL: SHOW COLUMNS FROM `bm_nav` [ RunTime:0.0010s ]
SQL: SHOW COLUMNS FROM `bm_nav` [ RunTime:0.0005s ]
NOTIC: [2] Invalid argument supplied for foreach() /mnt/www/web/e005151611/public_html/bambin/ThinkPHP/Library/Think/Db/Driver.class.php 第 504 行.
SQL: SELECT * FROM `bm_nav`  [ RunTime:0.0002s ]
INFO: [ view_parse ] --START--
INFO: [ template_filter ] --START--
INFO: Run Behavior\ContentReplaceBehavior [ RunTime:0.000071s ]
INFO: [ template_filter ] --END-- [ RunTime:0.000158s ]
INFO: Run Behavior\ParseTemplateBehavior [ RunTime:0.034360s ]
INFO: [ view_parse ] --END-- [ RunTime:0.034475s ]
INFO: [ view_filter ] --START--
INFO: Run Behavior\WriteHtmlCacheBehavior [ RunTime:0.000262s ]
INFO: [ view_filter ] --END-- [ RunTime:0.000328s ]
INFO: [ app_end ] --START--
INFO: Run Behavior\ShowPageTraceBehavior [ RunTime:0.000653s ]
INFO: [ app_end ] --END-- [ RunTime:0.000719s ]

[ 2016-03-28T14:43:21+08:00 ] 118.112.56.51 /bambin/index.php?m=Admin&c=Userside&a=index
INFO: [ app_init ] --START--
INFO: Run Behavior\BuildLiteBehavior [ RunTime:0.000022s ]
INFO: [ app_init ] --END-- [ RunTime:0.000394s ]
INFO: [ app_begin ] --START--
INFO: Run Behavior\ReadHtmlCacheBehavior [ RunTime:0.000614s ]
INFO: [ app_begin ] --END-- [ RunTime:0.000674s ]
SQL: SHOW COLUMNS FROM `bm_userside` [ RunTime:0.0009s ]
SQL: SHOW COLUMNS FROM `bm_userside` [ RunTime:0.0004s ]
SQL: SELECT * FROM `bm_userside` WHERE ( pid=0 )  [ RunTime:0.0015s ]
SQL: SELECT * FROM `bm_userside` WHERE ( pid=1 )  [ RunTime:0.0002s ]
SQL: SELECT * FROM `bm_userside` WHERE ( pid=2 )  [ RunTime:0.0002s ]
SQL: SELECT * FROM `bm_userside` WHERE ( pid=5 )  [ RunTime:0.0002s ]
SQL: SELECT * FROM `bm_userside` WHERE ( pid=6 )  [ RunTime:0.0002s ]
SQL: SELECT * FROM `bm_userside` WHERE ( pid=7 )  [ RunTime:0.0002s ]
INFO: [ view_parse ] --START--
INFO: [ template_filter ] --START--
INFO: Run Behavior\ContentReplaceBehavior [ RunTime:0.000095s ]
INFO: [ template_filter ] --END-- [ RunTime:0.000204s ]
INFO: Run Behavior\ParseTemplateBehavior [ RunTime:0.023069s ]
INFO: [ view_parse ] --END-- [ RunTime:0.023181s ]
INFO: [ view_filter ] --START--
INFO: Run Behavior\WriteHtmlCacheBehavior [ RunTime:0.000237s ]
INFO: [ view_filter ] --END-- [ RunTime:0.000301s ]
INFO: [ app_end ] --START--
INFO: Run Behavior\ShowPageTraceBehavior [ RunTime:0.000727s ]
INFO: [ app_end ] --END-- [ RunTime:0.000787s ]

[ 2016-03-28T14:43:22+08:00 ] 118.112.56.51 /bambin/index.php?m=Admin&c=News&a=index
INFO: [ app_init ] --START--
INFO: Run Behavior\BuildLiteBehavior [ RunTime:0.000017s ]
INFO: [ app_init ] --END-- [ RunTime:0.000301s ]
INFO: [ app_begin ] --START--
INFO: Run Behavior\ReadHtmlCacheBehavior [ RunTime:0.000381s ]
INFO: [ app_begin ] --END-- [ RunTime:0.000428s ]
SQL: SHOW COLUMNS FROM `bm_news` [ RunTime:0.0009s ]
SQL: SELECT * FROM `bm_news`  [ RunTime:0.0002s ]
INFO: [ view_parse ] --START--
INFO: [ template_filter ] --START--
INFO: Run Behavior\ContentReplaceBehavior [ RunTime:0.000058s ]
INFO: [ template_filter ] --END-- [ RunTime:0.000128s ]
INFO: Run Behavior\ParseTemplateBehavior [ RunTime:0.024863s ]
INFO: [ view_parse ] --END-- [ RunTime:0.025005s ]
INFO: [ view_filter ] --START--
INFO: Run Behavior\WriteHtmlCacheBehavior [ RunTime:0.000127s ]
INFO: [ view_filter ] --END-- [ RunTime:0.000163s ]
INFO: [ app_end ] --START--
INFO: Run Behavior\ShowPageTraceBehavior [ RunTime:0.000482s ]
INFO: [ app_end ] --END-- [ RunTime:0.000532s ]

[ 2016-03-28T14:43:24+08:00 ] 118.112.56.51 /bambin/index.php?m=Admin&c=Goods&a=index
INFO: [ app_init ] --START--
INFO: Run Behavior\BuildLiteBehavior [ RunTime:0.000017s ]
INFO: [ app_init ] --END-- [ RunTime:0.000399s ]
INFO: [ app_begin ] --START--
INFO: Run Behavior\ReadHtmlCacheBehavior [ RunTime:0.000504s ]
INFO: [ app_begin ] --END-- [ RunTime:0.000560s ]
SQL: SHOW COLUMNS FROM `bm_goods` [ RunTime:0.0009s ]
SQL: SHOW COLUMNS FROM `bm_goods_detail` [ RunTime:0.0007s ]
SQL: SELECT goods.id AS id,goods.name AS name,goods.img_thumb AS img_thumb,goods.sale_price AS sale_price,goods.inventory AS inventory,goods.is_show AS is_show,goods_detail.name_all AS name_all FROM bm_goods goods  JOIN bm_goods_detail goods_detail ON goods_detail.goods_id=goods.id  [ RunTime:0.0004s ]
INFO: [ view_parse ] --START--
INFO: [ template_filter ] --START--
INFO: Run Behavior\ContentReplaceBehavior [ RunTime:0.000107s ]
INFO: [ template_filter ] --END-- [ RunTime:0.000209s ]
INFO: Run Behavior\ParseTemplateBehavior [ RunTime:0.024809s ]
INFO: [ view_parse ] --END-- [ RunTime:0.024895s ]
INFO: [ view_filter ] --START--
INFO: Run Behavior\WriteHtmlCacheBehavior [ RunTime:0.000167s ]
INFO: [ view_filter ] --END-- [ RunTime:0.000210s ]
INFO: [ app_end ] --START--
INFO: Run Behavior\ShowPageTraceBehavior [ RunTime:0.000580s ]
INFO: [ app_end ] --END-- [ RunTime:0.000633s ]

[ 2016-03-28T14:43:31+08:00 ] 118.112.56.51 /bambin/index.php?m=Admin&c=Order&a=index
INFO: [ app_init ] --START--
INFO: Run Behavior\BuildLiteBehavior [ RunTime:0.000026s ]
INFO: [ app_init ] --END-- [ RunTime:0.000521s ]
INFO: [ app_begin ] --START--
INFO: Run Behavior\ReadHtmlCacheBehavior [ RunTime:0.000494s ]
INFO: [ app_begin ] --END-- [ RunTime:0.000541s ]
SQL: SHOW COLUMNS FROM `bm_order` [ RunTime:0.0008s ]
SQL: SELECT * FROM `bm_order`  [ RunTime:0.0257s ]
SQL: SHOW COLUMNS FROM `bm_region` [ RunTime:0.0009s ]
SQL: SELECT * FROM `bm_region` WHERE ( id=1428 ) LIMIT 1   [ RunTime:0.0152s ]
SQL: SELECT * FROM `bm_region` WHERE ( id=167 ) LIMIT 1   [ RunTime:0.0104s ]
SQL: SELECT * FROM `bm_region` WHERE ( id=12 ) LIMIT 1   [ RunTime:0.0004s ]
SQL: SELECT * FROM `bm_region` WHERE ( id=1428 ) LIMIT 1   [ RunTime:0.0001s ]
SQL: SELECT * FROM `bm_region` WHERE ( id=167 ) LIMIT 1   [ RunTime:0.0001s ]
SQL: SELECT * FROM `bm_region` WHERE ( id=12 ) LIMIT 1   [ RunTime:0.0001s ]
SQL: SELECT * FROM `bm_region` WHERE ( id=1428 ) LIMIT 1   [ RunTime:0.0001s ]
SQL: SELECT * FROM `bm_region` WHERE ( id=167 ) LIMIT 1   [ RunTime:0.0001s ]
SQL: SELECT * FROM `bm_region` WHERE ( id=12 ) LIMIT 1   [ RunTime:0.0001s ]
SQL: SELECT * FROM `bm_region` WHERE ( id=1428 ) LIMIT 1   [ RunTime:0.0001s ]
SQL: SELECT * FROM `bm_region` WHERE ( id=167 ) LIMIT 1   [ RunTime:0.0001s ]
SQL: SELECT * FROM `bm_region` WHERE ( id=12 ) LIMIT 1   [ RunTime:0.0001s ]
SQL: SELECT * FROM `bm_region` WHERE ( id=628 ) LIMIT 1   [ RunTime:0.0013s ]
SQL: SELECT * FROM `bm_region` WHERE ( id=65 ) LIMIT 1   [ RunTime:0.0002s ]
SQL: SELECT * FROM `bm_region` WHERE ( id=5 ) LIMIT 1   [ RunTime:0.0002s ]
SQL: SELECT * FROM `bm_region` WHERE ( id=628 ) LIMIT 1   [ RunTime:0.0001s ]
SQL: SELECT * FROM `bm_region` WHERE ( id=65 ) LIMIT 1   [ RunTime:0.0001s ]
SQL: SELECT * FROM `bm_region` WHERE ( id=5 ) LIMIT 1   [ RunTime:0.0001s ]
SQL: SELECT * FROM `bm_region` WHERE ( id=1785 ) LIMIT 1   [ RunTime:0.0024s ]
SQL: SELECT * FROM `bm_region` WHERE ( id=212 ) LIMIT 1   [ RunTime:0.0012s ]
SQL: SELECT * FROM `bm_region` WHERE ( id=15 ) LIMIT 1   [ RunTime:0.0002s ]
INFO: [ view_parse ] --START--
INFO: [ template_filter ] --START--
INFO: Run Behavior\ContentReplaceBehavior [ RunTime:0.000089s ]
INFO: [ template_filter ] --END-- [ RunTime:0.000183s ]
INFO: Run Behavior\ParseTemplateBehavior [ RunTime:0.036165s ]
INFO: [ view_parse ] --END-- [ RunTime:0.036257s ]
INFO: [ view_filter ] --START--
INFO: Run Behavior\WriteHtmlCacheBehavior [ RunTime:0.000192s ]
INFO: [ view_filter ] --END-- [ RunTime:0.000230s ]
INFO: [ app_end ] --START--
INFO: Run Behavior\ShowPageTraceBehavior [ RunTime:0.000529s ]
INFO: [ app_end ] --END-- [ RunTime:0.000617s ]

[ 2016-03-28T14:43:38+08:00 ] 118.112.56.51 /bambin/index.php?m=Admin&c=Admin&a=index
INFO: [ app_init ] --START--
INFO: Run Behavior\BuildLiteBehavior [ RunTime:0.000019s ]
INFO: [ app_init ] --END-- [ RunTime:0.000413s ]
INFO: [ app_begin ] --START--
INFO: Run Behavior\ReadHtmlCacheBehavior [ RunTime:0.000693s ]
INFO: [ app_begin ] --END-- [ RunTime:0.000788s ]
SQL: SHOW COLUMNS FROM `bm_admin` [ RunTime:0.0008s ]
SQL: SHOW COLUMNS FROM `bm_power` [ RunTime:0.0005s ]
SQL: SELECT admin.id AS id,admin.name AS name,power.powername AS powername FROM bm_admin admin  JOIN bm_power power ON power.id = admin.power_id  [ RunTime:0.0004s ]
INFO: [ view_parse ] --START--
INFO: [ template_filter ] --START--
INFO: Run Behavior\ContentReplaceBehavior [ RunTime:0.000060s ]
INFO: [ template_filter ] --END-- [ RunTime:0.000136s ]
INFO: Run Behavior\ParseTemplateBehavior [ RunTime:0.019353s ]
INFO: [ view_parse ] --END-- [ RunTime:0.019437s ]
INFO: [ view_filter ] --START--
INFO: Run Behavior\WriteHtmlCacheBehavior [ RunTime:0.000183s ]
INFO: [ view_filter ] --END-- [ RunTime:0.000246s ]
INFO: [ app_end ] --START--
INFO: Run Behavior\ShowPageTraceBehavior [ RunTime:0.000573s ]
INFO: [ app_end ] --END-- [ RunTime:0.000633s ]

[ 2016-03-28T14:43:38+08:00 ] 118.112.56.51 /bambin/index.php?m=Admin&c=Admin&a=index
INFO: [ app_init ] --START--
INFO: Run Behavior\BuildLiteBehavior [ RunTime:0.000024s ]
INFO: [ app_init ] --END-- [ RunTime:0.000456s ]
INFO: [ app_begin ] --START--
INFO: Run Behavior\ReadHtmlCacheBehavior [ RunTime:0.000605s ]
INFO: [ app_begin ] --END-- [ RunTime:0.000675s ]
SQL: SHOW COLUMNS FROM `bm_admin` [ RunTime:0.0008s ]
SQL: SHOW COLUMNS FROM `bm_power` [ RunTime:0.0004s ]
SQL: SELECT admin.id AS id,admin.name AS name,power.powername AS powername FROM bm_admin admin  JOIN bm_power power ON power.id = admin.power_id  [ RunTime:0.0001s ]
INFO: [ view_parse ] --START--
INFO: [ template_filter ] --START--
INFO: Run Behavior\ContentReplaceBehavior [ RunTime:0.000111s ]
INFO: [ template_filter ] --END-- [ RunTime:0.000210s ]
INFO: Run Behavior\ParseTemplateBehavior [ RunTime:0.009391s ]
INFO: [ view_parse ] --END-- [ RunTime:0.009460s ]
INFO: [ view_filter ] --START--
INFO: Run Behavior\WriteHtmlCacheBehavior [ RunTime:0.000141s ]
INFO: [ view_filter ] --END-- [ RunTime:0.000182s ]
INFO: [ app_end ] --START--
INFO: Run Behavior\ShowPageTraceBehavior [ RunTime:0.000494s ]
INFO: [ app_end ] --END-- [ RunTime:0.000554s ]

[ 2016-03-28T14:43:44+08:00 ] 118.112.56.51 /bambin/index.php?m=Admin&c=Index&a=update
INFO: [ app_init ] --START--
INFO: Run Behavior\BuildLiteBehavior [ RunTime:0.000017s ]
INFO: [ app_init ] --END-- [ RunTime:0.000302s ]
INFO: [ app_begin ] --START--
INFO: Run Behavior\ReadHtmlCacheBehavior [ RunTime:0.000377s ]
INFO: [ app_begin ] --END-- [ RunTime:0.000420s ]
SQL: SHOW COLUMNS FROM `bm_myinfor` [ RunTime:0.0012s ]
SQL: SELECT * FROM `bm_myinfor` LIMIT 1   [ RunTime:0.0002s ]
INFO: [ view_parse ] --START--
INFO: [ template_filter ] --START--
INFO: Run Behavior\ContentReplaceBehavior [ RunTime:0.000061s ]
INFO: [ template_filter ] --END-- [ RunTime:0.000133s ]
INFO: Run Behavior\ParseTemplateBehavior [ RunTime:0.010729s ]
INFO: [ view_parse ] --END-- [ RunTime:0.010785s ]
INFO: [ view_filter ] --START--
INFO: Run Behavior\WriteHtmlCacheBehavior [ RunTime:0.000156s ]
INFO: [ view_filter ] --END-- [ RunTime:0.000194s ]
INFO: [ app_end ] --START--
INFO: Run Behavior\ShowPageTraceBehavior [ RunTime:0.000456s ]
INFO: [ app_end ] --END-- [ RunTime:0.000495s ]

